# JRE version: OpenJDK Runtime Environment Temurin-21.0.8+9 (21.0.8+9) (build 21.0.8+9-LTS)
# Java VM: OpenJDK 64-Bit Server VM Temurin-21.0.8+9 (21.0.8+9-LTS, mixed mode, sharing, tiered, compressed oops, compressed class ptrs, parallel gc, windows-amd64)
GC Precious Log:
 CardTable entry size: 512
 CPUs: 12 total, 12 available
 Memory: 6005M
 Large Page Support: Disabled
 NUMA Support: Disabled
 Compressed Oops: Enabled (32-bit)
 Alignments: Space 512K, Generation 512K, Heap 2M
 Heap Min Capacity: 100M
 Heap Initial Capacity: 100M
 Heap Max Capacity: 2G
 Pre-touch: Disabled
 Parallel Workers: 10
Heap:
 PSYoungGen      total 6656K, used 4800K [0x00000000d5580000, 0x00000000d5e00000, 0x0000000100000000)
  eden space 5632K, 71% used [0x00000000d5580000,0x00000000d5970088,0x00000000d5b00000)
  from space 1024K, 75% used [0x00000000d5d00000,0x00000000d5dc0000,0x00000000d5e00000)
  to   space 1024K, 0% used [0x00000000d5c00000,0x00000000d5c00000,0x00000000d5d00000)
 ParOldGen       total 675840K, used 675551K [0x0000000080000000, 0x00000000a9400000, 0x00000000d5580000)
  object space 675840K, 99% used [0x0000000080000000,0x00000000a93b7f58,0x00000000a9400000)
 Metaspace       used 86027K, committed 87808K, reserved 1179648K
  class space    used 8888K, committed 9664K, reserved 1048576K
GC Heap History (20 events):
Event: 19187.928 GC heap before
{Heap before GC invocations=645 (full 4):
 PSYoungGen      total 6656K, used 6528K [0x00000000d5580000, 0x00000000d5f80000, 0x0000000100000000)
  eden space 5632K, 100% used [0x00000000d5580000,0x00000000d5b00000,0x00000000d5b00000)
  from space 1024K, 87% used [0x00000000d5e80000,0x00000000d5f60000,0x00000000d5f80000)
  to   space 1024K, 0% used [0x00000000d5d80000,0x00000000d5d80000,0x00000000d5e80000)
 ParOldGen       total 669184K, used 668735K [0x0000000080000000, 0x00000000a8d80000, 0x00000000d5580000)
  object space 669184K, 99% used [0x0000000080000000,0x00000000a8d0ff90,0x00000000a8d80000)
 Metaspace       used 85928K, committed 87680K, reserved 1179648K
  class space    used 8888K, committed 9664K, reserved 1048576K
}
Event: 19187.931 GC heap after
{Heap after GC invocations=645 (full 4):
 PSYoungGen      total 6656K, used 528K [0x00000000d5580000, 0x00000000d5f00000, 0x0000000100000000)
  eden space 5632K, 0% used [0x00000000d5580000,0x00000000d5580000,0x00000000d5b00000)
  from space 1024K, 51% used [0x00000000d5d80000,0x00000000d5e04010,0x00000000d5e80000)
  to   space 512K, 0% used [0x00000000d5e80000,0x00000000d5e80000,0x00000000d5f00000)
 ParOldGen       total 669696K, used 669474K [0x0000000080000000, 0x00000000a8e00000, 0x00000000d5580000)
  object space 669696K, 99% used [0x0000000080000000,0x00000000a8dc8970,0x00000000a8e00000)
 Metaspace       used 85928K, committed 87680K, reserved 1179648K
  class space    used 8888K, committed 9664K, reserved 1048576K
}
Event: 19187.984 GC heap before
{Heap before GC invocations=646 (full 4):
 PSYoungGen      total 6656K, used 6160K [0x00000000d5580000, 0x00000000d5f00000, 0x0000000100000000)
  eden space 5632K, 100% used [0x00000000d5580000,0x00000000d5b00000,0x00000000d5b00000)
  from space 1024K, 51% used [0x00000000d5d80000,0x00000000d5e04010,0x00000000d5e80000)
  to   space 512K, 0% used [0x00000000d5e80000,0x00000000d5e80000,0x00000000d5f00000)
 ParOldGen       total 669696K, used 669474K [0x0000000080000000, 0x00000000a8e00000, 0x00000000d5580000)
  object space 669696K, 99% used [0x0000000080000000,0x00000000a8dc8970,0x00000000a8e00000)
 Metaspace       used 85933K, committed 87680K, reserved 1179648K
  class space    used 8888K, committed 9664K, reserved 1048576K
}
Event: 19187.990 GC heap after
{Heap after GC invocations=646 (full 4):
 PSYoungGen      total 6144K, used 502K [0x00000000d5580000, 0x00000000d5f00000, 0x0000000100000000)
  eden space 5632K, 0% used [0x00000000d5580000,0x00000000d5580000,0x00000000d5b00000)
  from space 512K, 98% used [0x00000000d5e80000,0x00000000d5efd980,0x00000000d5f00000)
  to   space 2048K, 0% used [0x00000000d5b00000,0x00000000d5b00000,0x00000000d5d00000)
 ParOldGen       total 670720K, used 670375K [0x0000000080000000, 0x00000000a8f00000, 0x00000000d5580000)
  object space 670720K, 99% used [0x0000000080000000,0x00000000a8ea9d18,0x00000000a8f00000)
 Metaspace       used 85933K, committed 87680K, reserved 1179648K
  class space    used 8888K, committed 9664K, reserved 1048576K
}
Event: 19188.028 GC heap before
{Heap before GC invocations=647 (full 4):
 PSYoungGen      total 6144K, used 6134K [0x00000000d5580000, 0x00000000d5f00000, 0x0000000100000000)
  eden space 5632K, 100% used [0x00000000d5580000,0x00000000d5b00000,0x00000000d5b00000)
  from space 512K, 98% used [0x00000000d5e80000,0x00000000d5efd980,0x00000000d5f00000)
  to   space 2048K, 0% used [0x00000000d5b00000,0x00000000d5b00000,0x00000000d5d00000)
 ParOldGen       total 670720K, used 670375K [0x0000000080000000, 0x00000000a8f00000, 0x00000000d5580000)
  object space 670720K, 99% used [0x0000000080000000,0x00000000a8ea9d18,0x00000000a8f00000)
 Metaspace       used 85936K, committed 87680K, reserved 1179648K
  class space    used 8888K, committed 9664K, reserved 1048576K
}
Event: 19188.030 GC heap after
{Heap after GC invocations=647 (full 4):
 PSYoungGen      total 7680K, used 736K [0x00000000d5580000, 0x00000000d5f00000, 0x0000000100000000)
  eden space 5632K, 0% used [0x00000000d5580000,0x00000000d5580000,0x00000000d5b00000)
  from space 2048K, 35% used [0x00000000d5b00000,0x00000000d5bb8020,0x00000000d5d00000)
  to   space 1024K, 0% used [0x00000000d5e00000,0x00000000d5e00000,0x00000000d5f00000)
 ParOldGen       total 671232K, used 670848K [0x0000000080000000, 0x00000000a8f80000, 0x00000000d5580000)
  object space 671232K, 99% used [0x0000000080000000,0x00000000a8f203b8,0x00000000a8f80000)
 Metaspace       used 85936K, committed 87680K, reserved 1179648K
  class space    used 8888K, committed 9664K, reserved 1048576K
}
Event: 19188.101 GC heap before
{Heap before GC invocations=648 (full 4):
 PSYoungGen      total 7680K, used 6368K [0x00000000d5580000, 0x00000000d5f00000, 0x0000000100000000)
  eden space 5632K, 100% used [0x00000000d5580000,0x00000000d5b00000,0x00000000d5b00000)
  from space 2048K, 35% used [0x00000000d5b00000,0x00000000d5bb8020,0x00000000d5d00000)
  to   space 1024K, 0% used [0x00000000d5e00000,0x00000000d5e00000,0x00000000d5f00000)
 ParOldGen       total 671232K, used 670848K [0x0000000080000000, 0x00000000a8f80000, 0x00000000d5580000)
  object space 671232K, 99% used [0x0000000080000000,0x00000000a8f203b8,0x00000000a8f80000)
 Metaspace       used 85937K, committed 87680K, reserved 1179648K
  class space    used 8888K, committed 9664K, reserved 1048576K
}
Event: 19188.104 GC heap after
{Heap after GC invocations=648 (full 4):
 PSYoungGen      total 6656K, used 928K [0x00000000d5580000, 0x00000000d5f00000, 0x0000000100000000)
  eden space 5632K, 0% used [0x00000000d5580000,0x00000000d5580000,0x00000000d5b00000)
  from space 1024K, 90% used [0x00000000d5e00000,0x00000000d5ee8000,0x00000000d5f00000)
  to   space 1024K, 0% used [0x00000000d5d00000,0x00000000d5d00000,0x00000000d5e00000)
 ParOldGen       total 671744K, used 671417K [0x0000000080000000, 0x00000000a9000000, 0x00000000d5580000)
  object space 671744K, 99% used [0x0000000080000000,0x00000000a8fae438,0x00000000a9000000)
 Metaspace       used 85937K, committed 87680K, reserved 1179648K
  class space    used 8888K, committed 9664K, reserved 1048576K
}
Event: 19191.647 GC heap before
{Heap before GC invocations=649 (full 4):
 PSYoungGen      total 6656K, used 6559K [0x00000000d5580000, 0x00000000d5f00000, 0x0000000100000000)
  eden space 5632K, 99% used [0x00000000d5580000,0x00000000d5affff8,0x00000000d5b00000)
  from space 1024K, 90% used [0x00000000d5e00000,0x00000000d5ee8000,0x00000000d5f00000)
  to   space 1024K, 0% used [0x00000000d5d00000,0x00000000d5d00000,0x00000000d5e00000)
 ParOldGen       total 671744K, used 671417K [0x0000000080000000, 0x00000000a9000000, 0x00000000d5580000)
  object space 671744K, 99% used [0x0000000080000000,0x00000000a8fae438,0x00000000a9000000)
 Metaspace       used 85939K, committed 87680K, reserved 1179648K
  class space    used 8888K, committed 9664K, reserved 1048576K
}
Event: 19191.651 GC heap after
{Heap after GC invocations=649 (full 4):
 PSYoungGen      total 6656K, used 980K [0x00000000d5580000, 0x00000000d5e80000, 0x0000000100000000)
  eden space 5632K, 0% used [0x00000000d5580000,0x00000000d5580000,0x00000000d5b00000)
  from space 1024K, 95% used [0x00000000d5d00000,0x00000000d5df5220,0x00000000d5e00000)
  to   space 512K, 0% used [0x00000000d5e00000,0x00000000d5e00000,0x00000000d5e80000)
 ParOldGen       total 672256K, used 672001K [0x0000000080000000, 0x00000000a9080000, 0x00000000d5580000)
  object space 672256K, 99% used [0x0000000080000000,0x00000000a9040438,0x00000000a9080000)
 Metaspace       used 85939K, committed 87680K, reserved 1179648K
  class space    used 8888K, committed 9664K, reserved 1048576K
}
Event: 19191.714 GC heap before
{Heap before GC invocations=650 (full 4):
 PSYoungGen      total 6656K, used 6612K [0x00000000d5580000, 0x00000000d5e80000, 0x0000000100000000)
  eden space 5632K, 100% used [0x00000000d5580000,0x00000000d5b00000,0x00000000d5b00000)
  from space 1024K, 95% used [0x00000000d5d00000,0x00000000d5df5220,0x00000000d5e00000)
  to   space 512K, 0% used [0x00000000d5e00000,0x00000000d5e00000,0x00000000d5e80000)
 ParOldGen       total 672256K, used 672001K [0x0000000080000000, 0x00000000a9080000, 0x00000000d5580000)
  object space 672256K, 99% used [0x0000000080000000,0x00000000a9040438,0x00000000a9080000)
 Metaspace       used 85953K, committed 87744K, reserved 1179648K
  class space    used 8888K, committed 9664K, reserved 1048576K
}
Event: 19191.718 GC heap after
{Heap after GC invocations=650 (full 4):
 PSYoungGen      total 6144K, used 512K [0x00000000d5580000, 0x00000000d5f00000, 0x0000000100000000)
  eden space 5632K, 0% used [0x00000000d5580000,0x00000000d5580000,0x00000000d5b00000)
  from space 512K, 100% used [0x00000000d5e00000,0x00000000d5e80000,0x00000000d5e80000)
  to   space 2048K, 0% used [0x00000000d5b00000,0x00000000d5b00000,0x00000000d5d00000)
 ParOldGen       total 673280K, used 672994K [0x0000000080000000, 0x00000000a9180000, 0x00000000d5580000)
  object space 673280K, 99% used [0x0000000080000000,0x00000000a9138b38,0x00000000a9180000)
 Metaspace       used 85953K, committed 87744K, reserved 1179648K
  class space    used 8888K, committed 9664K, reserved 1048576K
}
Event: 19191.837 GC heap before
{Heap before GC invocations=651 (full 4):
 PSYoungGen      total 6144K, used 6144K [0x00000000d5580000, 0x00000000d5f00000, 0x0000000100000000)
  eden space 5632K, 100% used [0x00000000d5580000,0x00000000d5b00000,0x00000000d5b00000)
  from space 512K, 100% used [0x00000000d5e00000,0x00000000d5e80000,0x00000000d5e80000)
  to   space 2048K, 0% used [0x00000000d5b00000,0x00000000d5b00000,0x00000000d5d00000)
 ParOldGen       total 673280K, used 672994K [0x0000000080000000, 0x00000000a9180000, 0x00000000d5580000)
  object space 673280K, 99% used [0x0000000080000000,0x00000000a9138b38,0x00000000a9180000)
 Metaspace       used 85970K, committed 87744K, reserved 1179648K
  class space    used 8888K, committed 9664K, reserved 1048576K
}
Event: 19191.842 GC heap after
{Heap after GC invocations=651 (full 4):
 PSYoungGen      total 7680K, used 704K [0x00000000d5580000, 0x00000000d5e80000, 0x0000000100000000)
  eden space 5632K, 0% used [0x00000000d5580000,0x00000000d5580000,0x00000000d5b00000)
  from space 2048K, 34% used [0x00000000d5b00000,0x00000000d5bb0000,0x00000000d5d00000)
  to   space 1024K, 0% used [0x00000000d5d80000,0x00000000d5d80000,0x00000000d5e80000)
 ParOldGen       total 673792K, used 673454K [0x0000000080000000, 0x00000000a9200000, 0x00000000d5580000)
  object space 673792K, 99% used [0x0000000080000000,0x00000000a91abb48,0x00000000a9200000)
 Metaspace       used 85970K, committed 87744K, reserved 1179648K
  class space    used 8888K, committed 9664K, reserved 1048576K
}
Event: 19192.234 GC heap before
{Heap before GC invocations=652 (full 4):
 PSYoungGen      total 7680K, used 6336K [0x00000000d5580000, 0x00000000d5e80000, 0x0000000100000000)
  eden space 5632K, 100% used [0x00000000d5580000,0x00000000d5b00000,0x00000000d5b00000)
  from space 2048K, 34% used [0x00000000d5b00000,0x00000000d5bb0000,0x00000000d5d00000)
  to   space 1024K, 0% used [0x00000000d5d80000,0x00000000d5d80000,0x00000000d5e80000)
 ParOldGen       total 673792K, used 673454K [0x0000000080000000, 0x00000000a9200000, 0x00000000d5580000)
  object space 673792K, 99% used [0x0000000080000000,0x00000000a91abb48,0x00000000a9200000)
 Metaspace       used 85973K, committed 87744K, reserved 1179648K
  class space    used 8888K, committed 9664K, reserved 1048576K
}
Event: 19192.237 GC heap after
{Heap after GC invocations=652 (full 4):
 PSYoungGen      total 6656K, used 1018K [0x00000000d5580000, 0x00000000d5f00000, 0x0000000100000000)
  eden space 5632K, 0% used [0x00000000d5580000,0x00000000d5580000,0x00000000d5b00000)
  from space 1024K, 99% used [0x00000000d5d80000,0x00000000d5e7eb90,0x00000000d5e80000)
  to   space 2048K, 0% used [0x00000000d5b00000,0x00000000d5b00000,0x00000000d5d00000)
 ParOldGen       total 674304K, used 674048K [0x0000000080000000, 0x00000000a9280000, 0x00000000d5580000)
  object space 674304K, 99% used [0x0000000080000000,0x00000000a9240348,0x00000000a9280000)
 Metaspace       used 85973K, committed 87744K, reserved 1179648K
  class space    used 8888K, committed 9664K, reserved 1048576K
}
Event: 19192.319 GC heap before
{Heap before GC invocations=653 (full 4):
 PSYoungGen      total 6656K, used 6650K [0x00000000d5580000, 0x00000000d5f00000, 0x0000000100000000)
  eden space 5632K, 100% used [0x00000000d5580000,0x00000000d5b00000,0x00000000d5b00000)
  from space 1024K, 99% used [0x00000000d5d80000,0x00000000d5e7eb90,0x00000000d5e80000)
  to   space 2048K, 0% used [0x00000000d5b00000,0x00000000d5b00000,0x00000000d5d00000)
 ParOldGen       total 674304K, used 674048K [0x0000000080000000, 0x00000000a9280000, 0x00000000d5580000)
  object space 674304K, 99% used [0x0000000080000000,0x00000000a9240348,0x00000000a9280000)
 Metaspace       used 85976K, committed 87744K, reserved 1179648K
  class space    used 8888K, committed 9664K, reserved 1048576K
}
Event: 19192.327 GC heap after
{Heap after GC invocations=653 (full 4):
 PSYoungGen      total 7680K, used 640K [0x00000000d5580000, 0x00000000d5e00000, 0x0000000100000000)
  eden space 5632K, 0% used [0x00000000d5580000,0x00000000d5580000,0x00000000d5b00000)
  from space 2048K, 31% used [0x00000000d5b00000,0x00000000d5ba0020,0x00000000d5d00000)
  to   space 1024K, 0% used [0x00000000d5d00000,0x00000000d5d00000,0x00000000d5e00000)
 ParOldGen       total 675328K, used 675003K [0x0000000080000000, 0x00000000a9380000, 0x00000000d5580000)
  object space 675328K, 99% used [0x0000000080000000,0x00000000a932ef08,0x00000000a9380000)
 Metaspace       used 85976K, committed 87744K, reserved 1179648K
  class space    used 8888K, committed 9664K, reserved 1048576K
}
Event: 19192.381 GC heap before
{Heap before GC invocations=654 (full 4):
 PSYoungGen      total 7680K, used 6271K [0x00000000d5580000, 0x00000000d5e00000, 0x0000000100000000)
  eden space 5632K, 99% used [0x00000000d5580000,0x00000000d5afffc8,0x00000000d5b00000)
  from space 2048K, 31% used [0x00000000d5b00000,0x00000000d5ba0020,0x00000000d5d00000)
  to   space 1024K, 0% used [0x00000000d5d00000,0x00000000d5d00000,0x00000000d5e00000)
 ParOldGen       total 675328K, used 675003K [0x0000000080000000, 0x00000000a9380000, 0x00000000d5580000)
  object space 675328K, 99% used [0x0000000080000000,0x00000000a932ef08,0x00000000a9380000)
 Metaspace       used 86001K, committed 87744K, reserved 1179648K
  class space    used 8888K, committed 9664K, reserved 1048576K
}
Event: 19192.383 GC heap after
{Heap after GC invocations=654 (full 4):
 PSYoungGen      total 6656K, used 768K [0x00000000d5580000, 0x00000000d5e00000, 0x0000000100000000)
  eden space 5632K, 0% used [0x00000000d5580000,0x00000000d5580000,0x00000000d5b00000)
  from space 1024K, 75% used [0x00000000d5d00000,0x00000000d5dc0000,0x00000000d5e00000)
  to   space 1024K, 0% used [0x00000000d5c00000,0x00000000d5c00000,0x00000000d5d00000)
 ParOldGen       total 675840K, used 675551K [0x0000000080000000, 0x00000000a9400000, 0x00000000d5580000)
  object space 675840K, 99% used [0x0000000080000000,0x00000000a93b7f58,0x00000000a9400000)
 Metaspace       used 86001K, committed 87744K, reserved 1179648K
  class space    used 8888K, committed 9664K, reserved 1048576K
}

