# JRE version: Java(TM) SE Runtime Environment (22.0.2+9) (build 22.0.2+9-70)
# Java VM: Java HotSpot(TM) 64-Bit Server VM (22.0.2+9-70, mixed mode, emulated-client, sharing, tiered, compressed oops, compressed class ptrs, g1 gc, windows-amd64)
GC Precious Log:
 CardTable entry size: 512
 Card Set container configuration: InlinePtr #cards 5 size 8 Array Of Cards #cards 12 size 40 Howl #buckets 4 coarsen threshold 1843 Howl Bitmap #cards 512 size 80 coarsen threshold 460 Card regions per heap region 1 cards per card region 2048
 CPUs: 12 total, 12 available
 Memory: 6005M
 Large Page Support: Disabled
 NUMA Support: Disabled
 Compressed Oops: Enabled (32-bit)
 Heap Region Size: 1M
 Heap Min Capacity: 8M
 Heap Initial Capacity: 94M
 Heap Max Capacity: 1502M
 Pre-touch: Disabled
 Parallel Workers: 10
 Concurrent Workers: 3
 Concurrent Refinement Workers: 10
 Periodic GC: Disabled
Heap:
 garbage-first heap   total reserved 1538048K, committed 121856K, used 115165K [0x00000000a2200000, 0x0000000100000000)
  region size 1024K, 49 young (50176K), 4 survivors (4096K)
 Metaspace       used 90141K, committed 91328K, reserved 1179648K
  class space    used 13277K, committed 13760K, reserved 1048576K
GC Heap History (20 events):
Event: 9.037 GC heap after
{Heap after GC invocations=20 (full 0):
 garbage-first heap   total reserved 1538048K, committed 69632K, used 40053K [0x00000000a2200000, 0x0000000100000000)
  region size 1024K, 4 young (4096K), 4 survivors (4096K)
 Metaspace       used 67283K, committed 68096K, reserved 1114112K
  class space    used 10208K, committed 10560K, reserved 1048576K
}
Event: 9.136 GC heap before
{Heap before GC invocations=21 (full 0):
 garbage-first heap   total reserved 1538048K, committed 69632K, used 60533K [0x00000000a2200000, 0x0000000100000000)
  region size 1024K, 24 young (24576K), 4 survivors (4096K)
 Metaspace       used 67327K, committed 68096K, reserved 1114112K
  class space    used 10218K, committed 10560K, reserved 1048576K
}
Event: 9.141 GC heap after
{Heap after GC invocations=22 (full 0):
 garbage-first heap   total reserved 1538048K, committed 69632K, used 43517K [0x00000000a2200000, 0x0000000100000000)
  region size 1024K, 3 young (3072K), 3 survivors (3072K)
 Metaspace       used 67327K, committed 68096K, reserved 1114112K
  class space    used 10218K, committed 10560K, reserved 1048576K
}
Event: 9.185 GC heap before
{Heap before GC invocations=22 (full 0):
 garbage-first heap   total reserved 1538048K, committed 69632K, used 61949K [0x00000000a2200000, 0x0000000100000000)
  region size 1024K, 21 young (21504K), 3 survivors (3072K)
 Metaspace       used 67327K, committed 68096K, reserved 1114112K
  class space    used 10218K, committed 10560K, reserved 1048576K
}
Event: 9.190 GC heap after
{Heap after GC invocations=23 (full 0):
 garbage-first heap   total reserved 1538048K, committed 69632K, used 46600K [0x00000000a2200000, 0x0000000100000000)
  region size 1024K, 3 young (3072K), 3 survivors (3072K)
 Metaspace       used 67327K, committed 68096K, reserved 1114112K
  class space    used 10218K, committed 10560K, reserved 1048576K
}
Event: 9.231 GC heap before
{Heap before GC invocations=23 (full 0):
 garbage-first heap   total reserved 1538048K, committed 69632K, used 61960K [0x00000000a2200000, 0x0000000100000000)
  region size 1024K, 18 young (18432K), 3 survivors (3072K)
 Metaspace       used 67327K, committed 68096K, reserved 1114112K
  class space    used 10218K, committed 10560K, reserved 1048576K
}
Event: 9.236 GC heap after
{Heap after GC invocations=24 (full 0):
 garbage-first heap   total reserved 1538048K, committed 119808K, used 50618K [0x00000000a2200000, 0x0000000100000000)
  region size 1024K, 3 young (3072K), 3 survivors (3072K)
 Metaspace       used 67327K, committed 68096K, reserved 1114112K
  class space    used 10218K, committed 10560K, reserved 1048576K
}
Event: 9.376 GC heap before
{Heap before GC invocations=25 (full 0):
 garbage-first heap   total reserved 1538048K, committed 119808K, used 94650K [0x00000000a2200000, 0x0000000100000000)
  region size 1024K, 46 young (47104K), 3 survivors (3072K)
 Metaspace       used 67332K, committed 68160K, reserved 1114112K
  class space    used 10218K, committed 10560K, reserved 1048576K
}
Event: 9.384 GC heap after
{Heap after GC invocations=26 (full 0):
 garbage-first heap   total reserved 1538048K, committed 119808K, used 55599K [0x00000000a2200000, 0x0000000100000000)
  region size 1024K, 6 young (6144K), 6 survivors (6144K)
 Metaspace       used 67332K, committed 68160K, reserved 1114112K
  class space    used 10218K, committed 10560K, reserved 1048576K
}
Event: 9.527 GC heap before
{Heap before GC invocations=26 (full 0):
 garbage-first heap   total reserved 1538048K, committed 119808K, used 97583K [0x00000000a2200000, 0x0000000100000000)
  region size 1024K, 47 young (48128K), 6 survivors (6144K)
 Metaspace       used 67332K, committed 68160K, reserved 1114112K
  class space    used 10218K, committed 10560K, reserved 1048576K
}
Event: 9.535 GC heap after
{Heap after GC invocations=27 (full 0):
 garbage-first heap   total reserved 1538048K, committed 119808K, used 61440K [0x00000000a2200000, 0x0000000100000000)
  region size 1024K, 6 young (6144K), 6 survivors (6144K)
 Metaspace       used 67332K, committed 68160K, reserved 1114112K
  class space    used 10218K, committed 10560K, reserved 1048576K
}
Event: 9.654 GC heap before
{Heap before GC invocations=27 (full 0):
 garbage-first heap   total reserved 1538048K, committed 119808K, used 101376K [0x00000000a2200000, 0x0000000100000000)
  region size 1024K, 45 young (46080K), 6 survivors (6144K)
 Metaspace       used 67363K, committed 68160K, reserved 1114112K
  class space    used 10226K, committed 10560K, reserved 1048576K
}
Event: 9.657 GC heap after
{Heap after GC invocations=28 (full 0):
 garbage-first heap   total reserved 1538048K, committed 119808K, used 59973K [0x00000000a2200000, 0x0000000100000000)
  region size 1024K, 2 young (2048K), 2 survivors (2048K)
 Metaspace       used 67363K, committed 68160K, reserved 1114112K
  class space    used 10226K, committed 10560K, reserved 1048576K
}
Event: 9.827 GC heap before
{Heap before GC invocations=29 (full 0):
 garbage-first heap   total reserved 1538048K, committed 119808K, used 99909K [0x00000000a2200000, 0x0000000100000000)
  region size 1024K, 43 young (44032K), 2 survivors (2048K)
 Metaspace       used 67473K, committed 68288K, reserved 1114112K
  class space    used 10246K, committed 10624K, reserved 1048576K
}
Event: 9.828 GC heap after
{Heap after GC invocations=30 (full 0):
 garbage-first heap   total reserved 1538048K, committed 119808K, used 57759K [0x00000000a2200000, 0x0000000100000000)
  region size 1024K, 2 young (2048K), 2 survivors (2048K)
 Metaspace       used 67473K, committed 68288K, reserved 1114112K
  class space    used 10246K, committed 10624K, reserved 1048576K
}
Event: 10.634 GC heap before
{Heap before GC invocations=30 (full 0):
 garbage-first heap   total reserved 1538048K, committed 119808K, used 102815K [0x00000000a2200000, 0x0000000100000000)
  region size 1024K, 46 young (47104K), 2 survivors (2048K)
 Metaspace       used 70716K, committed 71552K, reserved 1114112K
  class space    used 10769K, committed 11136K, reserved 1048576K
}
Event: 10.640 GC heap after
{Heap after GC invocations=31 (full 0):
 garbage-first heap   total reserved 1538048K, committed 119808K, used 55255K [0x00000000a2200000, 0x0000000100000000)
  region size 1024K, 5 young (5120K), 5 survivors (5120K)
 Metaspace       used 70716K, committed 71552K, reserved 1114112K
  class space    used 10769K, committed 11136K, reserved 1048576K
}
Event: 42.263 GC heap before
{Heap before GC invocations=31 (full 0):
 garbage-first heap   total reserved 1538048K, committed 119808K, used 103383K [0x00000000a2200000, 0x0000000100000000)
  region size 1024K, 53 young (54272K), 5 survivors (5120K)
 Metaspace       used 79346K, committed 80256K, reserved 1179648K
  class space    used 12035K, committed 12416K, reserved 1048576K
}
Event: 42.272 GC heap after
{Heap after GC invocations=32 (full 0):
 garbage-first heap   total reserved 1538048K, committed 119808K, used 58845K [0x00000000a2200000, 0x0000000100000000)
  region size 1024K, 7 young (7168K), 7 survivors (7168K)
 Metaspace       used 79346K, committed 80256K, reserved 1179648K
  class space    used 12035K, committed 12416K, reserved 1048576K
}
Event: 136.041 GC heap before
{Heap before GC invocations=33 (full 0):
 garbage-first heap   total reserved 1538048K, committed 119808K, used 114141K [0x00000000a2200000, 0x0000000100000000)
  region size 1024K, 52 young (53248K), 7 survivors (7168K)
 Metaspace       used 90141K, committed 91328K, reserved 1179648K
  class space    used 13277K, committed 13760K, reserved 1048576K
}

