# JRE version: OpenJDK Runtime Environment Temurin-21.0.8+9 (21.0.8+9) (build 21.0.8+9-LTS)
# Java VM: OpenJDK 64-Bit Server VM Temurin-21.0.8+9 (21.0.8+9-LTS, mixed mode, sharing, tiered, compressed oops, compressed class ptrs, parallel gc, windows-amd64)
GC Precious Log:
 CardTable entry size: 512
 CPUs: 12 total, 12 available
 Memory: 6005M
 Large Page Support: Disabled
 NUMA Support: Disabled
 Compressed Oops: Enabled (32-bit)
 Alignments: Space 512K, Generation 512K, Heap 2M
 Heap Min Capacity: 100M
 Heap Initial Capacity: 100M
 Heap Max Capacity: 2G
 Pre-touch: Disabled
 Parallel Workers: 10
Heap:
 PSYoungGen      total 16384K, used 9571K [0x00000000d5580000, 0x00000000d6780000, 0x0000000100000000)
  eden space 15360K, 56% used [0x00000000d5580000,0x00000000d5e00c30,0x00000000d6480000)
  from space 1024K, 84% used [0x00000000d6680000,0x00000000d6758010,0x00000000d6780000)
  to   space 1024K, 0% used [0x00000000d6580000,0x00000000d6580000,0x00000000d6680000)
 ParOldGen       total 68608K, used 54253K [0x0000000080000000, 0x0000000084300000, 0x00000000d5580000)
  object space 68608K, 79% used [0x0000000080000000,0x00000000834fb6b0,0x0000000084300000)
 Metaspace       used 56100K, committed 57600K, reserved 1114112K
  class space    used 6093K, committed 6784K, reserved 1048576K
GC Heap History (20 events):
Event: 8.133 GC heap before
{Heap before GC invocations=31 (full 2):
 PSYoungGen      total 17408K, used 16900K [0x00000000d5580000, 0x00000000d6900000, 0x0000000100000000)
  eden space 15360K, 100% used [0x00000000d5580000,0x00000000d6480000,0x00000000d6480000)
  from space 2048K, 75% used [0x00000000d6700000,0x00000000d6881000,0x00000000d6900000)
  to   space 2048K, 0% used [0x00000000d6480000,0x00000000d6480000,0x00000000d6680000)
 ParOldGen       total 68608K, used 45674K [0x0000000080000000, 0x0000000084300000, 0x00000000d5580000)
  object space 68608K, 66% used [0x0000000080000000,0x0000000082c9a9b8,0x0000000084300000)
 Metaspace       used 48882K, committed 50368K, reserved 1114112K
  class space    used 5336K, committed 5952K, reserved 1048576K
}
Event: 8.136 GC heap after
{Heap after GC invocations=31 (full 2):
 PSYoungGen      total 16896K, used 1472K [0x00000000d5580000, 0x00000000d6780000, 0x0000000100000000)
  eden space 15360K, 0% used [0x00000000d5580000,0x00000000d5580000,0x00000000d6480000)
  from space 1536K, 95% used [0x00000000d6480000,0x00000000d65f0000,0x00000000d6600000)
  to   space 1536K, 0% used [0x00000000d6600000,0x00000000d6600000,0x00000000d6780000)
 ParOldGen       total 68608K, used 47127K [0x0000000080000000, 0x0000000084300000, 0x00000000d5580000)
  object space 68608K, 68% used [0x0000000080000000,0x0000000082e05fe0,0x0000000084300000)
 Metaspace       used 48882K, committed 50368K, reserved 1114112K
  class space    used 5336K, committed 5952K, reserved 1048576K
}
Event: 8.211 GC heap before
{Heap before GC invocations=32 (full 2):
 PSYoungGen      total 16896K, used 16832K [0x00000000d5580000, 0x00000000d6780000, 0x0000000100000000)
  eden space 15360K, 100% used [0x00000000d5580000,0x00000000d6480000,0x00000000d6480000)
  from space 1536K, 95% used [0x00000000d6480000,0x00000000d65f0000,0x00000000d6600000)
  to   space 1536K, 0% used [0x00000000d6600000,0x00000000d6600000,0x00000000d6780000)
 ParOldGen       total 68608K, used 47127K [0x0000000080000000, 0x0000000084300000, 0x00000000d5580000)
  object space 68608K, 68% used [0x0000000080000000,0x0000000082e05fe0,0x0000000084300000)
 Metaspace       used 48913K, committed 50368K, reserved 1114112K
  class space    used 5337K, committed 5952K, reserved 1048576K
}
Event: 8.215 GC heap after
{Heap after GC invocations=32 (full 2):
 PSYoungGen      total 16896K, used 1344K [0x00000000d5580000, 0x00000000d6780000, 0x0000000100000000)
  eden space 15360K, 0% used [0x00000000d5580000,0x00000000d5580000,0x00000000d6480000)
  from space 1536K, 87% used [0x00000000d6600000,0x00000000d6750000,0x00000000d6780000)
  to   space 1536K, 0% used [0x00000000d6480000,0x00000000d6480000,0x00000000d6600000)
 ParOldGen       total 68608K, used 48703K [0x0000000080000000, 0x0000000084300000, 0x00000000d5580000)
  object space 68608K, 70% used [0x0000000080000000,0x0000000082f8fff0,0x0000000084300000)
 Metaspace       used 48913K, committed 50368K, reserved 1114112K
  class space    used 5337K, committed 5952K, reserved 1048576K
}
Event: 8.294 GC heap before
{Heap before GC invocations=33 (full 2):
 PSYoungGen      total 16896K, used 16704K [0x00000000d5580000, 0x00000000d6780000, 0x0000000100000000)
  eden space 15360K, 100% used [0x00000000d5580000,0x00000000d6480000,0x00000000d6480000)
  from space 1536K, 87% used [0x00000000d6600000,0x00000000d6750000,0x00000000d6780000)
  to   space 1536K, 0% used [0x00000000d6480000,0x00000000d6480000,0x00000000d6600000)
 ParOldGen       total 68608K, used 48703K [0x0000000080000000, 0x0000000084300000, 0x00000000d5580000)
  object space 68608K, 70% used [0x0000000080000000,0x0000000082f8fff0,0x0000000084300000)
 Metaspace       used 48920K, committed 50368K, reserved 1114112K
  class space    used 5337K, committed 5952K, reserved 1048576K
}
Event: 8.298 GC heap after
{Heap after GC invocations=33 (full 2):
 PSYoungGen      total 16896K, used 1400K [0x00000000d5580000, 0x00000000d6780000, 0x0000000100000000)
  eden space 15360K, 0% used [0x00000000d5580000,0x00000000d5580000,0x00000000d6480000)
  from space 1536K, 91% used [0x00000000d6480000,0x00000000d65de200,0x00000000d6600000)
  to   space 1536K, 0% used [0x00000000d6600000,0x00000000d6600000,0x00000000d6780000)
 ParOldGen       total 68608K, used 49943K [0x0000000080000000, 0x0000000084300000, 0x00000000d5580000)
  object space 68608K, 72% used [0x0000000080000000,0x00000000830c5ff0,0x0000000084300000)
 Metaspace       used 48920K, committed 50368K, reserved 1114112K
  class space    used 5337K, committed 5952K, reserved 1048576K
}
Event: 8.508 GC heap before
{Heap before GC invocations=34 (full 2):
 PSYoungGen      total 16896K, used 16760K [0x00000000d5580000, 0x00000000d6780000, 0x0000000100000000)
  eden space 15360K, 100% used [0x00000000d5580000,0x00000000d6480000,0x00000000d6480000)
  from space 1536K, 91% used [0x00000000d6480000,0x00000000d65de200,0x00000000d6600000)
  to   space 1536K, 0% used [0x00000000d6600000,0x00000000d6600000,0x00000000d6780000)
 ParOldGen       total 68608K, used 49943K [0x0000000080000000, 0x0000000084300000, 0x00000000d5580000)
  object space 68608K, 72% used [0x0000000080000000,0x00000000830c5ff0,0x0000000084300000)
 Metaspace       used 49854K, committed 51264K, reserved 1114112K
  class space    used 5471K, committed 6080K, reserved 1048576K
}
Event: 8.511 GC heap after
{Heap after GC invocations=34 (full 2):
 PSYoungGen      total 16896K, used 992K [0x00000000d5580000, 0x00000000d6780000, 0x0000000100000000)
  eden space 15360K, 0% used [0x00000000d5580000,0x00000000d5580000,0x00000000d6480000)
  from space 1536K, 64% used [0x00000000d6600000,0x00000000d66f8000,0x00000000d6780000)
  to   space 1536K, 0% used [0x00000000d6480000,0x00000000d6480000,0x00000000d6600000)
 ParOldGen       total 68608K, used 51192K [0x0000000080000000, 0x0000000084300000, 0x00000000d5580000)
  object space 68608K, 74% used [0x0000000080000000,0x00000000831fe1f0,0x0000000084300000)
 Metaspace       used 49854K, committed 51264K, reserved 1114112K
  class space    used 5471K, committed 6080K, reserved 1048576K
}
Event: 9.005 GC heap before
{Heap before GC invocations=35 (full 2):
 PSYoungGen      total 16896K, used 16352K [0x00000000d5580000, 0x00000000d6780000, 0x0000000100000000)
  eden space 15360K, 100% used [0x00000000d5580000,0x00000000d6480000,0x00000000d6480000)
  from space 1536K, 64% used [0x00000000d6600000,0x00000000d66f8000,0x00000000d6780000)
  to   space 1536K, 0% used [0x00000000d6480000,0x00000000d6480000,0x00000000d6600000)
 ParOldGen       total 68608K, used 51192K [0x0000000080000000, 0x0000000084300000, 0x00000000d5580000)
  object space 68608K, 74% used [0x0000000080000000,0x00000000831fe1f0,0x0000000084300000)
 Metaspace       used 51158K, committed 52608K, reserved 1114112K
  class space    used 5618K, committed 6272K, reserved 1048576K
}
Event: 9.007 GC heap after
{Heap after GC invocations=35 (full 2):
 PSYoungGen      total 16384K, used 552K [0x00000000d5580000, 0x00000000d6680000, 0x0000000100000000)
  eden space 15360K, 0% used [0x00000000d5580000,0x00000000d5580000,0x00000000d6480000)
  from space 1024K, 53% used [0x00000000d6480000,0x00000000d650a220,0x00000000d6580000)
  to   space 1024K, 0% used [0x00000000d6580000,0x00000000d6580000,0x00000000d6680000)
 ParOldGen       total 68608K, used 52012K [0x0000000080000000, 0x0000000084300000, 0x00000000d5580000)
  object space 68608K, 75% used [0x0000000080000000,0x00000000832cb0b8,0x0000000084300000)
 Metaspace       used 51158K, committed 52608K, reserved 1114112K
  class space    used 5618K, committed 6272K, reserved 1048576K
}
Event: 9.351 GC heap before
{Heap before GC invocations=36 (full 2):
 PSYoungGen      total 16384K, used 15912K [0x00000000d5580000, 0x00000000d6680000, 0x0000000100000000)
  eden space 15360K, 100% used [0x00000000d5580000,0x00000000d6480000,0x00000000d6480000)
  from space 1024K, 53% used [0x00000000d6480000,0x00000000d650a220,0x00000000d6580000)
  to   space 1024K, 0% used [0x00000000d6580000,0x00000000d6580000,0x00000000d6680000)
 ParOldGen       total 68608K, used 52012K [0x0000000080000000, 0x0000000084300000, 0x00000000d5580000)
  object space 68608K, 75% used [0x0000000080000000,0x00000000832cb0b8,0x0000000084300000)
 Metaspace       used 51996K, committed 53504K, reserved 1114112K
  class space    used 5697K, committed 6336K, reserved 1048576K
}
Event: 9.353 GC heap after
{Heap after GC invocations=36 (full 2):
 PSYoungGen      total 15872K, used 352K [0x00000000d5580000, 0x00000000d6600000, 0x0000000100000000)
  eden space 15360K, 0% used [0x00000000d5580000,0x00000000d5580000,0x00000000d6480000)
  from space 512K, 68% used [0x00000000d6580000,0x00000000d65d8000,0x00000000d6600000)
  to   space 512K, 0% used [0x00000000d6500000,0x00000000d6500000,0x00000000d6580000)
 ParOldGen       total 68608K, used 52435K [0x0000000080000000, 0x0000000084300000, 0x00000000d5580000)
  object space 68608K, 76% used [0x0000000080000000,0x0000000083334fe0,0x0000000084300000)
 Metaspace       used 51996K, committed 53504K, reserved 1114112K
  class space    used 5697K, committed 6336K, reserved 1048576K
}
Event: 9.526 GC heap before
{Heap before GC invocations=37 (full 2):
 PSYoungGen      total 15872K, used 15712K [0x00000000d5580000, 0x00000000d6600000, 0x0000000100000000)
  eden space 15360K, 100% used [0x00000000d5580000,0x00000000d6480000,0x00000000d6480000)
  from space 512K, 68% used [0x00000000d6580000,0x00000000d65d8000,0x00000000d6600000)
  to   space 512K, 0% used [0x00000000d6500000,0x00000000d6500000,0x00000000d6580000)
 ParOldGen       total 68608K, used 52435K [0x0000000080000000, 0x0000000084300000, 0x00000000d5580000)
  object space 68608K, 76% used [0x0000000080000000,0x0000000083334fe0,0x0000000084300000)
 Metaspace       used 52959K, committed 54400K, reserved 1114112K
  class space    used 5764K, committed 6400K, reserved 1048576K
}
Event: 9.528 GC heap after
{Heap after GC invocations=37 (full 2):
 PSYoungGen      total 15872K, used 503K [0x00000000d5580000, 0x00000000d6980000, 0x0000000100000000)
  eden space 15360K, 0% used [0x00000000d5580000,0x00000000d5580000,0x00000000d6480000)
  from space 512K, 98% used [0x00000000d6500000,0x00000000d657dfc0,0x00000000d6580000)
  to   space 2560K, 0% used [0x00000000d6700000,0x00000000d6700000,0x00000000d6980000)
 ParOldGen       total 68608K, used 53781K [0x0000000080000000, 0x0000000084300000, 0x00000000d5580000)
  object space 68608K, 78% used [0x0000000080000000,0x00000000834856b0,0x0000000084300000)
 Metaspace       used 52959K, committed 54400K, reserved 1114112K
  class space    used 5764K, committed 6400K, reserved 1048576K
}
Event: 9.581 GC heap before
{Heap before GC invocations=38 (full 2):
 PSYoungGen      total 15872K, used 15863K [0x00000000d5580000, 0x00000000d6980000, 0x0000000100000000)
  eden space 15360K, 100% used [0x00000000d5580000,0x00000000d6480000,0x00000000d6480000)
  from space 512K, 98% used [0x00000000d6500000,0x00000000d657dfc0,0x00000000d6580000)
  to   space 2560K, 0% used [0x00000000d6700000,0x00000000d6700000,0x00000000d6980000)
 ParOldGen       total 68608K, used 53781K [0x0000000080000000, 0x0000000084300000, 0x00000000d5580000)
  object space 68608K, 78% used [0x0000000080000000,0x00000000834856b0,0x0000000084300000)
 Metaspace       used 52979K, committed 54400K, reserved 1114112K
  class space    used 5764K, committed 6400K, reserved 1048576K
}
Event: 9.583 GC heap after
{Heap after GC invocations=38 (full 2):
 PSYoungGen      total 16384K, used 982K [0x00000000d5580000, 0x00000000d6800000, 0x0000000100000000)
  eden space 15360K, 0% used [0x00000000d5580000,0x00000000d5580000,0x00000000d6480000)
  from space 1024K, 95% used [0x00000000d6700000,0x00000000d67f5a60,0x00000000d6800000)
  to   space 1536K, 0% used [0x00000000d6500000,0x00000000d6500000,0x00000000d6680000)
 ParOldGen       total 68608K, used 54109K [0x0000000080000000, 0x0000000084300000, 0x00000000d5580000)
  object space 68608K, 78% used [0x0000000080000000,0x00000000834d76b0,0x0000000084300000)
 Metaspace       used 52979K, committed 54400K, reserved 1114112K
  class space    used 5764K, committed 6400K, reserved 1048576K
}
Event: 9.653 GC heap before
{Heap before GC invocations=39 (full 2):
 PSYoungGen      total 16384K, used 16342K [0x00000000d5580000, 0x00000000d6800000, 0x0000000100000000)
  eden space 15360K, 100% used [0x00000000d5580000,0x00000000d6480000,0x00000000d6480000)
  from space 1024K, 95% used [0x00000000d6700000,0x00000000d67f5a60,0x00000000d6800000)
  to   space 1536K, 0% used [0x00000000d6500000,0x00000000d6500000,0x00000000d6680000)
 ParOldGen       total 68608K, used 54109K [0x0000000080000000, 0x0000000084300000, 0x00000000d5580000)
  object space 68608K, 78% used [0x0000000080000000,0x00000000834d76b0,0x0000000084300000)
 Metaspace       used 53563K, committed 55040K, reserved 1114112K
  class space    used 5817K, committed 6464K, reserved 1048576K
}
Event: 9.654 GC heap after
{Heap after GC invocations=39 (full 2):
 PSYoungGen      total 16896K, used 192K [0x00000000d5580000, 0x00000000d6780000, 0x0000000100000000)
  eden space 15360K, 0% used [0x00000000d5580000,0x00000000d5580000,0x00000000d6480000)
  from space 1536K, 12% used [0x00000000d6500000,0x00000000d6530000,0x00000000d6680000)
  to   space 1024K, 0% used [0x00000000d6680000,0x00000000d6680000,0x00000000d6780000)
 ParOldGen       total 68608K, used 54221K [0x0000000080000000, 0x0000000084300000, 0x00000000d5580000)
  object space 68608K, 79% used [0x0000000080000000,0x00000000834f36b0,0x0000000084300000)
 Metaspace       used 53563K, committed 55040K, reserved 1114112K
  class space    used 5817K, committed 6464K, reserved 1048576K
}
Event: 9.994 GC heap before
{Heap before GC invocations=40 (full 2):
 PSYoungGen      total 16896K, used 15473K [0x00000000d5580000, 0x00000000d6780000, 0x0000000100000000)
  eden space 15360K, 99% used [0x00000000d5580000,0x00000000d646c5f0,0x00000000d6480000)
  from space 1536K, 12% used [0x00000000d6500000,0x00000000d6530000,0x00000000d6680000)
  to   space 1024K, 0% used [0x00000000d6680000,0x00000000d6680000,0x00000000d6780000)
 ParOldGen       total 68608K, used 54221K [0x0000000080000000, 0x0000000084300000, 0x00000000d5580000)
  object space 68608K, 79% used [0x0000000080000000,0x00000000834f36b0,0x0000000084300000)
 Metaspace       used 55540K, committed 57024K, reserved 1114112K
  class space    used 6037K, committed 6656K, reserved 1048576K
}
Event: 9.996 GC heap after
{Heap after GC invocations=40 (full 2):
 PSYoungGen      total 16384K, used 864K [0x00000000d5580000, 0x00000000d6780000, 0x0000000100000000)
  eden space 15360K, 0% used [0x00000000d5580000,0x00000000d5580000,0x00000000d6480000)
  from space 1024K, 84% used [0x00000000d6680000,0x00000000d6758010,0x00000000d6780000)
  to   space 1024K, 0% used [0x00000000d6580000,0x00000000d6580000,0x00000000d6680000)
 ParOldGen       total 68608K, used 54253K [0x0000000080000000, 0x0000000084300000, 0x00000000d5580000)
  object space 68608K, 79% used [0x0000000080000000,0x00000000834fb6b0,0x0000000084300000)
 Metaspace       used 55540K, committed 57024K, reserved 1114112K
  class space    used 6037K, committed 6656K, reserved 1048576K
}

