# JRE version: OpenJDK Runtime Environment Temurin-21.0.8+9 (21.0.8+9) (build 21.0.8+9-LTS)
# Java VM: OpenJDK 64-Bit Server VM Temurin-21.0.8+9 (21.0.8+9-LTS, mixed mode, sharing, tiered, compressed oops, compressed class ptrs, parallel gc, windows-amd64)
GC Precious Log:
 CardTable entry size: 512
 CPUs: 12 total, 12 available
 Memory: 6005M
 Large Page Support: Disabled
 NUMA Support: Disabled
 Compressed Oops: Enabled (32-bit)
 Alignments: Space 512K, Generation 512K, Heap 2M
 Heap Min Capacity: 100M
 Heap Initial Capacity: 100M
 Heap Max Capacity: 2G
 Pre-touch: Disabled
 Parallel Workers: 10
Heap:
 PSYoungGen      total 17920K, used 13386K [0x00000000d5580000, 0x00000000d6900000, 0x0000000100000000)
  eden space 16896K, 75% used [0x00000000d5580000,0x00000000d62029c8,0x00000000d6600000)
  from space 1024K, 56% used [0x00000000d6780000,0x00000000d6810020,0x00000000d6880000)
  to   space 512K, 0% used [0x00000000d6880000,0x00000000d6880000,0x00000000d6900000)
 ParOldGen       total 166400K, used 166156K [0x0000000080000000, 0x000000008a280000, 0x00000000d5580000)
  object space 166400K, 99% used [0x0000000080000000,0x000000008a243008,0x000000008a280000)
 Metaspace       used 66006K, committed 67648K, reserved 1114112K
  class space    used 7014K, committed 7744K, reserved 1048576K
GC Heap History (20 events):
Event: 44.262 GC heap before
{Heap before GC invocations=167 (full 3):
 PSYoungGen      total 20480K, used 20222K [0x00000000d5580000, 0x00000000d6d00000, 0x0000000100000000)
  eden space 17920K, 100% used [0x00000000d5580000,0x00000000d6700000,0x00000000d6700000)
  from space 2560K, 89% used [0x00000000d6700000,0x00000000d693f8d0,0x00000000d6980000)
  to   space 3072K, 0% used [0x00000000d6a00000,0x00000000d6a00000,0x00000000d6d00000)
 ParOldGen       total 155136K, used 154788K [0x0000000080000000, 0x0000000089780000, 0x00000000d5580000)
  object space 155136K, 99% used [0x0000000080000000,0x0000000089729328,0x0000000089780000)
 Metaspace       used 62197K, committed 63680K, reserved 1114112K
  class space    used 6675K, committed 7360K, reserved 1048576K
}
Event: 44.267 GC heap after
{Heap after GC invocations=167 (full 3):
 PSYoungGen      total 19456K, used 1248K [0x00000000d5580000, 0x00000000d6b80000, 0x0000000100000000)
  eden space 17920K, 0% used [0x00000000d5580000,0x00000000d5580000,0x00000000d6700000)
  from space 1536K, 81% used [0x00000000d6a00000,0x00000000d6b38000,0x00000000d6b80000)
  to   space 2048K, 0% used [0x00000000d6780000,0x00000000d6780000,0x00000000d6980000)
 ParOldGen       total 156672K, used 156506K [0x0000000080000000, 0x0000000089900000, 0x00000000d5580000)
  object space 156672K, 99% used [0x0000000080000000,0x00000000898d6a70,0x0000000089900000)
 Metaspace       used 62197K, committed 63680K, reserved 1114112K
  class space    used 6675K, committed 7360K, reserved 1048576K
}
Event: 44.369 GC heap before
{Heap before GC invocations=168 (full 3):
 PSYoungGen      total 19456K, used 19168K [0x00000000d5580000, 0x00000000d6b80000, 0x0000000100000000)
  eden space 17920K, 100% used [0x00000000d5580000,0x00000000d6700000,0x00000000d6700000)
  from space 1536K, 81% used [0x00000000d6a00000,0x00000000d6b38000,0x00000000d6b80000)
  to   space 2048K, 0% used [0x00000000d6780000,0x00000000d6780000,0x00000000d6980000)
 ParOldGen       total 156672K, used 156506K [0x0000000080000000, 0x0000000089900000, 0x00000000d5580000)
  object space 156672K, 99% used [0x0000000080000000,0x00000000898d6a70,0x0000000089900000)
 Metaspace       used 62350K, committed 63936K, reserved 1114112K
  class space    used 6691K, committed 7360K, reserved 1048576K
}
Event: 44.372 GC heap after
{Heap after GC invocations=168 (full 3):
 PSYoungGen      total 19456K, used 1408K [0x00000000d5580000, 0x00000000d6a80000, 0x0000000100000000)
  eden space 17920K, 0% used [0x00000000d5580000,0x00000000d5580000,0x00000000d6700000)
  from space 1536K, 91% used [0x00000000d6780000,0x00000000d68e0020,0x00000000d6900000)
  to   space 1536K, 0% used [0x00000000d6900000,0x00000000d6900000,0x00000000d6a80000)
 ParOldGen       total 157696K, used 157342K [0x0000000080000000, 0x0000000089a00000, 0x00000000d5580000)
  object space 157696K, 99% used [0x0000000080000000,0x00000000899a7aa0,0x0000000089a00000)
 Metaspace       used 62350K, committed 63936K, reserved 1114112K
  class space    used 6691K, committed 7360K, reserved 1048576K
}
Event: 44.457 GC heap before
{Heap before GC invocations=169 (full 3):
 PSYoungGen      total 19456K, used 19328K [0x00000000d5580000, 0x00000000d6a80000, 0x0000000100000000)
  eden space 17920K, 100% used [0x00000000d5580000,0x00000000d6700000,0x00000000d6700000)
  from space 1536K, 91% used [0x00000000d6780000,0x00000000d68e0020,0x00000000d6900000)
  to   space 1536K, 0% used [0x00000000d6900000,0x00000000d6900000,0x00000000d6a80000)
 ParOldGen       total 157696K, used 157342K [0x0000000080000000, 0x0000000089a00000, 0x00000000d5580000)
  object space 157696K, 99% used [0x0000000080000000,0x00000000899a7aa0,0x0000000089a00000)
 Metaspace       used 62414K, committed 63936K, reserved 1114112K
  class space    used 6694K, committed 7360K, reserved 1048576K
}
Event: 44.462 GC heap after
{Heap after GC invocations=169 (full 3):
 PSYoungGen      total 18432K, used 1504K [0x00000000d5580000, 0x00000000d6d00000, 0x0000000100000000)
  eden space 16896K, 0% used [0x00000000d5580000,0x00000000d5580000,0x00000000d6600000)
  from space 1536K, 97% used [0x00000000d6900000,0x00000000d6a78020,0x00000000d6a80000)
  to   space 3072K, 0% used [0x00000000d6600000,0x00000000d6600000,0x00000000d6900000)
 ParOldGen       total 158720K, used 158274K [0x0000000080000000, 0x0000000089b00000, 0x00000000d5580000)
  object space 158720K, 99% used [0x0000000080000000,0x0000000089a90ab0,0x0000000089b00000)
 Metaspace       used 62414K, committed 63936K, reserved 1114112K
  class space    used 6694K, committed 7360K, reserved 1048576K
}
Event: 44.593 GC heap before
{Heap before GC invocations=170 (full 3):
 PSYoungGen      total 18432K, used 18400K [0x00000000d5580000, 0x00000000d6d00000, 0x0000000100000000)
  eden space 16896K, 100% used [0x00000000d5580000,0x00000000d6600000,0x00000000d6600000)
  from space 1536K, 97% used [0x00000000d6900000,0x00000000d6a78020,0x00000000d6a80000)
  to   space 3072K, 0% used [0x00000000d6600000,0x00000000d6600000,0x00000000d6900000)
 ParOldGen       total 158720K, used 158274K [0x0000000080000000, 0x0000000089b00000, 0x00000000d5580000)
  object space 158720K, 99% used [0x0000000080000000,0x0000000089a90ab0,0x0000000089b00000)
 Metaspace       used 62515K, committed 64064K, reserved 1114112K
  class space    used 6696K, committed 7360K, reserved 1048576K
}
Event: 44.597 GC heap after
{Heap after GC invocations=170 (full 3):
 PSYoungGen      total 18432K, used 1248K [0x00000000d5580000, 0x00000000d6a00000, 0x0000000100000000)
  eden space 16896K, 0% used [0x00000000d5580000,0x00000000d5580000,0x00000000d6600000)
  from space 1536K, 81% used [0x00000000d6600000,0x00000000d6738000,0x00000000d6780000)
  to   space 2048K, 0% used [0x00000000d6800000,0x00000000d6800000,0x00000000d6a00000)
 ParOldGen       total 159744K, used 159525K [0x0000000080000000, 0x0000000089c00000, 0x00000000d5580000)
  object space 159744K, 99% used [0x0000000080000000,0x0000000089bc9598,0x0000000089c00000)
 Metaspace       used 62515K, committed 64064K, reserved 1114112K
  class space    used 6696K, committed 7360K, reserved 1048576K
}
Event: 44.760 GC heap before
{Heap before GC invocations=171 (full 3):
 PSYoungGen      total 18432K, used 18140K [0x00000000d5580000, 0x00000000d6a00000, 0x0000000100000000)
  eden space 16896K, 99% used [0x00000000d5580000,0x00000000d65ff340,0x00000000d6600000)
  from space 1536K, 81% used [0x00000000d6600000,0x00000000d6738000,0x00000000d6780000)
  to   space 2048K, 0% used [0x00000000d6800000,0x00000000d6800000,0x00000000d6a00000)
 ParOldGen       total 159744K, used 159525K [0x0000000080000000, 0x0000000089c00000, 0x00000000d5580000)
  object space 159744K, 99% used [0x0000000080000000,0x0000000089bc9598,0x0000000089c00000)
 Metaspace       used 62893K, committed 64512K, reserved 1114112K
  class space    used 6719K, committed 7424K, reserved 1048576K
}
Event: 44.765 GC heap after
{Heap after GC invocations=171 (full 3):
 PSYoungGen      total 18432K, used 1312K [0x00000000d5580000, 0x00000000d6980000, 0x0000000100000000)
  eden space 16896K, 0% used [0x00000000d5580000,0x00000000d5580000,0x00000000d6600000)
  from space 1536K, 85% used [0x00000000d6800000,0x00000000d6948000,0x00000000d6980000)
  to   space 1536K, 0% used [0x00000000d6600000,0x00000000d6600000,0x00000000d6780000)
 ParOldGen       total 160768K, used 160622K [0x0000000080000000, 0x0000000089d00000, 0x00000000d5580000)
  object space 160768K, 99% used [0x0000000080000000,0x0000000089cdba58,0x0000000089d00000)
 Metaspace       used 62893K, committed 64512K, reserved 1114112K
  class space    used 6719K, committed 7424K, reserved 1048576K
}
Event: 45.084 GC heap before
{Heap before GC invocations=172 (full 3):
 PSYoungGen      total 18432K, used 18208K [0x00000000d5580000, 0x00000000d6980000, 0x0000000100000000)
  eden space 16896K, 100% used [0x00000000d5580000,0x00000000d6600000,0x00000000d6600000)
  from space 1536K, 85% used [0x00000000d6800000,0x00000000d6948000,0x00000000d6980000)
  to   space 1536K, 0% used [0x00000000d6600000,0x00000000d6600000,0x00000000d6780000)
 ParOldGen       total 160768K, used 160622K [0x0000000080000000, 0x0000000089d00000, 0x00000000d5580000)
  object space 160768K, 99% used [0x0000000080000000,0x0000000089cdba58,0x0000000089d00000)
 Metaspace       used 63974K, committed 65536K, reserved 1114112K
  class space    used 6835K, committed 7552K, reserved 1048576K
}
Event: 45.089 GC heap after
{Heap after GC invocations=172 (full 3):
 PSYoungGen      total 18432K, used 1517K [0x00000000d5580000, 0x00000000d6d00000, 0x0000000100000000)
  eden space 16896K, 0% used [0x00000000d5580000,0x00000000d5580000,0x00000000d6600000)
  from space 1536K, 98% used [0x00000000d6600000,0x00000000d677b518,0x00000000d6780000)
  to   space 3584K, 0% used [0x00000000d6980000,0x00000000d6980000,0x00000000d6d00000)
 ParOldGen       total 162304K, used 161933K [0x0000000080000000, 0x0000000089e80000, 0x00000000d5580000)
  object space 162304K, 99% used [0x0000000080000000,0x0000000089e234b8,0x0000000089e80000)
 Metaspace       used 63974K, committed 65536K, reserved 1114112K
  class space    used 6835K, committed 7552K, reserved 1048576K
}
Event: 45.291 GC heap before
{Heap before GC invocations=173 (full 3):
 PSYoungGen      total 18432K, used 18413K [0x00000000d5580000, 0x00000000d6d00000, 0x0000000100000000)
  eden space 16896K, 100% used [0x00000000d5580000,0x00000000d6600000,0x00000000d6600000)
  from space 1536K, 98% used [0x00000000d6600000,0x00000000d677b518,0x00000000d6780000)
  to   space 3584K, 0% used [0x00000000d6980000,0x00000000d6980000,0x00000000d6d00000)
 ParOldGen       total 162304K, used 161933K [0x0000000080000000, 0x0000000089e80000, 0x00000000d5580000)
  object space 162304K, 99% used [0x0000000080000000,0x0000000089e234b8,0x0000000089e80000)
 Metaspace       used 65038K, committed 66560K, reserved 1114112K
  class space    used 6937K, committed 7616K, reserved 1048576K
}
Event: 45.296 GC heap after
{Heap after GC invocations=173 (full 3):
 PSYoungGen      total 18944K, used 1860K [0x00000000d5580000, 0x00000000d6b80000, 0x0000000100000000)
  eden space 16896K, 0% used [0x00000000d5580000,0x00000000d5580000,0x00000000d6600000)
  from space 2048K, 90% used [0x00000000d6980000,0x00000000d6b51250,0x00000000d6b80000)
  to   space 2560K, 0% used [0x00000000d6680000,0x00000000d6680000,0x00000000d6900000)
 ParOldGen       total 163840K, used 163420K [0x0000000080000000, 0x000000008a000000, 0x00000000d5580000)
  object space 163840K, 99% used [0x0000000080000000,0x0000000089f970d0,0x000000008a000000)
 Metaspace       used 65038K, committed 66560K, reserved 1114112K
  class space    used 6937K, committed 7616K, reserved 1048576K
}
Event: 45.791 GC heap before
{Heap before GC invocations=174 (full 3):
 PSYoungGen      total 18944K, used 18756K [0x00000000d5580000, 0x00000000d6b80000, 0x0000000100000000)
  eden space 16896K, 100% used [0x00000000d5580000,0x00000000d6600000,0x00000000d6600000)
  from space 2048K, 90% used [0x00000000d6980000,0x00000000d6b51250,0x00000000d6b80000)
  to   space 2560K, 0% used [0x00000000d6680000,0x00000000d6680000,0x00000000d6900000)
 ParOldGen       total 163840K, used 163420K [0x0000000080000000, 0x000000008a000000, 0x00000000d5580000)
  object space 163840K, 99% used [0x0000000080000000,0x0000000089f970d0,0x000000008a000000)
 Metaspace       used 65450K, committed 67008K, reserved 1114112K
  class space    used 6964K, committed 7680K, reserved 1048576K
}
Event: 45.794 GC heap after
{Heap after GC invocations=174 (full 3):
 PSYoungGen      total 18432K, used 1024K [0x00000000d5580000, 0x00000000d6a00000, 0x0000000100000000)
  eden space 16896K, 0% used [0x00000000d5580000,0x00000000d5580000,0x00000000d6600000)
  from space 1536K, 66% used [0x00000000d6680000,0x00000000d6780020,0x00000000d6800000)
  to   space 1536K, 0% used [0x00000000d6880000,0x00000000d6880000,0x00000000d6a00000)
 ParOldGen       total 165376K, used 165058K [0x0000000080000000, 0x000000008a180000, 0x00000000d5580000)
  object space 165376K, 99% used [0x0000000080000000,0x000000008a1308a0,0x000000008a180000)
 Metaspace       used 65450K, committed 67008K, reserved 1114112K
  class space    used 6964K, committed 7680K, reserved 1048576K
}
Event: 45.940 GC heap before
{Heap before GC invocations=175 (full 3):
 PSYoungGen      total 18432K, used 17516K [0x00000000d5580000, 0x00000000d6a00000, 0x0000000100000000)
  eden space 16896K, 97% used [0x00000000d5580000,0x00000000d659b170,0x00000000d6600000)
  from space 1536K, 66% used [0x00000000d6680000,0x00000000d6780020,0x00000000d6800000)
  to   space 1536K, 0% used [0x00000000d6880000,0x00000000d6880000,0x00000000d6a00000)
 ParOldGen       total 165376K, used 165058K [0x0000000080000000, 0x000000008a180000, 0x00000000d5580000)
  object space 165376K, 99% used [0x0000000080000000,0x000000008a1308a0,0x000000008a180000)
 Metaspace       used 65595K, committed 67200K, reserved 1114112K
  class space    used 6978K, committed 7680K, reserved 1048576K
}
Event: 45.942 GC heap after
{Heap after GC invocations=175 (full 3):
 PSYoungGen      total 17920K, used 564K [0x00000000d5580000, 0x00000000d6980000, 0x0000000100000000)
  eden space 16896K, 0% used [0x00000000d5580000,0x00000000d5580000,0x00000000d6600000)
  from space 1024K, 55% used [0x00000000d6880000,0x00000000d690d220,0x00000000d6980000)
  to   space 1024K, 0% used [0x00000000d6780000,0x00000000d6780000,0x00000000d6880000)
 ParOldGen       total 165888K, used 165799K [0x0000000080000000, 0x000000008a200000, 0x00000000d5580000)
  object space 165888K, 99% used [0x0000000080000000,0x000000008a1e9fd8,0x000000008a200000)
 Metaspace       used 65595K, committed 67200K, reserved 1114112K
  class space    used 6978K, committed 7680K, reserved 1048576K
}
Event: 46.065 GC heap before
{Heap before GC invocations=176 (full 3):
 PSYoungGen      total 17920K, used 17460K [0x00000000d5580000, 0x00000000d6980000, 0x0000000100000000)
  eden space 16896K, 100% used [0x00000000d5580000,0x00000000d6600000,0x00000000d6600000)
  from space 1024K, 55% used [0x00000000d6880000,0x00000000d690d220,0x00000000d6980000)
  to   space 1024K, 0% used [0x00000000d6780000,0x00000000d6780000,0x00000000d6880000)
 ParOldGen       total 165888K, used 165799K [0x0000000080000000, 0x000000008a200000, 0x00000000d5580000)
  object space 165888K, 99% used [0x0000000080000000,0x000000008a1e9fd8,0x000000008a200000)
 Metaspace       used 65732K, committed 67392K, reserved 1114112K
  class space    used 7003K, committed 7744K, reserved 1048576K
}
Event: 46.068 GC heap after
{Heap after GC invocations=176 (full 3):
 PSYoungGen      total 17920K, used 576K [0x00000000d5580000, 0x00000000d6900000, 0x0000000100000000)
  eden space 16896K, 0% used [0x00000000d5580000,0x00000000d5580000,0x00000000d6600000)
  from space 1024K, 56% used [0x00000000d6780000,0x00000000d6810020,0x00000000d6880000)
  to   space 512K, 0% used [0x00000000d6880000,0x00000000d6880000,0x00000000d6900000)
 ParOldGen       total 166400K, used 166156K [0x0000000080000000, 0x000000008a280000, 0x00000000d5580000)
  object space 166400K, 99% used [0x0000000080000000,0x000000008a243008,0x000000008a280000)
 Metaspace       used 65732K, committed 67392K, reserved 1114112K
  class space    used 7003K, committed 7744K, reserved 1048576K
}

