# JRE version: OpenJDK Runtime Environment Temurin-21.0.8+9 (21.0.8+9) (build 21.0.8+9-LTS)
# Java VM: OpenJDK 64-Bit Server VM Temurin-21.0.8+9 (21.0.8+9-LTS, mixed mode, sharing, tiered, compressed oops, compressed class ptrs, parallel gc, windows-amd64)
GC Precious Log:
 CardTable entry size: 512
 CPUs: 12 total, 12 available
 Memory: 6005M
 Large Page Support: Disabled
 NUMA Support: Disabled
 Compressed Oops: Enabled (32-bit)
 Alignments: Space 512K, Generation 512K, Heap 2M
 Heap Min Capacity: 100M
 Heap Initial Capacity: 100M
 Heap Max Capacity: 2G
 Pre-touch: Disabled
 Parallel Workers: 10
Heap:
 PSYoungGen      total 5120K, used 1010K [0x00000000d5580000, 0x00000000d5c00000, 0x0000000100000000)
  eden space 4096K, 0% used [0x00000000d5580000,0x00000000d5580000,0x00000000d5980000)
  from space 1024K, 98% used [0x00000000d5980000,0x00000000d5a7ca50,0x00000000d5a80000)
  to   space 1024K, 0% used [0x00000000d5b00000,0x00000000d5b00000,0x00000000d5c00000)
 ParOldGen       total 100352K, used 78690K [0x0000000080000000, 0x0000000086200000, 0x00000000d5580000)
  object space 100352K, 78% used [0x0000000080000000,0x0000000084cd8a40,0x0000000086200000)
 Metaspace       used 68510K, committed 70144K, reserved 1114112K
  class space    used 7107K, committed 7808K, reserved 1048576K
GC Heap History (20 events):
Event: 82.575 GC heap after
{Heap after GC invocations=183 (full 3):
 PSYoungGen      total 5120K, used 1504K [0x00000000d5580000, 0x00000000d6200000, 0x0000000100000000)
  eden space 3584K, 0% used [0x00000000d5580000,0x00000000d5580000,0x00000000d5900000)
  from space 1536K, 97% used [0x00000000d5c80000,0x00000000d5df8010,0x00000000d5e00000)
  to   space 3584K, 0% used [0x00000000d5900000,0x00000000d5900000,0x00000000d5c80000)
 ParOldGen       total 159232K, used 158789K [0x0000000080000000, 0x0000000089b80000, 0x00000000d5580000)
  object space 159232K, 99% used [0x0000000080000000,0x0000000089b115d0,0x0000000089b80000)
 Metaspace       used 68417K, committed 70080K, reserved 1114112K
  class space    used 7108K, committed 7808K, reserved 1048576K
}
Event: 82.586 GC heap before
{Heap before GC invocations=184 (full 3):
 PSYoungGen      total 5120K, used 5088K [0x00000000d5580000, 0x00000000d6200000, 0x0000000100000000)
  eden space 3584K, 100% used [0x00000000d5580000,0x00000000d5900000,0x00000000d5900000)
  from space 1536K, 97% used [0x00000000d5c80000,0x00000000d5df8010,0x00000000d5e00000)
  to   space 3584K, 0% used [0x00000000d5900000,0x00000000d5900000,0x00000000d5c80000)
 ParOldGen       total 159232K, used 158789K [0x0000000080000000, 0x0000000089b80000, 0x00000000d5580000)
  object space 159232K, 99% used [0x0000000080000000,0x0000000089b115d0,0x0000000089b80000)
 Metaspace       used 68426K, committed 70080K, reserved 1114112K
  class space    used 7108K, committed 7808K, reserved 1048576K
}
Event: 82.588 GC heap after
{Heap after GC invocations=184 (full 3):
 PSYoungGen      total 4096K, used 512K [0x00000000d5580000, 0x00000000d5d00000, 0x0000000100000000)
  eden space 3584K, 0% used [0x00000000d5580000,0x00000000d5580000,0x00000000d5900000)
  from space 512K, 100% used [0x00000000d5900000,0x00000000d5980000,0x00000000d5980000)
  to   space 1536K, 0% used [0x00000000d5b80000,0x00000000d5b80000,0x00000000d5d00000)
 ParOldGen       total 160768K, used 160349K [0x0000000080000000, 0x0000000089d00000, 0x00000000d5580000)
  object space 160768K, 99% used [0x0000000080000000,0x0000000089c97600,0x0000000089d00000)
 Metaspace       used 68426K, committed 70080K, reserved 1114112K
  class space    used 7108K, committed 7808K, reserved 1048576K
}
Event: 82.606 GC heap before
{Heap before GC invocations=185 (full 3):
 PSYoungGen      total 4096K, used 4096K [0x00000000d5580000, 0x00000000d5d00000, 0x0000000100000000)
  eden space 3584K, 100% used [0x00000000d5580000,0x00000000d5900000,0x00000000d5900000)
  from space 512K, 100% used [0x00000000d5900000,0x00000000d5980000,0x00000000d5980000)
  to   space 1536K, 0% used [0x00000000d5b80000,0x00000000d5b80000,0x00000000d5d00000)
 ParOldGen       total 160768K, used 160349K [0x0000000080000000, 0x0000000089d00000, 0x00000000d5580000)
  object space 160768K, 99% used [0x0000000080000000,0x0000000089c97600,0x0000000089d00000)
 Metaspace       used 68444K, committed 70080K, reserved 1114112K
  class space    used 7108K, committed 7808K, reserved 1048576K
}
Event: 82.607 GC heap after
{Heap after GC invocations=185 (full 3):
 PSYoungGen      total 4096K, used 480K [0x00000000d5580000, 0x00000000d5c00000, 0x0000000100000000)
  eden space 3584K, 0% used [0x00000000d5580000,0x00000000d5580000,0x00000000d5900000)
  from space 512K, 93% used [0x00000000d5b80000,0x00000000d5bf8000,0x00000000d5c00000)
  to   space 1024K, 0% used [0x00000000d5a00000,0x00000000d5a00000,0x00000000d5b00000)
 ParOldGen       total 160768K, used 160677K [0x0000000080000000, 0x0000000089d00000, 0x00000000d5580000)
  object space 160768K, 99% used [0x0000000080000000,0x0000000089ce9620,0x0000000089d00000)
 Metaspace       used 68444K, committed 70080K, reserved 1114112K
  class space    used 7108K, committed 7808K, reserved 1048576K
}
Event: 82.628 GC heap before
{Heap before GC invocations=186 (full 3):
 PSYoungGen      total 4096K, used 4064K [0x00000000d5580000, 0x00000000d5c00000, 0x0000000100000000)
  eden space 3584K, 100% used [0x00000000d5580000,0x00000000d5900000,0x00000000d5900000)
  from space 512K, 93% used [0x00000000d5b80000,0x00000000d5bf8000,0x00000000d5c00000)
  to   space 1024K, 0% used [0x00000000d5a00000,0x00000000d5a00000,0x00000000d5b00000)
 ParOldGen       total 160768K, used 160677K [0x0000000080000000, 0x0000000089d00000, 0x00000000d5580000)
  object space 160768K, 99% used [0x0000000080000000,0x0000000089ce9620,0x0000000089d00000)
 Metaspace       used 68447K, committed 70080K, reserved 1114112K
  class space    used 7108K, committed 7808K, reserved 1048576K
}
Event: 82.629 GC heap after
{Heap after GC invocations=186 (full 3):
 PSYoungGen      total 4608K, used 634K [0x00000000d5580000, 0x00000000d5c00000, 0x0000000100000000)
  eden space 3584K, 0% used [0x00000000d5580000,0x00000000d5580000,0x00000000d5900000)
  from space 1024K, 61% used [0x00000000d5a00000,0x00000000d5a9e810,0x00000000d5b00000)
  to   space 1024K, 0% used [0x00000000d5b00000,0x00000000d5b00000,0x00000000d5c00000)
 ParOldGen       total 161280K, used 161052K [0x0000000080000000, 0x0000000089d80000, 0x00000000d5580000)
  object space 161280K, 99% used [0x0000000080000000,0x0000000089d47048,0x0000000089d80000)
 Metaspace       used 68447K, committed 70080K, reserved 1114112K
  class space    used 7108K, committed 7808K, reserved 1048576K
}
Event: 82.676 GC heap before
{Heap before GC invocations=187 (full 3):
 PSYoungGen      total 4608K, used 4218K [0x00000000d5580000, 0x00000000d5c00000, 0x0000000100000000)
  eden space 3584K, 100% used [0x00000000d5580000,0x00000000d5900000,0x00000000d5900000)
  from space 1024K, 61% used [0x00000000d5a00000,0x00000000d5a9e810,0x00000000d5b00000)
  to   space 1024K, 0% used [0x00000000d5b00000,0x00000000d5b00000,0x00000000d5c00000)
 ParOldGen       total 161280K, used 161052K [0x0000000080000000, 0x0000000089d80000, 0x00000000d5580000)
  object space 161280K, 99% used [0x0000000080000000,0x0000000089d47048,0x0000000089d80000)
 Metaspace       used 68461K, committed 70080K, reserved 1114112K
  class space    used 7108K, committed 7808K, reserved 1048576K
}
Event: 82.678 GC heap after
{Heap after GC invocations=187 (full 3):
 PSYoungGen      total 4608K, used 832K [0x00000000d5580000, 0x00000000d5c00000, 0x0000000100000000)
  eden space 3584K, 0% used [0x00000000d5580000,0x00000000d5580000,0x00000000d5900000)
  from space 1024K, 81% used [0x00000000d5b00000,0x00000000d5bd0000,0x00000000d5c00000)
  to   space 1024K, 0% used [0x00000000d5a00000,0x00000000d5a00000,0x00000000d5b00000)
 ParOldGen       total 161792K, used 161460K [0x0000000080000000, 0x0000000089e00000, 0x00000000d5580000)
  object space 161792K, 99% used [0x0000000080000000,0x0000000089dad068,0x0000000089e00000)
 Metaspace       used 68461K, committed 70080K, reserved 1114112K
  class space    used 7108K, committed 7808K, reserved 1048576K
}
Event: 82.725 GC heap before
{Heap before GC invocations=188 (full 3):
 PSYoungGen      total 4608K, used 4416K [0x00000000d5580000, 0x00000000d5c00000, 0x0000000100000000)
  eden space 3584K, 100% used [0x00000000d5580000,0x00000000d5900000,0x00000000d5900000)
  from space 1024K, 81% used [0x00000000d5b00000,0x00000000d5bd0000,0x00000000d5c00000)
  to   space 1024K, 0% used [0x00000000d5a00000,0x00000000d5a00000,0x00000000d5b00000)
 ParOldGen       total 161792K, used 161460K [0x0000000080000000, 0x0000000089e00000, 0x00000000d5580000)
  object space 161792K, 99% used [0x0000000080000000,0x0000000089dad068,0x0000000089e00000)
 Metaspace       used 68476K, committed 70144K, reserved 1114112K
  class space    used 7108K, committed 7808K, reserved 1048576K
}
Event: 82.727 GC heap after
{Heap after GC invocations=188 (full 3):
 PSYoungGen      total 4096K, used 512K [0x00000000d5580000, 0x00000000d5b80000, 0x0000000100000000)
  eden space 3584K, 0% used [0x00000000d5580000,0x00000000d5580000,0x00000000d5900000)
  from space 512K, 100% used [0x00000000d5a00000,0x00000000d5a80000,0x00000000d5a80000)
  to   space 1024K, 0% used [0x00000000d5a80000,0x00000000d5a80000,0x00000000d5b80000)
 ParOldGen       total 162304K, used 162137K [0x0000000080000000, 0x0000000089e80000, 0x00000000d5580000)
  object space 162304K, 99% used [0x0000000080000000,0x0000000089e565b8,0x0000000089e80000)
 Metaspace       used 68476K, committed 70144K, reserved 1114112K
  class space    used 7108K, committed 7808K, reserved 1048576K
}
Event: 308.991 GC heap before
{Heap before GC invocations=189 (full 3):
 PSYoungGen      total 4096K, used 4095K [0x00000000d5580000, 0x00000000d5b80000, 0x0000000100000000)
  eden space 3584K, 99% used [0x00000000d5580000,0x00000000d58fffd8,0x00000000d5900000)
  from space 512K, 100% used [0x00000000d5a00000,0x00000000d5a80000,0x00000000d5a80000)
  to   space 1024K, 0% used [0x00000000d5a80000,0x00000000d5a80000,0x00000000d5b80000)
 ParOldGen       total 162304K, used 162137K [0x0000000080000000, 0x0000000089e80000, 0x00000000d5580000)
  object space 162304K, 99% used [0x0000000080000000,0x0000000089e565b8,0x0000000089e80000)
 Metaspace       used 68517K, committed 70144K, reserved 1114112K
  class space    used 7110K, committed 7808K, reserved 1048576K
}
Event: 309.068 GC heap after
{Heap after GC invocations=189 (full 3):
 PSYoungGen      total 4608K, used 538K [0x00000000d5580000, 0x00000000d5b80000, 0x0000000100000000)
  eden space 3584K, 0% used [0x00000000d5580000,0x00000000d5580000,0x00000000d5900000)
  from space 1024K, 52% used [0x00000000d5a80000,0x00000000d5b06900,0x00000000d5b80000)
  to   space 1024K, 0% used [0x00000000d5980000,0x00000000d5980000,0x00000000d5a80000)
 ParOldGen       total 162816K, used 162553K [0x0000000080000000, 0x0000000089f00000, 0x00000000d5580000)
  object space 162816K, 99% used [0x0000000080000000,0x0000000089ebe5b8,0x0000000089f00000)
 Metaspace       used 68517K, committed 70144K, reserved 1114112K
  class space    used 7110K, committed 7808K, reserved 1048576K
}
Event: 310.176 GC heap before
{Heap before GC invocations=190 (full 3):
 PSYoungGen      total 4608K, used 4119K [0x00000000d5580000, 0x00000000d5b80000, 0x0000000100000000)
  eden space 3584K, 99% used [0x00000000d5580000,0x00000000d58ff320,0x00000000d5900000)
  from space 1024K, 52% used [0x00000000d5a80000,0x00000000d5b06900,0x00000000d5b80000)
  to   space 1024K, 0% used [0x00000000d5980000,0x00000000d5980000,0x00000000d5a80000)
 ParOldGen       total 162816K, used 162553K [0x0000000080000000, 0x0000000089f00000, 0x00000000d5580000)
  object space 162816K, 99% used [0x0000000080000000,0x0000000089ebe5b8,0x0000000089f00000)
 Metaspace       used 68521K, committed 70144K, reserved 1114112K
  class space    used 7110K, committed 7808K, reserved 1048576K
}
Event: 314.200 GC heap after
{Heap after GC invocations=190 (full 3):
 PSYoungGen      total 4608K, used 4119K [0x00000000d5580000, 0x00000000d5b80000, 0x0000000100000000)
  eden space 3584K, 99% used [0x00000000d5580000,0x00000000d58ff320,0x00000000d5900000)
  from space 1024K, 52% used [0x00000000d5a80000,0x00000000d5b06900,0x00000000d5b80000)
  to   space 1024K, 98% used [0x00000000d5980000,0x00000000d5a7b2c8,0x00000000d5a80000)
 ParOldGen       total 163328K, used 163129K [0x0000000080000000, 0x0000000089f80000, 0x00000000d5580000)
  object space 163328K, 99% used [0x0000000080000000,0x0000000089f4e4e8,0x0000000089f80000)
 Metaspace       used 68521K, committed 70144K, reserved 1114112K
  class space    used 7110K, committed 7808K, reserved 1048576K
}
Event: 314.200 GC heap before
{Heap before GC invocations=191 (full 4):
 PSYoungGen      total 4608K, used 4119K [0x00000000d5580000, 0x00000000d5b80000, 0x0000000100000000)
  eden space 3584K, 99% used [0x00000000d5580000,0x00000000d58ff320,0x00000000d5900000)
  from space 1024K, 52% used [0x00000000d5a80000,0x00000000d5b06900,0x00000000d5b80000)
  to   space 1024K, 98% used [0x00000000d5980000,0x00000000d5a7b2c8,0x00000000d5a80000)
 ParOldGen       total 163328K, used 163129K [0x0000000080000000, 0x0000000089f80000, 0x00000000d5580000)
  object space 163328K, 99% used [0x0000000080000000,0x0000000089f4e4e8,0x0000000089f80000)
 Metaspace       used 68521K, committed 70144K, reserved 1114112K
  class space    used 7110K, committed 7808K, reserved 1048576K
}
Event: 316.028 GC heap after
{Heap after GC invocations=191 (full 4):
 PSYoungGen      total 5120K, used 0K [0x00000000d5580000, 0x00000000d5c00000, 0x0000000100000000)
  eden space 4096K, 0% used [0x00000000d5580000,0x00000000d5580000,0x00000000d5980000)
  from space 1024K, 0% used [0x00000000d5980000,0x00000000d5980000,0x00000000d5a80000)
  to   space 1024K, 0% used [0x00000000d5b00000,0x00000000d5b00000,0x00000000d5c00000)
 ParOldGen       total 100352K, used 73082K [0x0000000080000000, 0x0000000086200000, 0x00000000d5580000)
  object space 100352K, 72% used [0x0000000080000000,0x000000008475e8f8,0x0000000086200000)
 Metaspace       used 68510K, committed 70144K, reserved 1114112K
  class space    used 7107K, committed 7808K, reserved 1048576K
}
Event: 316.094 GC heap before
{Heap before GC invocations=192 (full 4):
 PSYoungGen      total 5120K, used 4045K [0x00000000d5580000, 0x00000000d5c00000, 0x0000000100000000)
  eden space 4096K, 98% used [0x00000000d5580000,0x00000000d5973758,0x00000000d5980000)
  from space 1024K, 0% used [0x00000000d5980000,0x00000000d5980000,0x00000000d5a80000)
  to   space 1024K, 0% used [0x00000000d5b00000,0x00000000d5b00000,0x00000000d5c00000)
 ParOldGen       total 100352K, used 73082K [0x0000000080000000, 0x0000000086200000, 0x00000000d5580000)
  object space 100352K, 72% used [0x0000000080000000,0x000000008475e8f8,0x0000000086200000)
 Metaspace       used 68510K, committed 70144K, reserved 1114112K
  class space    used 7107K, committed 7808K, reserved 1048576K
}
Event: 318.116 GC heap after
{Heap after GC invocations=192 (full 4):
 PSYoungGen      total 5120K, used 1009K [0x00000000d5580000, 0x00000000d5c00000, 0x0000000100000000)
  eden space 4096K, 0% used [0x00000000d5580000,0x00000000d5580000,0x00000000d5980000)
  from space 1024K, 98% used [0x00000000d5b00000,0x00000000d5bfc660,0x00000000d5c00000)
  to   space 1024K, 0% used [0x00000000d5980000,0x00000000d5980000,0x00000000d5a80000)
 ParOldGen       total 100352K, used 75456K [0x0000000080000000, 0x0000000086200000, 0x00000000d5580000)
  object space 100352K, 75% used [0x0000000080000000,0x00000000849b00b0,0x0000000086200000)
 Metaspace       used 68510K, committed 70144K, reserved 1114112K
  class space    used 7107K, committed 7808K, reserved 1048576K
}
Event: 318.176 GC heap before
{Heap before GC invocations=193 (full 4):
 PSYoungGen      total 5120K, used 5097K [0x00000000d5580000, 0x00000000d5c00000, 0x0000000100000000)
  eden space 4096K, 99% used [0x00000000d5580000,0x00000000d597dfc0,0x00000000d5980000)
  from space 1024K, 98% used [0x00000000d5b00000,0x00000000d5bfc660,0x00000000d5c00000)
  to   space 1024K, 0% used [0x00000000d5980000,0x00000000d5980000,0x00000000d5a80000)
 ParOldGen       total 100352K, used 75456K [0x0000000080000000, 0x0000000086200000, 0x00000000d5580000)
  object space 100352K, 75% used [0x0000000080000000,0x00000000849b00b0,0x0000000086200000)
 Metaspace       used 68510K, committed 70144K, reserved 1114112K
  class space    used 7107K, committed 7808K, reserved 1048576K
}

