# JRE version: Java(TM) SE Runtime Environment (22.0.2+9) (build 22.0.2+9-70)
# Java VM: Java HotSpot(TM) 64-Bit Server VM (22.0.2+9-70, mixed mode, emulated-client, sharing, tiered, compressed oops, compressed class ptrs, g1 gc, windows-amd64)
GC Precious Log:
 CardTable entry size: 512
 Card Set container configuration: InlinePtr #cards 5 size 8 Array Of Cards #cards 12 size 40 Howl #buckets 4 coarsen threshold 1843 Howl Bitmap #cards 512 size 80 coarsen threshold 460 Card regions per heap region 1 cards per card region 2048
 CPUs: 12 total, 12 available
 Memory: 6005M
 Large Page Support: Disabled
 NUMA Support: Disabled
 Compressed Oops: Enabled (32-bit)
 Heap Region Size: 1M
 Heap Min Capacity: 8M
 Heap Initial Capacity: 94M
 Heap Max Capacity: 1502M
 Pre-touch: Disabled
 Parallel Workers: 10
 Concurrent Workers: 3
 Concurrent Refinement Workers: 10
 Periodic GC: Disabled
Heap:
 garbage-first heap   total reserved 1538048K, committed 174080K, used 107305K [0x00000000a2200000, 0x0000000100000000)
  region size 1024K, 55 young (56320K), 7 survivors (7168K)
 Metaspace       used 96564K, committed 97792K, reserved 1179648K
  class space    used 13858K, committed 14400K, reserved 1048576K
GC Heap History (20 events):
Event: 5736.694 GC heap after
{Heap after GC invocations=136 (full 8):
 garbage-first heap   total reserved 1538048K, committed 140288K, used 39113K [0x00000000a2200000, 0x0000000100000000)
  region size 1024K, 0 young (0K), 0 survivors (0K)
 Metaspace       used 93634K, committed 94720K, reserved 1179648K
  class space    used 13548K, committed 13952K, reserved 1048576K
}
Event: 5739.457 GC heap before
{Heap before GC invocations=136 (full 8):
 garbage-first heap   total reserved 1538048K, committed 140288K, used 103625K [0x00000000a2200000, 0x0000000100000000)
  region size 1024K, 65 young (66560K), 0 survivors (0K)
 Metaspace       used 93995K, committed 94976K, reserved 1179648K
  class space    used 13612K, committed 14016K, reserved 1048576K
}
Event: 5739.469 GC heap after
{Heap after GC invocations=137 (full 8):
 garbage-first heap   total reserved 1538048K, committed 140288K, used 46092K [0x00000000a2200000, 0x0000000100000000)
  region size 1024K, 7 young (7168K), 7 survivors (7168K)
 Metaspace       used 93995K, committed 94976K, reserved 1179648K
  class space    used 13612K, committed 14016K, reserved 1048576K
}
Event: 5749.988 GC heap before
{Heap before GC invocations=138 (full 8):
 garbage-first heap   total reserved 1538048K, committed 140288K, used 120844K [0x00000000a2200000, 0x0000000100000000)
  region size 1024K, 81 young (82944K), 7 survivors (7168K)
 Metaspace       used 94590K, committed 95680K, reserved 1179648K
  class space    used 13690K, committed 14144K, reserved 1048576K
}
Event: 5750.005 GC heap after
{Heap after GC invocations=139 (full 8):
 garbage-first heap   total reserved 1538048K, committed 140288K, used 46831K [0x00000000a2200000, 0x0000000100000000)
  region size 1024K, 6 young (6144K), 6 survivors (6144K)
 Metaspace       used 94590K, committed 95680K, reserved 1179648K
  class space    used 13690K, committed 14144K, reserved 1048576K
}
Event: 5751.759 GC heap before
{Heap before GC invocations=139 (full 8):
 garbage-first heap   total reserved 1538048K, committed 140288K, used 99055K [0x00000000a2200000, 0x0000000100000000)
  region size 1024K, 59 young (60416K), 6 survivors (6144K)
 Metaspace       used 94900K, committed 96000K, reserved 1179648K
  class space    used 13722K, committed 14208K, reserved 1048576K
}
Event: 5751.767 GC heap after
{Heap after GC invocations=140 (full 8):
 garbage-first heap   total reserved 1538048K, committed 140288K, used 50751K [0x00000000a2200000, 0x0000000100000000)
  region size 1024K, 9 young (9216K), 9 survivors (9216K)
 Metaspace       used 94900K, committed 96000K, reserved 1179648K
  class space    used 13722K, committed 14208K, reserved 1048576K
}
Event: 5753.269 GC heap before
{Heap before GC invocations=141 (full 8):
 garbage-first heap   total reserved 1538048K, committed 140288K, used 119359K [0x00000000a2200000, 0x0000000100000000)
  region size 1024K, 76 young (77824K), 9 survivors (9216K)
 Metaspace       used 95382K, committed 96576K, reserved 1179648K
  class space    used 13786K, committed 14272K, reserved 1048576K
}
Event: 5753.285 GC heap after
{Heap after GC invocations=142 (full 8):
 garbage-first heap   total reserved 1538048K, committed 140288K, used 55948K [0x00000000a2200000, 0x0000000100000000)
  region size 1024K, 10 young (10240K), 10 survivors (10240K)
 Metaspace       used 95382K, committed 96576K, reserved 1179648K
  class space    used 13786K, committed 14272K, reserved 1048576K
}
Event: 5808.177 GC heap before
{Heap before GC invocations=142 (full 8):
 garbage-first heap   total reserved 1538048K, committed 140288K, used 102028K [0x00000000a2200000, 0x0000000100000000)
  region size 1024K, 56 young (57344K), 10 survivors (10240K)
 Metaspace       used 95580K, committed 96768K, reserved 1179648K
  class space    used 13808K, committed 14336K, reserved 1048576K
}
Event: 5809.795 GC heap after
{Heap after GC invocations=143 (full 9):
 garbage-first heap   total reserved 1538048K, committed 140288K, used 45098K [0x00000000a2200000, 0x0000000100000000)
  region size 1024K, 0 young (0K), 0 survivors (0K)
 Metaspace       used 95415K, committed 96768K, reserved 1179648K
  class space    used 13769K, committed 14336K, reserved 1048576K
}
Event: 5821.490 GC heap before
{Heap before GC invocations=143 (full 9):
 garbage-first heap   total reserved 1538048K, committed 140288K, used 120874K [0x00000000a2200000, 0x0000000100000000)
  region size 1024K, 75 young (76800K), 0 survivors (0K)
 Metaspace       used 95694K, committed 96832K, reserved 1179648K
  class space    used 13805K, committed 14336K, reserved 1048576K
}
Event: 5821.636 GC heap after
{Heap after GC invocations=144 (full 9):
 garbage-first heap   total reserved 1538048K, committed 192512K, used 47487K [0x00000000a2200000, 0x0000000100000000)
  region size 1024K, 3 young (3072K), 3 survivors (3072K)
 Metaspace       used 95694K, committed 96832K, reserved 1179648K
  class space    used 13805K, committed 14336K, reserved 1048576K
}
Event: 5970.135 GC heap before
{Heap before GC invocations=145 (full 9):
 garbage-first heap   total reserved 1538048K, committed 174080K, used 148863K [0x00000000a2200000, 0x0000000100000000)
  region size 1024K, 102 young (104448K), 3 survivors (3072K)
 Metaspace       used 95694K, committed 96832K, reserved 1179648K
  class space    used 13805K, committed 14336K, reserved 1048576K
}
Event: 5970.275 GC heap after
{Heap after GC invocations=146 (full 9):
 garbage-first heap   total reserved 1538048K, committed 174080K, used 45866K [0x00000000a2200000, 0x0000000100000000)
  region size 1024K, 1 young (1024K), 1 survivors (1024K)
 Metaspace       used 95694K, committed 96832K, reserved 1179648K
  class space    used 13805K, committed 14336K, reserved 1048576K
}
Event: 5987.747 GC heap before
{Heap before GC invocations=146 (full 9):
 garbage-first heap   total reserved 1538048K, committed 174080K, used 149290K [0x00000000a2200000, 0x0000000100000000)
  region size 1024K, 102 young (104448K), 1 survivors (1024K)
 Metaspace       used 95912K, committed 97088K, reserved 1179648K
  class space    used 13838K, committed 14336K, reserved 1048576K
}
Event: 5987.802 GC heap after
{Heap after GC invocations=147 (full 9):
 garbage-first heap   total reserved 1538048K, committed 174080K, used 53285K [0x00000000a2200000, 0x0000000100000000)
  region size 1024K, 8 young (8192K), 8 survivors (8192K)
 Metaspace       used 95912K, committed 97088K, reserved 1179648K
  class space    used 13838K, committed 14336K, reserved 1048576K
}
Event: 5992.889 GC heap before
{Heap before GC invocations=147 (full 9):
 garbage-first heap   total reserved 1538048K, committed 174080K, used 148517K [0x00000000a2200000, 0x0000000100000000)
  region size 1024K, 102 young (104448K), 8 survivors (8192K)
 Metaspace       used 96554K, committed 97728K, reserved 1179648K
  class space    used 13891K, committed 14400K, reserved 1048576K
}
Event: 5992.939 GC heap after
{Heap after GC invocations=148 (full 9):
 garbage-first heap   total reserved 1538048K, committed 174080K, used 59177K [0x00000000a2200000, 0x0000000100000000)
  region size 1024K, 7 young (7168K), 7 survivors (7168K)
 Metaspace       used 96554K, committed 97728K, reserved 1179648K
  class space    used 13891K, committed 14400K, reserved 1048576K
}
Event: 6002.628 GC heap before
{Heap before GC invocations=149 (full 9):
 garbage-first heap   total reserved 1538048K, committed 174080K, used 107305K [0x00000000a2200000, 0x0000000100000000)
  region size 1024K, 55 young (56320K), 7 survivors (7168K)
 Metaspace       used 96564K, committed 97792K, reserved 1179648K
  class space    used 13858K, committed 14400K, reserved 1048576K
}

