# JRE version: Java(TM) SE Runtime Environment (22.0.2+9) (build 22.0.2+9-70)
# Java VM: Java HotSpot(TM) 64-Bit Server VM (22.0.2+9-70, mixed mode, emulated-client, sharing, tiered, compressed oops, compressed class ptrs, g1 gc, windows-amd64)
GC Precious Log:
 CardTable entry size: 512
 Card Set container configuration: InlinePtr #cards 5 size 8 Array Of Cards #cards 12 size 40 Howl #buckets 4 coarsen threshold 1843 Howl Bitmap #cards 512 size 80 coarsen threshold 460 Card regions per heap region 1 cards per card region 2048
 CPUs: 12 total, 12 available
 Memory: 6005M
 Large Page Support: Disabled
 NUMA Support: Disabled
 Compressed Oops: Enabled (32-bit)
 Heap Region Size: 1M
 Heap Min Capacity: 8M
 Heap Initial Capacity: 94M
 Heap Max Capacity: 1502M
 Pre-touch: Disabled
 Parallel Workers: 10
 Concurrent Workers: 3
 Concurrent Refinement Workers: 10
 Periodic GC: Disabled
Heap:
 garbage-first heap   total reserved 1538048K, committed 126976K, used 78996K [0x00000000a2200000, 0x0000000100000000)
  region size 1024K, 29 young (29696K), 5 survivors (5120K)
 Metaspace       used 83026K, committed 83968K, reserved 1179648K
  class space    used 12433K, committed 12864K, reserved 1048576K
GC Heap History (20 events):
Event: 2368.056 GC heap after
{Heap after GC invocations=34 (full 1):
 garbage-first heap   total reserved 1538048K, committed 126976K, used 34903K [0x00000000a2200000, 0x0000000100000000)
  region size 1024K, 0 young (0K), 0 survivors (0K)
 Metaspace       used 80013K, committed 81152K, reserved 1179648K
  class space    used 12111K, committed 12608K, reserved 1048576K
}
Event: 2371.148 GC heap before
{Heap before GC invocations=34 (full 1):
 garbage-first heap   total reserved 1538048K, committed 126976K, used 109655K [0x00000000a2200000, 0x0000000100000000)
  region size 1024K, 74 young (75776K), 0 survivors (0K)
 Metaspace       used 80431K, committed 81344K, reserved 1179648K
  class space    used 12181K, committed 12608K, reserved 1048576K
}
Event: 2371.165 GC heap after
{Heap after GC invocations=35 (full 1):
 garbage-first heap   total reserved 1538048K, committed 126976K, used 42739K [0x00000000a2200000, 0x0000000100000000)
  region size 1024K, 8 young (8192K), 8 survivors (8192K)
 Metaspace       used 80431K, committed 81344K, reserved 1179648K
  class space    used 12181K, committed 12608K, reserved 1048576K
}
Event: 2372.643 GC heap before
{Heap before GC invocations=36 (full 1):
 garbage-first heap   total reserved 1538048K, committed 126976K, used 108275K [0x00000000a2200000, 0x0000000100000000)
  region size 1024K, 72 young (73728K), 8 survivors (8192K)
 Metaspace       used 81004K, committed 81984K, reserved 1179648K
  class space    used 12243K, committed 12672K, reserved 1048576K
}
Event: 2372.654 GC heap after
{Heap after GC invocations=37 (full 1):
 garbage-first heap   total reserved 1538048K, committed 126976K, used 48335K [0x00000000a2200000, 0x0000000100000000)
  region size 1024K, 7 young (7168K), 7 survivors (7168K)
 Metaspace       used 81004K, committed 81984K, reserved 1179648K
  class space    used 12243K, committed 12672K, reserved 1048576K
}
Event: 2374.375 GC heap before
{Heap before GC invocations=37 (full 1):
 garbage-first heap   total reserved 1538048K, committed 126976K, used 81103K [0x00000000a2200000, 0x0000000100000000)
  region size 1024K, 40 young (40960K), 7 survivors (7168K)
 Metaspace       used 81262K, committed 82240K, reserved 1179648K
  class space    used 12274K, committed 12672K, reserved 1048576K
}
Event: 2374.436 GC heap after
{Heap after GC invocations=38 (full 2):
 garbage-first heap   total reserved 1538048K, committed 126976K, used 39447K [0x00000000a2200000, 0x0000000100000000)
  region size 1024K, 0 young (0K), 0 survivors (0K)
 Metaspace       used 81081K, committed 82240K, reserved 1179648K
  class space    used 12232K, committed 12672K, reserved 1048576K
}
Event: 2375.117 GC heap before
{Heap before GC invocations=38 (full 2):
 garbage-first heap   total reserved 1538048K, committed 126976K, used 108055K [0x00000000a2200000, 0x0000000100000000)
  region size 1024K, 68 young (69632K), 0 survivors (0K)
 Metaspace       used 81355K, committed 82304K, reserved 1179648K
  class space    used 12264K, committed 12672K, reserved 1048576K
}
Event: 2375.122 GC heap after
{Heap after GC invocations=39 (full 2):
 garbage-first heap   total reserved 1538048K, committed 126976K, used 45123K [0x00000000a2200000, 0x0000000100000000)
  region size 1024K, 6 young (6144K), 6 survivors (6144K)
 Metaspace       used 81355K, committed 82304K, reserved 1179648K
  class space    used 12264K, committed 12672K, reserved 1048576K
}
Event: 2375.787 GC heap before
{Heap before GC invocations=40 (full 2):
 garbage-first heap   total reserved 1538048K, committed 126976K, used 108611K [0x00000000a2200000, 0x0000000100000000)
  region size 1024K, 68 young (69632K), 6 survivors (6144K)
 Metaspace       used 81860K, committed 82816K, reserved 1179648K
  class space    used 12310K, committed 12736K, reserved 1048576K
}
Event: 2375.793 GC heap after
{Heap after GC invocations=41 (full 2):
 garbage-first heap   total reserved 1538048K, committed 126976K, used 49321K [0x00000000a2200000, 0x0000000100000000)
  region size 1024K, 5 young (5120K), 5 survivors (5120K)
 Metaspace       used 81860K, committed 82816K, reserved 1179648K
  class space    used 12310K, committed 12736K, reserved 1048576K
}
Event: 2396.558 GC heap before
{Heap before GC invocations=41 (full 2):
 garbage-first heap   total reserved 1538048K, committed 126976K, used 83113K [0x00000000a2200000, 0x0000000100000000)
  region size 1024K, 39 young (39936K), 5 survivors (5120K)
 Metaspace       used 82060K, committed 83008K, reserved 1179648K
  class space    used 12334K, committed 12736K, reserved 1048576K
}
Event: 2396.827 GC heap after
{Heap after GC invocations=42 (full 3):
 garbage-first heap   total reserved 1538048K, committed 126976K, used 44719K [0x00000000a2200000, 0x0000000100000000)
  region size 1024K, 0 young (0K), 0 survivors (0K)
 Metaspace       used 82052K, committed 83008K, reserved 1179648K
  class space    used 12332K, committed 12736K, reserved 1048576K
}
Event: 2397.688 GC heap before
{Heap before GC invocations=42 (full 3):
 garbage-first heap   total reserved 1538048K, committed 126976K, used 108207K [0x00000000a2200000, 0x0000000100000000)
  region size 1024K, 63 young (64512K), 0 survivors (0K)
 Metaspace       used 82328K, committed 83200K, reserved 1179648K
  class space    used 12369K, committed 12736K, reserved 1048576K
}
Event: 2397.694 GC heap after
{Heap after GC invocations=43 (full 3):
 garbage-first heap   total reserved 1538048K, committed 126976K, used 50404K [0x00000000a2200000, 0x0000000100000000)
  region size 1024K, 6 young (6144K), 6 survivors (6144K)
 Metaspace       used 82328K, committed 83200K, reserved 1179648K
  class space    used 12369K, committed 12736K, reserved 1048576K
}
Event: 2398.381 GC heap before
{Heap before GC invocations=44 (full 3):
 garbage-first heap   total reserved 1538048K, committed 126976K, used 108772K [0x00000000a2200000, 0x0000000100000000)
  region size 1024K, 63 young (64512K), 6 survivors (6144K)
 Metaspace       used 82838K, committed 83776K, reserved 1179648K
  class space    used 12412K, committed 12800K, reserved 1048576K
}
Event: 2398.386 GC heap after
{Heap after GC invocations=45 (full 3):
 garbage-first heap   total reserved 1538048K, committed 126976K, used 53995K [0x00000000a2200000, 0x0000000100000000)
  region size 1024K, 5 young (5120K), 5 survivors (5120K)
 Metaspace       used 82838K, committed 83776K, reserved 1179648K
  class space    used 12412K, committed 12800K, reserved 1048576K
}
Event: 2562.822 GC heap before
{Heap before GC invocations=45 (full 3):
 garbage-first heap   total reserved 1538048K, committed 126976K, used 109291K [0x00000000a2200000, 0x0000000100000000)
  region size 1024K, 59 young (60416K), 5 survivors (5120K)
 Metaspace       used 83024K, committed 83968K, reserved 1179648K
  class space    used 12432K, committed 12864K, reserved 1048576K
}
Event: 2562.891 GC heap after
{Heap after GC invocations=46 (full 3):
 garbage-first heap   total reserved 1538048K, committed 126976K, used 55444K [0x00000000a2200000, 0x0000000100000000)
  region size 1024K, 5 young (5120K), 5 survivors (5120K)
 Metaspace       used 83024K, committed 83968K, reserved 1179648K
  class space    used 12432K, committed 12864K, reserved 1048576K
}
Event: 2850.228 GC heap before
{Heap before GC invocations=46 (full 3):
 garbage-first heap   total reserved 1538048K, committed 126976K, used 78996K [0x00000000a2200000, 0x0000000100000000)
  region size 1024K, 29 young (29696K), 5 survivors (5120K)
 Metaspace       used 83026K, committed 83968K, reserved 1179648K
  class space    used 12433K, committed 12864K, reserved 1048576K
}

