# JRE version: OpenJDK Runtime Environment Temurin-21.0.8+9 (21.0.8+9) (build 21.0.8+9-LTS)
# Java VM: OpenJDK 64-Bit Server VM Temurin-21.0.8+9 (21.0.8+9-LTS, mixed mode, sharing, tiered, compressed oops, compressed class ptrs, parallel gc, windows-amd64)
GC Precious Log:
 CardTable entry size: 512
 CPUs: 12 total, 12 available
 Memory: 6005M
 Large Page Support: Disabled
 NUMA Support: Disabled
 Compressed Oops: Enabled (32-bit)
 Alignments: Space 512K, Generation 512K, Heap 2M
 Heap Min Capacity: 100M
 Heap Initial Capacity: 100M
 Heap Max Capacity: 2G
 Pre-touch: Disabled
 Parallel Workers: 10
Heap:
 PSYoungGen      total 2560K, used 622K [0x00000000d5580000, 0x00000000d5d00000, 0x0000000100000000)
  eden space 2048K, 14% used [0x00000000d5580000,0x00000000d55cba40,0x00000000d5780000)
  from space 512K, 62% used [0x00000000d5c80000,0x00000000d5cd0000,0x00000000d5d00000)
  to   space 512K, 0% used [0x00000000d5c00000,0x00000000d5c00000,0x00000000d5c80000)
 ParOldGen       total 119808K, used 119761K [0x0000000080000000, 0x0000000087500000, 0x00000000d5580000)
  object space 119808K, 99% used [0x0000000080000000,0x00000000874f4700,0x0000000087500000)
 Metaspace       used 69775K, committed 71424K, reserved 1114112K
  class space    used 7199K, committed 7872K, reserved 1048576K
GC Heap History (20 events):
Event: 68.120 GC heap before
{Heap before GC invocations=158 (full 3):
 PSYoungGen      total 2560K, used 2544K [0x00000000d5580000, 0x00000000d5d80000, 0x0000000100000000)
  eden space 2048K, 100% used [0x00000000d5580000,0x00000000d5780000,0x00000000d5780000)
  from space 512K, 96% used [0x00000000d5d00000,0x00000000d5d7c010,0x00000000d5d80000)
  to   space 512K, 0% used [0x00000000d5c80000,0x00000000d5c80000,0x00000000d5d00000)
 ParOldGen       total 117760K, used 117558K [0x0000000080000000, 0x0000000087300000, 0x00000000d5580000)
  object space 117760K, 99% used [0x0000000080000000,0x00000000872cda18,0x0000000087300000)
 Metaspace       used 68755K, committed 70272K, reserved 1114112K
  class space    used 7115K, committed 7744K, reserved 1048576K
}
Event: 68.121 GC heap after
{Heap after GC invocations=158 (full 3):
 PSYoungGen      total 2560K, used 352K [0x00000000d5580000, 0x00000000d5d80000, 0x0000000100000000)
  eden space 2048K, 0% used [0x00000000d5580000,0x00000000d5580000,0x00000000d5780000)
  from space 512K, 68% used [0x00000000d5c80000,0x00000000d5cd8000,0x00000000d5d00000)
  to   space 512K, 0% used [0x00000000d5d00000,0x00000000d5d00000,0x00000000d5d80000)
 ParOldGen       total 118272K, used 117888K [0x0000000080000000, 0x0000000087380000, 0x00000000d5580000)
  object space 118272K, 99% used [0x0000000080000000,0x0000000087320018,0x0000000087380000)
 Metaspace       used 68755K, committed 70272K, reserved 1114112K
  class space    used 7115K, committed 7744K, reserved 1048576K
}
Event: 68.221 GC heap before
{Heap before GC invocations=159 (full 3):
 PSYoungGen      total 2560K, used 2400K [0x00000000d5580000, 0x00000000d5d80000, 0x0000000100000000)
  eden space 2048K, 100% used [0x00000000d5580000,0x00000000d5780000,0x00000000d5780000)
  from space 512K, 68% used [0x00000000d5c80000,0x00000000d5cd8000,0x00000000d5d00000)
  to   space 512K, 0% used [0x00000000d5d00000,0x00000000d5d00000,0x00000000d5d80000)
 ParOldGen       total 118272K, used 117888K [0x0000000080000000, 0x0000000087380000, 0x00000000d5580000)
  object space 118272K, 99% used [0x0000000080000000,0x0000000087320018,0x0000000087380000)
 Metaspace       used 68977K, committed 70592K, reserved 1114112K
  class space    used 7135K, committed 7808K, reserved 1048576K
}
Event: 68.222 GC heap after
{Heap after GC invocations=159 (full 3):
 PSYoungGen      total 2560K, used 448K [0x00000000d5580000, 0x00000000d5d80000, 0x0000000100000000)
  eden space 2048K, 0% used [0x00000000d5580000,0x00000000d5580000,0x00000000d5780000)
  from space 512K, 87% used [0x00000000d5d00000,0x00000000d5d70000,0x00000000d5d80000)
  to   space 512K, 0% used [0x00000000d5c80000,0x00000000d5c80000,0x00000000d5d00000)
 ParOldGen       total 118272K, used 118053K [0x0000000080000000, 0x0000000087380000, 0x00000000d5580000)
  object space 118272K, 99% used [0x0000000080000000,0x0000000087349428,0x0000000087380000)
 Metaspace       used 68977K, committed 70592K, reserved 1114112K
  class space    used 7135K, committed 7808K, reserved 1048576K
}
Event: 68.278 GC heap before
{Heap before GC invocations=160 (full 3):
 PSYoungGen      total 2560K, used 2496K [0x00000000d5580000, 0x00000000d5d80000, 0x0000000100000000)
  eden space 2048K, 100% used [0x00000000d5580000,0x00000000d5780000,0x00000000d5780000)
  from space 512K, 87% used [0x00000000d5d00000,0x00000000d5d70000,0x00000000d5d80000)
  to   space 512K, 0% used [0x00000000d5c80000,0x00000000d5c80000,0x00000000d5d00000)
 ParOldGen       total 118272K, used 118053K [0x0000000080000000, 0x0000000087380000, 0x00000000d5580000)
  object space 118272K, 99% used [0x0000000080000000,0x0000000087349428,0x0000000087380000)
 Metaspace       used 69110K, committed 70656K, reserved 1114112K
  class space    used 7138K, committed 7808K, reserved 1048576K
}
Event: 68.279 GC heap after
{Heap after GC invocations=160 (full 3):
 PSYoungGen      total 2560K, used 496K [0x00000000d5580000, 0x00000000d5d80000, 0x0000000100000000)
  eden space 2048K, 0% used [0x00000000d5580000,0x00000000d5580000,0x00000000d5780000)
  from space 512K, 96% used [0x00000000d5c80000,0x00000000d5cfc238,0x00000000d5d00000)
  to   space 512K, 0% used [0x00000000d5d00000,0x00000000d5d00000,0x00000000d5d80000)
 ParOldGen       total 118784K, used 118589K [0x0000000080000000, 0x0000000087400000, 0x00000000d5580000)
  object space 118784K, 99% used [0x0000000080000000,0x00000000873cf670,0x0000000087400000)
 Metaspace       used 69110K, committed 70656K, reserved 1114112K
  class space    used 7138K, committed 7808K, reserved 1048576K
}
Event: 68.322 GC heap before
{Heap before GC invocations=161 (full 3):
 PSYoungGen      total 2560K, used 2544K [0x00000000d5580000, 0x00000000d5d80000, 0x0000000100000000)
  eden space 2048K, 100% used [0x00000000d5580000,0x00000000d5780000,0x00000000d5780000)
  from space 512K, 96% used [0x00000000d5c80000,0x00000000d5cfc238,0x00000000d5d00000)
  to   space 512K, 0% used [0x00000000d5d00000,0x00000000d5d00000,0x00000000d5d80000)
 ParOldGen       total 118784K, used 118589K [0x0000000080000000, 0x0000000087400000, 0x00000000d5580000)
  object space 118784K, 99% used [0x0000000080000000,0x00000000873cf670,0x0000000087400000)
 Metaspace       used 69323K, committed 70912K, reserved 1114112K
  class space    used 7167K, committed 7808K, reserved 1048576K
}
Event: 68.323 GC heap after
{Heap after GC invocations=161 (full 3):
 PSYoungGen      total 2560K, used 352K [0x00000000d5580000, 0x00000000d5d80000, 0x0000000100000000)
  eden space 2048K, 0% used [0x00000000d5580000,0x00000000d5580000,0x00000000d5780000)
  from space 512K, 68% used [0x00000000d5d00000,0x00000000d5d58000,0x00000000d5d80000)
  to   space 1024K, 0% used [0x00000000d5b80000,0x00000000d5b80000,0x00000000d5c80000)
 ParOldGen       total 118784K, used 118645K [0x0000000080000000, 0x0000000087400000, 0x00000000d5580000)
  object space 118784K, 99% used [0x0000000080000000,0x00000000873dd670,0x0000000087400000)
 Metaspace       used 69323K, committed 70912K, reserved 1114112K
  class space    used 7167K, committed 7808K, reserved 1048576K
}
Event: 68.386 GC heap before
{Heap before GC invocations=162 (full 3):
 PSYoungGen      total 2560K, used 2394K [0x00000000d5580000, 0x00000000d5d80000, 0x0000000100000000)
  eden space 2048K, 99% used [0x00000000d5580000,0x00000000d577eb88,0x00000000d5780000)
  from space 512K, 68% used [0x00000000d5d00000,0x00000000d5d58000,0x00000000d5d80000)
  to   space 1024K, 0% used [0x00000000d5b80000,0x00000000d5b80000,0x00000000d5c80000)
 ParOldGen       total 118784K, used 118645K [0x0000000080000000, 0x0000000087400000, 0x00000000d5580000)
  object space 118784K, 99% used [0x0000000080000000,0x00000000873dd670,0x0000000087400000)
 Metaspace       used 69424K, committed 70976K, reserved 1114112K
  class space    used 7174K, committed 7808K, reserved 1048576K
}
Event: 68.387 GC heap after
{Heap after GC invocations=162 (full 3):
 PSYoungGen      total 3072K, used 532K [0x00000000d5580000, 0x00000000d5d80000, 0x0000000100000000)
  eden space 2048K, 0% used [0x00000000d5580000,0x00000000d5580000,0x00000000d5780000)
  from space 1024K, 51% used [0x00000000d5b80000,0x00000000d5c05100,0x00000000d5c80000)
  to   space 1024K, 0% used [0x00000000d5c80000,0x00000000d5c80000,0x00000000d5d80000)
 ParOldGen       total 118784K, used 118773K [0x0000000080000000, 0x0000000087400000, 0x00000000d5580000)
  object space 118784K, 99% used [0x0000000080000000,0x00000000873fd670,0x0000000087400000)
 Metaspace       used 69424K, committed 70976K, reserved 1114112K
  class space    used 7174K, committed 7808K, reserved 1048576K
}
Event: 70.634 GC heap before
{Heap before GC invocations=163 (full 3):
 PSYoungGen      total 3072K, used 2580K [0x00000000d5580000, 0x00000000d5d80000, 0x0000000100000000)
  eden space 2048K, 100% used [0x00000000d5580000,0x00000000d5780000,0x00000000d5780000)
  from space 1024K, 51% used [0x00000000d5b80000,0x00000000d5c05100,0x00000000d5c80000)
  to   space 1024K, 0% used [0x00000000d5c80000,0x00000000d5c80000,0x00000000d5d80000)
 ParOldGen       total 118784K, used 118773K [0x0000000080000000, 0x0000000087400000, 0x00000000d5580000)
  object space 118784K, 99% used [0x0000000080000000,0x00000000873fd670,0x0000000087400000)
 Metaspace       used 69481K, committed 71040K, reserved 1114112K
  class space    used 7178K, committed 7808K, reserved 1048576K
}
Event: 70.635 GC heap after
{Heap after GC invocations=163 (full 3):
 PSYoungGen      total 2560K, used 384K [0x00000000d5580000, 0x00000000d5d00000, 0x0000000100000000)
  eden space 2048K, 0% used [0x00000000d5580000,0x00000000d5580000,0x00000000d5780000)
  from space 512K, 75% used [0x00000000d5c80000,0x00000000d5ce0000,0x00000000d5d00000)
  to   space 512K, 0% used [0x00000000d5c00000,0x00000000d5c00000,0x00000000d5c80000)
 ParOldGen       total 119296K, used 119031K [0x0000000080000000, 0x0000000087480000, 0x00000000d5580000)
  object space 119296K, 99% used [0x0000000080000000,0x000000008743de60,0x0000000087480000)
 Metaspace       used 69481K, committed 71040K, reserved 1114112K
  class space    used 7178K, committed 7808K, reserved 1048576K
}
Event: 71.065 GC heap before
{Heap before GC invocations=164 (full 3):
 PSYoungGen      total 2560K, used 2405K [0x00000000d5580000, 0x00000000d5d00000, 0x0000000100000000)
  eden space 2048K, 98% used [0x00000000d5580000,0x00000000d57795b8,0x00000000d5780000)
  from space 512K, 75% used [0x00000000d5c80000,0x00000000d5ce0000,0x00000000d5d00000)
  to   space 512K, 0% used [0x00000000d5c00000,0x00000000d5c00000,0x00000000d5c80000)
 ParOldGen       total 119296K, used 119031K [0x0000000080000000, 0x0000000087480000, 0x00000000d5580000)
  object space 119296K, 99% used [0x0000000080000000,0x000000008743de60,0x0000000087480000)
 Metaspace       used 69596K, committed 71104K, reserved 1114112K
  class space    used 7187K, committed 7808K, reserved 1048576K
}
Event: 71.067 GC heap after
{Heap after GC invocations=164 (full 3):
 PSYoungGen      total 2560K, used 288K [0x00000000d5580000, 0x00000000d5d00000, 0x0000000100000000)
  eden space 2048K, 0% used [0x00000000d5580000,0x00000000d5580000,0x00000000d5780000)
  from space 512K, 56% used [0x00000000d5c00000,0x00000000d5c48000,0x00000000d5c80000)
  to   space 512K, 0% used [0x00000000d5c80000,0x00000000d5c80000,0x00000000d5d00000)
 ParOldGen       total 119296K, used 119225K [0x0000000080000000, 0x0000000087480000, 0x00000000d5580000)
  object space 119296K, 99% used [0x0000000080000000,0x000000008746e688,0x0000000087480000)
 Metaspace       used 69596K, committed 71104K, reserved 1114112K
  class space    used 7187K, committed 7808K, reserved 1048576K
}
Event: 71.339 GC heap before
{Heap before GC invocations=165 (full 3):
 PSYoungGen      total 2560K, used 2265K [0x00000000d5580000, 0x00000000d5d00000, 0x0000000100000000)
  eden space 2048K, 96% used [0x00000000d5580000,0x00000000d576e498,0x00000000d5780000)
  from space 512K, 56% used [0x00000000d5c00000,0x00000000d5c48000,0x00000000d5c80000)
  to   space 512K, 0% used [0x00000000d5c80000,0x00000000d5c80000,0x00000000d5d00000)
 ParOldGen       total 119296K, used 119225K [0x0000000080000000, 0x0000000087480000, 0x00000000d5580000)
  object space 119296K, 99% used [0x0000000080000000,0x000000008746e688,0x0000000087480000)
 Metaspace       used 69703K, committed 71360K, reserved 1114112K
  class space    used 7197K, committed 7872K, reserved 1048576K
}
Event: 71.340 GC heap after
{Heap after GC invocations=165 (full 3):
 PSYoungGen      total 2560K, used 295K [0x00000000d5580000, 0x00000000d5d00000, 0x0000000100000000)
  eden space 2048K, 0% used [0x00000000d5580000,0x00000000d5580000,0x00000000d5780000)
  from space 512K, 57% used [0x00000000d5c80000,0x00000000d5cc9e90,0x00000000d5d00000)
  to   space 512K, 0% used [0x00000000d5c00000,0x00000000d5c00000,0x00000000d5c80000)
 ParOldGen       total 119808K, used 119305K [0x0000000080000000, 0x0000000087500000, 0x00000000d5580000)
  object space 119808K, 99% used [0x0000000080000000,0x0000000087482688,0x0000000087500000)
 Metaspace       used 69703K, committed 71360K, reserved 1114112K
  class space    used 7197K, committed 7872K, reserved 1048576K
}
Event: 77.798 GC heap before
{Heap before GC invocations=166 (full 3):
 PSYoungGen      total 2560K, used 2343K [0x00000000d5580000, 0x00000000d5d00000, 0x0000000100000000)
  eden space 2048K, 100% used [0x00000000d5580000,0x00000000d5780000,0x00000000d5780000)
  from space 512K, 57% used [0x00000000d5c80000,0x00000000d5cc9e90,0x00000000d5d00000)
  to   space 512K, 0% used [0x00000000d5c00000,0x00000000d5c00000,0x00000000d5c80000)
 ParOldGen       total 119808K, used 119305K [0x0000000080000000, 0x0000000087500000, 0x00000000d5580000)
  object space 119808K, 99% used [0x0000000080000000,0x0000000087482688,0x0000000087500000)
 Metaspace       used 69733K, committed 71360K, reserved 1114112K
  class space    used 7199K, committed 7872K, reserved 1048576K
}
Event: 77.800 GC heap after
{Heap after GC invocations=166 (full 3):
 PSYoungGen      total 2560K, used 483K [0x00000000d5580000, 0x00000000d5d00000, 0x0000000100000000)
  eden space 2048K, 0% used [0x00000000d5580000,0x00000000d5580000,0x00000000d5780000)
  from space 512K, 94% used [0x00000000d5c00000,0x00000000d5c78df8,0x00000000d5c80000)
  to   space 512K, 0% used [0x00000000d5c80000,0x00000000d5c80000,0x00000000d5d00000)
 ParOldGen       total 119808K, used 119442K [0x0000000080000000, 0x0000000087500000, 0x00000000d5580000)
  object space 119808K, 99% used [0x0000000080000000,0x00000000874a4978,0x0000000087500000)
 Metaspace       used 69733K, committed 71360K, reserved 1114112K
  class space    used 7199K, committed 7872K, reserved 1048576K
}
Event: 78.104 GC heap before
{Heap before GC invocations=167 (full 3):
 PSYoungGen      total 2560K, used 2531K [0x00000000d5580000, 0x00000000d5d00000, 0x0000000100000000)
  eden space 2048K, 100% used [0x00000000d5580000,0x00000000d5780000,0x00000000d5780000)
  from space 512K, 94% used [0x00000000d5c00000,0x00000000d5c78df8,0x00000000d5c80000)
  to   space 512K, 0% used [0x00000000d5c80000,0x00000000d5c80000,0x00000000d5d00000)
 ParOldGen       total 119808K, used 119442K [0x0000000080000000, 0x0000000087500000, 0x00000000d5580000)
  object space 119808K, 99% used [0x0000000080000000,0x00000000874a4978,0x0000000087500000)
 Metaspace       used 69770K, committed 71424K, reserved 1114112K
  class space    used 7199K, committed 7872K, reserved 1048576K
}
Event: 78.105 GC heap after
{Heap after GC invocations=167 (full 3):
 PSYoungGen      total 2560K, used 320K [0x00000000d5580000, 0x00000000d5d00000, 0x0000000100000000)
  eden space 2048K, 0% used [0x00000000d5580000,0x00000000d5580000,0x00000000d5780000)
  from space 512K, 62% used [0x00000000d5c80000,0x00000000d5cd0000,0x00000000d5d00000)
  to   space 512K, 0% used [0x00000000d5c00000,0x00000000d5c00000,0x00000000d5c80000)
 ParOldGen       total 119808K, used 119761K [0x0000000080000000, 0x0000000087500000, 0x00000000d5580000)
  object space 119808K, 99% used [0x0000000080000000,0x00000000874f4700,0x0000000087500000)
 Metaspace       used 69770K, committed 71424K, reserved 1114112K
  class space    used 7199K, committed 7872K, reserved 1048576K
}

