# JRE version: Java(TM) SE Runtime Environment (22.0.2+9) (build 22.0.2+9-70)
# Java VM: Java HotSpot(TM) 64-Bit Server VM (22.0.2+9-70, mixed mode, sharing, tiered, compressed oops, compressed class ptrs, g1 gc, windows-amd64)
GC Precious Log:
 CardTable entry size: 512
 Card Set container configuration: InlinePtr #cards 5 size 8 Array Of Cards #cards 12 size 40 Howl #buckets 4 coarsen threshold 1843 Howl Bitmap #cards 512 size 80 coarsen threshold 460 Card regions per heap region 1 cards per card region 2048
 CPUs: 12 total, 12 available
 Memory: 6005M
 Large Page Support: Disabled
 NUMA Support: Disabled
 Compressed Oops: Enabled (32-bit)
 Heap Region Size: 1M
 Heap Min Capacity: 8M
 Heap Initial Capacity: 94M
 Heap Max Capacity: 1502M
 Pre-touch: Disabled
 Parallel Workers: 10
 Concurrent Workers: 3
 Concurrent Refinement Workers: 10
 Periodic GC: Disabled
Heap:
 garbage-first heap   total reserved 1538048K, committed 92160K, used 47217K [0x00000000a2200000, 0x0000000100000000)
  region size 1024K, 26 young (26624K), 7 survivors (7168K)
 Metaspace       used 25296K, committed 25664K, reserved 1114112K
  class space    used 2981K, committed 3136K, reserved 1048576K
GC Heap History (16 events):
Event: 0.848 GC heap before
{Heap before GC invocations=0 (full 0):
 garbage-first heap   total reserved 1538048K, committed 96256K, used 24576K [0x00000000a2200000, 0x0000000100000000)
  region size 1024K, 24 young (24576K), 0 survivors (0K)
 Metaspace       used 5588K, committed 5760K, reserved 1114112K
  class space    used 670K, committed 768K, reserved 1048576K
}
Event: 0.857 GC heap after
{Heap after GC invocations=1 (full 0):
 garbage-first heap   total reserved 1538048K, committed 96256K, used 3808K [0x00000000a2200000, 0x0000000100000000)
  region size 1024K, 3 young (3072K), 3 survivors (3072K)
 Metaspace       used 5588K, committed 5760K, reserved 1114112K
  class space    used 670K, committed 768K, reserved 1048576K
}
Event: 1.498 GC heap before
{Heap before GC invocations=1 (full 0):
 garbage-first heap   total reserved 1538048K, committed 96256K, used 36576K [0x00000000a2200000, 0x0000000100000000)
  region size 1024K, 35 young (35840K), 3 survivors (3072K)
 Metaspace       used 10273K, committed 10432K, reserved 1114112K
  class space    used 1259K, committed 1344K, reserved 1048576K
}
Event: 1.505 GC heap after
{Heap after GC invocations=2 (full 0):
 garbage-first heap   total reserved 1538048K, committed 96256K, used 5946K [0x00000000a2200000, 0x0000000100000000)
  region size 1024K, 2 young (2048K), 2 survivors (2048K)
 Metaspace       used 10273K, committed 10432K, reserved 1114112K
  class space    used 1259K, committed 1344K, reserved 1048576K
}
Event: 2.800 GC heap before
{Heap before GC invocations=2 (full 0):
 garbage-first heap   total reserved 1538048K, committed 96256K, used 61242K [0x00000000a2200000, 0x0000000100000000)
  region size 1024K, 56 young (57344K), 2 survivors (2048K)
 Metaspace       used 15489K, committed 15744K, reserved 1114112K
  class space    used 1874K, committed 1984K, reserved 1048576K
}
Event: 2.814 GC heap after
{Heap after GC invocations=3 (full 0):
 garbage-first heap   total reserved 1538048K, committed 96256K, used 13303K [0x00000000a2200000, 0x0000000100000000)
  region size 1024K, 7 young (7168K), 7 survivors (7168K)
 Metaspace       used 15489K, committed 15744K, reserved 1114112K
  class space    used 1874K, committed 1984K, reserved 1048576K
}
Event: 3.881 GC heap before
{Heap before GC invocations=3 (full 0):
 garbage-first heap   total reserved 1538048K, committed 96256K, used 63479K [0x00000000a2200000, 0x0000000100000000)
  region size 1024K, 56 young (57344K), 7 survivors (7168K)
 Metaspace       used 16073K, committed 16320K, reserved 1114112K
  class space    used 1890K, committed 1984K, reserved 1048576K
}
Event: 3.898 GC heap after
{Heap after GC invocations=4 (full 0):
 garbage-first heap   total reserved 1538048K, committed 96256K, used 16384K [0x00000000a2200000, 0x0000000100000000)
  region size 1024K, 3 young (3072K), 3 survivors (3072K)
 Metaspace       used 16073K, committed 16320K, reserved 1114112K
  class space    used 1890K, committed 1984K, reserved 1048576K
}
Event: 4.361 GC heap before
{Heap before GC invocations=4 (full 0):
 garbage-first heap   total reserved 1538048K, committed 96256K, used 50176K [0x00000000a2200000, 0x0000000100000000)
  region size 1024K, 17 young (17408K), 3 survivors (3072K)
 Metaspace       used 17116K, committed 17472K, reserved 1114112K
  class space    used 2010K, committed 2176K, reserved 1048576K
}
Event: 4.366 GC heap after
{Heap after GC invocations=5 (full 0):
 garbage-first heap   total reserved 1538048K, committed 96256K, used 38003K [0x00000000a2200000, 0x0000000100000000)
  region size 1024K, 4 young (4096K), 4 survivors (4096K)
 Metaspace       used 17116K, committed 17472K, reserved 1114112K
  class space    used 2010K, committed 2176K, reserved 1048576K
}
Event: 4.376 GC heap before
{Heap before GC invocations=5 (full 0):
 garbage-first heap   total reserved 1538048K, committed 96256K, used 50291K [0x00000000a2200000, 0x0000000100000000)
  region size 1024K, 5 young (5120K), 4 survivors (4096K)
 Metaspace       used 17142K, committed 17472K, reserved 1114112K
  class space    used 2012K, committed 2176K, reserved 1048576K
}
Event: 4.380 GC heap after
{Heap after GC invocations=6 (full 0):
 garbage-first heap   total reserved 1538048K, committed 115712K, used 17756K [0x00000000a2200000, 0x0000000100000000)
  region size 1024K, 2 young (2048K), 2 survivors (2048K)
 Metaspace       used 17142K, committed 17472K, reserved 1114112K
  class space    used 2012K, committed 2176K, reserved 1048576K
}
Event: 6.668 GC heap before
{Heap before GC invocations=6 (full 0):
 garbage-first heap   total reserved 1538048K, committed 115712K, used 78172K [0x00000000a2200000, 0x0000000100000000)
  region size 1024K, 29 young (29696K), 2 survivors (2048K)
 Metaspace       used 19885K, committed 20288K, reserved 1114112K
  class space    used 2331K, committed 2496K, reserved 1048576K
}
Event: 6.673 GC heap after
{Heap after GC invocations=7 (full 0):
 garbage-first heap   total reserved 1538048K, committed 115712K, used 18815K [0x00000000a2200000, 0x0000000100000000)
  region size 1024K, 3 young (3072K), 3 survivors (3072K)
 Metaspace       used 19885K, committed 20288K, reserved 1114112K
  class space    used 2331K, committed 2496K, reserved 1048576K
}
Event: 8.763 GC heap before
{Heap before GC invocations=7 (full 0):
 garbage-first heap   total reserved 1538048K, committed 115712K, used 33151K [0x00000000a2200000, 0x0000000100000000)
  region size 1024K, 14 young (14336K), 3 survivors (3072K)
 Metaspace       used 21173K, committed 21504K, reserved 1114112K
  class space    used 2521K, committed 2688K, reserved 1048576K
}
Event: 8.769 GC heap after
{Heap after GC invocations=8 (full 0):
 garbage-first heap   total reserved 1538048K, committed 115712K, used 26737K [0x00000000a2200000, 0x0000000100000000)
  region size 1024K, 7 young (7168K), 7 survivors (7168K)
 Metaspace       used 21173K, committed 21504K, reserved 1114112K
  class space    used 2521K, committed 2688K, reserved 1048576K
}

