# JRE version: OpenJDK Runtime Environment Temurin-21.0.8+9 (21.0.8+9) (build 21.0.8+9-LTS)
# Java VM: OpenJDK 64-Bit Server VM Temurin-21.0.8+9 (21.0.8+9-LTS, mixed mode, sharing, tiered, compressed oops, compressed class ptrs, parallel gc, windows-amd64)
GC Precious Log:
 CardTable entry size: 512
 CPUs: 12 total, 12 available
 Memory: 6005M
 Large Page Support: Disabled
 NUMA Support: Disabled
 Compressed Oops: Enabled (32-bit)
 Alignments: Space 512K, Generation 512K, Heap 2M
 Heap Min Capacity: 100M
 Heap Initial Capacity: 100M
 Heap Max Capacity: 2G
 Pre-touch: Disabled
 Parallel Workers: 10
Heap:
 PSYoungGen      total 8704K, used 833K [0x00000000d5580000, 0x00000000d6080000, 0x0000000100000000)
  eden space 8192K, 5% used [0x00000000d5580000,0x00000000d55ef3f8,0x00000000d5d80000)
  from space 512K, 87% used [0x00000000d6000000,0x00000000d6070020,0x00000000d6080000)
  to   space 512K, 0% used [0x00000000d5d80000,0x00000000d5d80000,0x00000000d5e00000)
 ParOldGen       total 122880K, used 122519K [0x0000000080000000, 0x0000000087800000, 0x00000000d5580000)
  object space 122880K, 99% used [0x0000000080000000,0x00000000877a5da8,0x0000000087800000)
 Metaspace       used 67651K, committed 69248K, reserved 1114112K
  class space    used 7036K, committed 7680K, reserved 1048576K
GC Heap History (20 events):
Event: 25.465 GC heap after
{Heap after GC invocations=221 (full 3):
 PSYoungGen      total 6144K, used 436K [0x00000000d5580000, 0x00000000d5d00000, 0x0000000100000000)
  eden space 5632K, 0% used [0x00000000d5580000,0x00000000d5580000,0x00000000d5b00000)
  from space 512K, 85% used [0x00000000d5c80000,0x00000000d5ced200,0x00000000d5d00000)
  to   space 512K, 0% used [0x00000000d5c00000,0x00000000d5c00000,0x00000000d5c80000)
 ParOldGen       total 119808K, used 119638K [0x0000000080000000, 0x0000000087500000, 0x00000000d5580000)
  object space 119808K, 99% used [0x0000000080000000,0x00000000874d5988,0x0000000087500000)
 Metaspace       used 67553K, committed 69120K, reserved 1114112K
  class space    used 7023K, committed 7680K, reserved 1048576K
}
Event: 25.473 GC heap before
{Heap before GC invocations=222 (full 3):
 PSYoungGen      total 6144K, used 6068K [0x00000000d5580000, 0x00000000d5d00000, 0x0000000100000000)
  eden space 5632K, 100% used [0x00000000d5580000,0x00000000d5b00000,0x00000000d5b00000)
  from space 512K, 85% used [0x00000000d5c80000,0x00000000d5ced200,0x00000000d5d00000)
  to   space 512K, 0% used [0x00000000d5c00000,0x00000000d5c00000,0x00000000d5c80000)
 ParOldGen       total 119808K, used 119638K [0x0000000080000000, 0x0000000087500000, 0x00000000d5580000)
  object space 119808K, 99% used [0x0000000080000000,0x00000000874d5988,0x0000000087500000)
 Metaspace       used 67562K, committed 69120K, reserved 1114112K
  class space    used 7025K, committed 7680K, reserved 1048576K
}
Event: 25.474 GC heap after
{Heap after GC invocations=222 (full 3):
 PSYoungGen      total 6144K, used 372K [0x00000000d5580000, 0x00000000d5d00000, 0x0000000100000000)
  eden space 5632K, 0% used [0x00000000d5580000,0x00000000d5580000,0x00000000d5b00000)
  from space 512K, 72% used [0x00000000d5c00000,0x00000000d5c5d200,0x00000000d5c80000)
  to   space 512K, 0% used [0x00000000d5c80000,0x00000000d5c80000,0x00000000d5d00000)
 ParOldGen       total 120320K, used 119874K [0x0000000080000000, 0x0000000087580000, 0x00000000d5580000)
  object space 120320K, 99% used [0x0000000080000000,0x0000000087510b88,0x0000000087580000)
 Metaspace       used 67562K, committed 69120K, reserved 1114112K
  class space    used 7025K, committed 7680K, reserved 1048576K
}
Event: 25.495 GC heap before
{Heap before GC invocations=223 (full 3):
 PSYoungGen      total 6144K, used 6004K [0x00000000d5580000, 0x00000000d5d00000, 0x0000000100000000)
  eden space 5632K, 100% used [0x00000000d5580000,0x00000000d5b00000,0x00000000d5b00000)
  from space 512K, 72% used [0x00000000d5c00000,0x00000000d5c5d200,0x00000000d5c80000)
  to   space 512K, 0% used [0x00000000d5c80000,0x00000000d5c80000,0x00000000d5d00000)
 ParOldGen       total 120320K, used 119874K [0x0000000080000000, 0x0000000087580000, 0x00000000d5580000)
  object space 120320K, 99% used [0x0000000080000000,0x0000000087510b88,0x0000000087580000)
 Metaspace       used 67585K, committed 69120K, reserved 1114112K
  class space    used 7029K, committed 7680K, reserved 1048576K
}
Event: 25.496 GC heap after
{Heap after GC invocations=223 (full 3):
 PSYoungGen      total 6144K, used 288K [0x00000000d5580000, 0x00000000d5d00000, 0x0000000100000000)
  eden space 5632K, 0% used [0x00000000d5580000,0x00000000d5580000,0x00000000d5b00000)
  from space 512K, 56% used [0x00000000d5c80000,0x00000000d5cc8000,0x00000000d5d00000)
  to   space 512K, 0% used [0x00000000d5c00000,0x00000000d5c00000,0x00000000d5c80000)
 ParOldGen       total 120320K, used 120071K [0x0000000080000000, 0x0000000087580000, 0x00000000d5580000)
  object space 120320K, 99% used [0x0000000080000000,0x0000000087541d88,0x0000000087580000)
 Metaspace       used 67585K, committed 69120K, reserved 1114112K
  class space    used 7029K, committed 7680K, reserved 1048576K
}
Event: 25.503 GC heap before
{Heap before GC invocations=224 (full 3):
 PSYoungGen      total 6144K, used 5920K [0x00000000d5580000, 0x00000000d5d00000, 0x0000000100000000)
  eden space 5632K, 100% used [0x00000000d5580000,0x00000000d5b00000,0x00000000d5b00000)
  from space 512K, 56% used [0x00000000d5c80000,0x00000000d5cc8000,0x00000000d5d00000)
  to   space 512K, 0% used [0x00000000d5c00000,0x00000000d5c00000,0x00000000d5c80000)
 ParOldGen       total 120320K, used 120071K [0x0000000080000000, 0x0000000087580000, 0x00000000d5580000)
  object space 120320K, 99% used [0x0000000080000000,0x0000000087541d88,0x0000000087580000)
 Metaspace       used 67609K, committed 69184K, reserved 1114112K
  class space    used 7031K, committed 7680K, reserved 1048576K
}
Event: 25.504 GC heap after
{Heap after GC invocations=224 (full 3):
 PSYoungGen      total 6144K, used 320K [0x00000000d5580000, 0x00000000d5d00000, 0x0000000100000000)
  eden space 5632K, 0% used [0x00000000d5580000,0x00000000d5580000,0x00000000d5b00000)
  from space 512K, 62% used [0x00000000d5c00000,0x00000000d5c50000,0x00000000d5c80000)
  to   space 512K, 0% used [0x00000000d5c80000,0x00000000d5c80000,0x00000000d5d00000)
 ParOldGen       total 120320K, used 120191K [0x0000000080000000, 0x0000000087580000, 0x00000000d5580000)
  object space 120320K, 99% used [0x0000000080000000,0x000000008755fd88,0x0000000087580000)
 Metaspace       used 67609K, committed 69184K, reserved 1114112K
  class space    used 7031K, committed 7680K, reserved 1048576K
}
Event: 25.513 GC heap before
{Heap before GC invocations=225 (full 3):
 PSYoungGen      total 6144K, used 5952K [0x00000000d5580000, 0x00000000d5d00000, 0x0000000100000000)
  eden space 5632K, 100% used [0x00000000d5580000,0x00000000d5b00000,0x00000000d5b00000)
  from space 512K, 62% used [0x00000000d5c00000,0x00000000d5c50000,0x00000000d5c80000)
  to   space 512K, 0% used [0x00000000d5c80000,0x00000000d5c80000,0x00000000d5d00000)
 ParOldGen       total 120320K, used 120191K [0x0000000080000000, 0x0000000087580000, 0x00000000d5580000)
  object space 120320K, 99% used [0x0000000080000000,0x000000008755fd88,0x0000000087580000)
 Metaspace       used 67629K, committed 69184K, reserved 1114112K
  class space    used 7033K, committed 7680K, reserved 1048576K
}
Event: 25.514 GC heap after
{Heap after GC invocations=225 (full 3):
 PSYoungGen      total 6144K, used 256K [0x00000000d5580000, 0x00000000d5d00000, 0x0000000100000000)
  eden space 5632K, 0% used [0x00000000d5580000,0x00000000d5580000,0x00000000d5b00000)
  from space 512K, 50% used [0x00000000d5c80000,0x00000000d5cc0000,0x00000000d5d00000)
  to   space 512K, 0% used [0x00000000d5c00000,0x00000000d5c00000,0x00000000d5c80000)
 ParOldGen       total 120832K, used 120351K [0x0000000080000000, 0x0000000087600000, 0x00000000d5580000)
  object space 120832K, 99% used [0x0000000080000000,0x0000000087587d88,0x0000000087600000)
 Metaspace       used 67629K, committed 69184K, reserved 1114112K
  class space    used 7033K, committed 7680K, reserved 1048576K
}
Event: 25.526 GC heap before
{Heap before GC invocations=226 (full 3):
 PSYoungGen      total 6144K, used 5888K [0x00000000d5580000, 0x00000000d5d00000, 0x0000000100000000)
  eden space 5632K, 100% used [0x00000000d5580000,0x00000000d5b00000,0x00000000d5b00000)
  from space 512K, 50% used [0x00000000d5c80000,0x00000000d5cc0000,0x00000000d5d00000)
  to   space 512K, 0% used [0x00000000d5c00000,0x00000000d5c00000,0x00000000d5c80000)
 ParOldGen       total 120832K, used 120351K [0x0000000080000000, 0x0000000087600000, 0x00000000d5580000)
  object space 120832K, 99% used [0x0000000080000000,0x0000000087587d88,0x0000000087600000)
 Metaspace       used 67630K, committed 69184K, reserved 1114112K
  class space    used 7033K, committed 7680K, reserved 1048576K
}
Event: 25.527 GC heap after
{Heap after GC invocations=226 (full 3):
 PSYoungGen      total 6144K, used 224K [0x00000000d5580000, 0x00000000d5d00000, 0x0000000100000000)
  eden space 5632K, 0% used [0x00000000d5580000,0x00000000d5580000,0x00000000d5b00000)
  from space 512K, 43% used [0x00000000d5c00000,0x00000000d5c38000,0x00000000d5c80000)
  to   space 512K, 0% used [0x00000000d5c80000,0x00000000d5c80000,0x00000000d5d00000)
 ParOldGen       total 120832K, used 120519K [0x0000000080000000, 0x0000000087600000, 0x00000000d5580000)
  object space 120832K, 99% used [0x0000000080000000,0x00000000875b1d88,0x0000000087600000)
 Metaspace       used 67630K, committed 69184K, reserved 1114112K
  class space    used 7033K, committed 7680K, reserved 1048576K
}
Event: 25.539 GC heap before
{Heap before GC invocations=227 (full 3):
 PSYoungGen      total 6144K, used 5856K [0x00000000d5580000, 0x00000000d5d00000, 0x0000000100000000)
  eden space 5632K, 100% used [0x00000000d5580000,0x00000000d5b00000,0x00000000d5b00000)
  from space 512K, 43% used [0x00000000d5c00000,0x00000000d5c38000,0x00000000d5c80000)
  to   space 512K, 0% used [0x00000000d5c80000,0x00000000d5c80000,0x00000000d5d00000)
 ParOldGen       total 120832K, used 120519K [0x0000000080000000, 0x0000000087600000, 0x00000000d5580000)
  object space 120832K, 99% used [0x0000000080000000,0x00000000875b1d88,0x0000000087600000)
 Metaspace       used 67630K, committed 69184K, reserved 1114112K
  class space    used 7033K, committed 7680K, reserved 1048576K
}
Event: 25.541 GC heap after
{Heap after GC invocations=227 (full 3):
 PSYoungGen      total 6144K, used 320K [0x00000000d5580000, 0x00000000d5d00000, 0x0000000100000000)
  eden space 5632K, 0% used [0x00000000d5580000,0x00000000d5580000,0x00000000d5b00000)
  from space 512K, 62% used [0x00000000d5c80000,0x00000000d5cd0000,0x00000000d5d00000)
  to   space 512K, 0% used [0x00000000d5c00000,0x00000000d5c00000,0x00000000d5c80000)
 ParOldGen       total 120832K, used 120663K [0x0000000080000000, 0x0000000087600000, 0x00000000d5580000)
  object space 120832K, 99% used [0x0000000080000000,0x00000000875d5d88,0x0000000087600000)
 Metaspace       used 67630K, committed 69184K, reserved 1114112K
  class space    used 7033K, committed 7680K, reserved 1048576K
}
Event: 25.550 GC heap before
{Heap before GC invocations=228 (full 3):
 PSYoungGen      total 6144K, used 5952K [0x00000000d5580000, 0x00000000d5d00000, 0x0000000100000000)
  eden space 5632K, 100% used [0x00000000d5580000,0x00000000d5b00000,0x00000000d5b00000)
  from space 512K, 62% used [0x00000000d5c80000,0x00000000d5cd0000,0x00000000d5d00000)
  to   space 512K, 0% used [0x00000000d5c00000,0x00000000d5c00000,0x00000000d5c80000)
 ParOldGen       total 120832K, used 120663K [0x0000000080000000, 0x0000000087600000, 0x00000000d5580000)
  object space 120832K, 99% used [0x0000000080000000,0x00000000875d5d88,0x0000000087600000)
 Metaspace       used 67630K, committed 69184K, reserved 1114112K
  class space    used 7033K, committed 7680K, reserved 1048576K
}
Event: 25.552 GC heap after
{Heap after GC invocations=228 (full 3):
 PSYoungGen      total 6144K, used 320K [0x00000000d5580000, 0x00000000d5d00000, 0x0000000100000000)
  eden space 5632K, 0% used [0x00000000d5580000,0x00000000d5580000,0x00000000d5b00000)
  from space 512K, 62% used [0x00000000d5c00000,0x00000000d5c50000,0x00000000d5c80000)
  to   space 512K, 0% used [0x00000000d5c80000,0x00000000d5c80000,0x00000000d5d00000)
 ParOldGen       total 120832K, used 120807K [0x0000000080000000, 0x0000000087600000, 0x00000000d5580000)
  object space 120832K, 99% used [0x0000000080000000,0x00000000875f9d88,0x0000000087600000)
 Metaspace       used 67630K, committed 69184K, reserved 1114112K
  class space    used 7033K, committed 7680K, reserved 1048576K
}
Event: 25.562 GC heap before
{Heap before GC invocations=229 (full 3):
 PSYoungGen      total 6144K, used 5952K [0x00000000d5580000, 0x00000000d5d00000, 0x0000000100000000)
  eden space 5632K, 100% used [0x00000000d5580000,0x00000000d5b00000,0x00000000d5b00000)
  from space 512K, 62% used [0x00000000d5c00000,0x00000000d5c50000,0x00000000d5c80000)
  to   space 512K, 0% used [0x00000000d5c80000,0x00000000d5c80000,0x00000000d5d00000)
 ParOldGen       total 120832K, used 120807K [0x0000000080000000, 0x0000000087600000, 0x00000000d5580000)
  object space 120832K, 99% used [0x0000000080000000,0x00000000875f9d88,0x0000000087600000)
 Metaspace       used 67630K, committed 69184K, reserved 1114112K
  class space    used 7033K, committed 7680K, reserved 1048576K
}
Event: 25.563 GC heap after
{Heap after GC invocations=229 (full 3):
 PSYoungGen      total 6144K, used 384K [0x00000000d5580000, 0x00000000d5d00000, 0x0000000100000000)
  eden space 5632K, 0% used [0x00000000d5580000,0x00000000d5580000,0x00000000d5b00000)
  from space 512K, 75% used [0x00000000d5c80000,0x00000000d5ce0000,0x00000000d5d00000)
  to   space 512K, 0% used [0x00000000d5c00000,0x00000000d5c00000,0x00000000d5c80000)
 ParOldGen       total 121344K, used 121015K [0x0000000080000000, 0x0000000087680000, 0x00000000d5580000)
  object space 121344K, 99% used [0x0000000080000000,0x000000008762dd88,0x0000000087680000)
 Metaspace       used 67630K, committed 69184K, reserved 1114112K
  class space    used 7033K, committed 7680K, reserved 1048576K
}
Event: 25.572 GC heap before
{Heap before GC invocations=230 (full 3):
 PSYoungGen      total 6144K, used 6016K [0x00000000d5580000, 0x00000000d5d00000, 0x0000000100000000)
  eden space 5632K, 100% used [0x00000000d5580000,0x00000000d5b00000,0x00000000d5b00000)
  from space 512K, 75% used [0x00000000d5c80000,0x00000000d5ce0000,0x00000000d5d00000)
  to   space 512K, 0% used [0x00000000d5c00000,0x00000000d5c00000,0x00000000d5c80000)
 ParOldGen       total 121344K, used 121015K [0x0000000080000000, 0x0000000087680000, 0x00000000d5580000)
  object space 121344K, 99% used [0x0000000080000000,0x000000008762dd88,0x0000000087680000)
 Metaspace       used 67630K, committed 69184K, reserved 1114112K
  class space    used 7033K, committed 7680K, reserved 1048576K
}
Event: 25.573 GC heap after
{Heap after GC invocations=230 (full 3):
 PSYoungGen      total 6144K, used 352K [0x00000000d5580000, 0x00000000d5d00000, 0x0000000100000000)
  eden space 5632K, 0% used [0x00000000d5580000,0x00000000d5580000,0x00000000d5b00000)
  from space 512K, 68% used [0x00000000d5c00000,0x00000000d5c58000,0x00000000d5c80000)
  to   space 512K, 0% used [0x00000000d5c80000,0x00000000d5c80000,0x00000000d5d00000)
 ParOldGen       total 121344K, used 121215K [0x0000000080000000, 0x0000000087680000, 0x00000000d5580000)
  object space 121344K, 99% used [0x0000000080000000,0x000000008765fd98,0x0000000087680000)
 Metaspace       used 67630K, committed 69184K, reserved 1114112K
  class space    used 7033K, committed 7680K, reserved 1048576K
}
Event: 25.578 GC heap before
{Heap before GC invocations=231 (full 3):
 PSYoungGen      total 6144K, used 5984K [0x00000000d5580000, 0x00000000d5d00000, 0x0000000100000000)
  eden space 5632K, 100% used [0x00000000d5580000,0x00000000d5b00000,0x00000000d5b00000)
  from space 512K, 68% used [0x00000000d5c00000,0x00000000d5c58000,0x00000000d5c80000)
  to   space 512K, 0% used [0x00000000d5c80000,0x00000000d5c80000,0x00000000d5d00000)
 ParOldGen       total 121344K, used 121215K [0x0000000080000000, 0x0000000087680000, 0x00000000d5580000)
  object space 121344K, 99% used [0x0000000080000000,0x000000008765fd98,0x0000000087680000)
 Metaspace       used 67630K, committed 69184K, reserved 1114112K
  class space    used 7033K, committed 7680K, reserved 1048576K
}

