# JRE version: Java(TM) SE Runtime Environment (22.0.2+9) (build 22.0.2+9-70)
# Java VM: Java HotSpot(TM) 64-Bit Server VM (22.0.2+9-70, mixed mode, emulated-client, sharing, tiered, compressed oops, compressed class ptrs, g1 gc, windows-amd64)
GC Precious Log:
 CardTable entry size: 512
 Card Set container configuration: InlinePtr #cards 5 size 8 Array Of Cards #cards 12 size 40 Howl #buckets 4 coarsen threshold 1843 Howl Bitmap #cards 512 size 80 coarsen threshold 460 Card regions per heap region 1 cards per card region 2048
 CPUs: 12 total, 12 available
 Memory: 6005M
 Large Page Support: Disabled
 NUMA Support: Disabled
 Compressed Oops: Enabled (32-bit)
 Heap Region Size: 1M
 Heap Min Capacity: 8M
 Heap Initial Capacity: 94M
 Heap Max Capacity: 1502M
 Pre-touch: Disabled
 Parallel Workers: 10
 Concurrent Workers: 3
 Concurrent Refinement Workers: 10
 Periodic GC: Disabled
Heap:
 garbage-first heap   total reserved 1538048K, committed 137216K, used 99351K [0x00000000a2200000, 0x0000000100000000)
  region size 1024K, 43 young (44032K), 5 survivors (5120K)
 Metaspace       used 94293K, committed 95488K, reserved 1179648K
  class space    used 13735K, committed 14208K, reserved 1048576K
GC Heap History (20 events):
Event: 1127.494 GC heap after
{Heap after GC invocations=37 (full 1):
 garbage-first heap   total reserved 1538048K, committed 137216K, used 46625K [0x00000000a2200000, 0x0000000100000000)
  region size 1024K, 9 young (9216K), 9 survivors (9216K)
 Metaspace       used 91399K, committed 92544K, reserved 1179648K
  class space    used 13481K, committed 13952K, reserved 1048576K
}
Event: 1131.643 GC heap before
{Heap before GC invocations=38 (full 1):
 garbage-first heap   total reserved 1538048K, committed 137216K, used 115233K [0x00000000a2200000, 0x0000000100000000)
  region size 1024K, 77 young (78848K), 9 survivors (9216K)
 Metaspace       used 91599K, committed 92736K, reserved 1179648K
  class space    used 13485K, committed 13952K, reserved 1048576K
}
Event: 1131.676 GC heap after
{Heap after GC invocations=39 (full 1):
 garbage-first heap   total reserved 1538048K, committed 137216K, used 46958K [0x00000000a2200000, 0x0000000100000000)
  region size 1024K, 3 young (3072K), 3 survivors (3072K)
 Metaspace       used 91599K, committed 92736K, reserved 1179648K
  class space    used 13485K, committed 13952K, reserved 1048576K
}
Event: 1133.270 GC heap before
{Heap before GC invocations=39 (full 1):
 garbage-first heap   total reserved 1538048K, committed 137216K, used 118638K [0x00000000a2200000, 0x0000000100000000)
  region size 1024K, 74 young (75776K), 3 survivors (3072K)
 Metaspace       used 91855K, committed 92992K, reserved 1179648K
  class space    used 13527K, committed 14016K, reserved 1048576K
}
Event: 1133.276 GC heap after
{Heap after GC invocations=40 (full 1):
 garbage-first heap   total reserved 1538048K, committed 137216K, used 52666K [0x00000000a2200000, 0x0000000100000000)
  region size 1024K, 8 young (8192K), 8 survivors (8192K)
 Metaspace       used 91855K, committed 92992K, reserved 1179648K
  class space    used 13527K, committed 14016K, reserved 1048576K
}
Event: 1134.792 GC heap before
{Heap before GC invocations=40 (full 1):
 garbage-first heap   total reserved 1538048K, committed 137216K, used 118202K [0x00000000a2200000, 0x0000000100000000)
  region size 1024K, 72 young (73728K), 8 survivors (8192K)
 Metaspace       used 92402K, committed 93568K, reserved 1179648K
  class space    used 13587K, committed 14080K, reserved 1048576K
}
Event: 1134.804 GC heap after
{Heap after GC invocations=41 (full 1):
 garbage-first heap   total reserved 1538048K, committed 137216K, used 57506K [0x00000000a2200000, 0x0000000100000000)
  region size 1024K, 6 young (6144K), 6 survivors (6144K)
 Metaspace       used 92402K, committed 93568K, reserved 1179648K
  class space    used 13587K, committed 14080K, reserved 1048576K
}
Event: 1136.580 GC heap before
{Heap before GC invocations=42 (full 1):
 garbage-first heap   total reserved 1538048K, committed 137216K, used 74914K [0x00000000a2200000, 0x0000000100000000)
  region size 1024K, 24 young (24576K), 6 survivors (6144K)
 Metaspace       used 92610K, committed 93888K, reserved 1179648K
  class space    used 13612K, committed 14144K, reserved 1048576K
}
Event: 1136.711 GC heap after
{Heap after GC invocations=43 (full 2):
 garbage-first heap   total reserved 1538048K, committed 137216K, used 46847K [0x00000000a2200000, 0x0000000100000000)
  region size 1024K, 0 young (0K), 0 survivors (0K)
 Metaspace       used 92421K, committed 93888K, reserved 1179648K
  class space    used 13564K, committed 14144K, reserved 1048576K
}
Event: 1137.958 GC heap before
{Heap before GC invocations=43 (full 2):
 garbage-first heap   total reserved 1538048K, committed 137216K, used 119551K [0x00000000a2200000, 0x0000000100000000)
  region size 1024K, 71 young (72704K), 0 survivors (0K)
 Metaspace       used 92678K, committed 93888K, reserved 1179648K
  class space    used 13589K, committed 14144K, reserved 1048576K
}
Event: 1137.963 GC heap after
{Heap after GC invocations=44 (full 2):
 garbage-first heap   total reserved 1538048K, committed 137216K, used 52991K [0x00000000a2200000, 0x0000000100000000)
  region size 1024K, 6 young (6144K), 6 survivors (6144K)
 Metaspace       used 92678K, committed 93888K, reserved 1179648K
  class space    used 13589K, committed 14144K, reserved 1048576K
}
Event: 1138.932 GC heap before
{Heap before GC invocations=45 (full 2):
 garbage-first heap   total reserved 1538048K, committed 137216K, used 120575K [0x00000000a2200000, 0x0000000100000000)
  region size 1024K, 72 young (73728K), 6 survivors (6144K)
 Metaspace       used 93193K, committed 94400K, reserved 1179648K
  class space    used 13635K, committed 14144K, reserved 1048576K
}
Event: 1138.937 GC heap after
{Heap after GC invocations=46 (full 2):
 garbage-first heap   total reserved 1538048K, committed 137216K, used 56637K [0x00000000a2200000, 0x0000000100000000)
  region size 1024K, 5 young (5120K), 5 survivors (5120K)
 Metaspace       used 93193K, committed 94400K, reserved 1179648K
  class space    used 13635K, committed 14144K, reserved 1048576K
}
Event: 1145.234 GC heap before
{Heap before GC invocations=46 (full 2):
 garbage-first heap   total reserved 1538048K, committed 137216K, used 83261K [0x00000000a2200000, 0x0000000100000000)
  region size 1024K, 32 young (32768K), 5 survivors (5120K)
 Metaspace       used 93377K, committed 94592K, reserved 1179648K
  class space    used 13648K, committed 14144K, reserved 1048576K
}
Event: 1145.302 GC heap after
{Heap after GC invocations=47 (full 3):
 garbage-first heap   total reserved 1538048K, committed 137216K, used 52107K [0x00000000a2200000, 0x0000000100000000)
  region size 1024K, 0 young (0K), 0 survivors (0K)
 Metaspace       used 93345K, committed 94592K, reserved 1179648K
  class space    used 13640K, committed 14144K, reserved 1048576K
}
Event: 1146.395 GC heap before
{Heap before GC invocations=47 (full 3):
 garbage-first heap   total reserved 1538048K, committed 137216K, used 118667K [0x00000000a2200000, 0x0000000100000000)
  region size 1024K, 66 young (67584K), 0 survivors (0K)
 Metaspace       used 93606K, committed 94784K, reserved 1179648K
  class space    used 13677K, committed 14144K, reserved 1048576K
}
Event: 1146.402 GC heap after
{Heap after GC invocations=48 (full 3):
 garbage-first heap   total reserved 1538048K, committed 137216K, used 57921K [0x00000000a2200000, 0x0000000100000000)
  region size 1024K, 6 young (6144K), 6 survivors (6144K)
 Metaspace       used 93606K, committed 94784K, reserved 1179648K
  class space    used 13677K, committed 14144K, reserved 1048576K
}
Event: 1147.252 GC heap before
{Heap before GC invocations=49 (full 3):
 garbage-first heap   total reserved 1538048K, committed 137216K, used 119361K [0x00000000a2200000, 0x0000000100000000)
  region size 1024K, 66 young (67584K), 6 survivors (6144K)
 Metaspace       used 93929K, committed 95104K, reserved 1179648K
  class space    used 13707K, committed 14208K, reserved 1048576K
}
Event: 1147.257 GC heap after
{Heap after GC invocations=50 (full 3):
 garbage-first heap   total reserved 1538048K, committed 137216K, used 61463K [0x00000000a2200000, 0x0000000100000000)
  region size 1024K, 5 young (5120K), 5 survivors (5120K)
 Metaspace       used 93929K, committed 95104K, reserved 1179648K
  class space    used 13707K, committed 14208K, reserved 1048576K
}
Event: 1151.639 GC heap before
{Heap before GC invocations=50 (full 3):
 garbage-first heap   total reserved 1538048K, committed 137216K, used 99351K [0x00000000a2200000, 0x0000000100000000)
  region size 1024K, 43 young (44032K), 5 survivors (5120K)
 Metaspace       used 94293K, committed 95488K, reserved 1179648K
  class space    used 13735K, committed 14208K, reserved 1048576K
}

