# JRE version: Java(TM) SE Runtime Environment (22.0.2+9) (build 22.0.2+9-70)
# Java VM: Java HotSpot(TM) 64-Bit Server VM (22.0.2+9-70, mixed mode, emulated-client, sharing, tiered, compressed oops, compressed class ptrs, g1 gc, windows-amd64)
GC Precious Log:
 CardTable entry size: 512
 Card Set container configuration: InlinePtr #cards 5 size 8 Array Of Cards #cards 12 size 40 Howl #buckets 4 coarsen threshold 1843 Howl Bitmap #cards 512 size 80 coarsen threshold 460 Card regions per heap region 1 cards per card region 2048
 CPUs: 12 total, 12 available
 Memory: 6005M
 Large Page Support: Disabled
 NUMA Support: Disabled
 Compressed Oops: Enabled (32-bit)
 Heap Region Size: 1M
 Heap Min Capacity: 8M
 Heap Initial Capacity: 94M
 Heap Max Capacity: 1502M
 Pre-touch: Disabled
 Parallel Workers: 10
 Concurrent Workers: 3
 Concurrent Refinement Workers: 10
 Periodic GC: Disabled
Heap:
 garbage-first heap   total reserved 1538048K, committed 107520K, used 58325K [0x00000000a2200000, 0x0000000100000000)
  region size 1024K, 1 young (1024K), 1 survivors (1024K)
 Metaspace       used 65530K, committed 66304K, reserved 1114112K
  class space    used 9912K, committed 10240K, reserved 1048576K
GC Heap History (20 events):
Event: 10.283 GC heap after
{Heap after GC invocations=18 (full 0):
 garbage-first heap   total reserved 1538048K, committed 69632K, used 36531K [0x00000000a2200000, 0x0000000100000000)
  region size 1024K, 2 young (2048K), 2 survivors (2048K)
 Metaspace       used 63327K, committed 64000K, reserved 1114112K
  class space    used 9553K, committed 9856K, reserved 1048576K
}
Event: 10.456 GC heap before
{Heap before GC invocations=19 (full 0):
 garbage-first heap   total reserved 1538048K, committed 69632K, used 63155K [0x00000000a2200000, 0x0000000100000000)
  region size 1024K, 28 young (28672K), 2 survivors (2048K)
 Metaspace       used 64756K, committed 65472K, reserved 1114112K
  class space    used 9785K, committed 10112K, reserved 1048576K
}
Event: 10.458 GC heap after
{Heap after GC invocations=20 (full 0):
 garbage-first heap   total reserved 1538048K, committed 69632K, used 37041K [0x00000000a2200000, 0x0000000100000000)
  region size 1024K, 3 young (3072K), 3 survivors (3072K)
 Metaspace       used 64756K, committed 65472K, reserved 1114112K
  class space    used 9785K, committed 10112K, reserved 1048576K
}
Event: 10.687 GC heap before
{Heap before GC invocations=20 (full 0):
 garbage-first heap   total reserved 1538048K, committed 69632K, used 61617K [0x00000000a2200000, 0x0000000100000000)
  region size 1024K, 27 young (27648K), 3 survivors (3072K)
 Metaspace       used 65385K, committed 66048K, reserved 1114112K
  class space    used 9884K, committed 10176K, reserved 1048576K
}
Event: 10.692 GC heap after
{Heap after GC invocations=21 (full 0):
 garbage-first heap   total reserved 1538048K, committed 69632K, used 40284K [0x00000000a2200000, 0x0000000100000000)
  region size 1024K, 4 young (4096K), 4 survivors (4096K)
 Metaspace       used 65385K, committed 66048K, reserved 1114112K
  class space    used 9884K, committed 10176K, reserved 1048576K
}
Event: 10.756 GC heap before
{Heap before GC invocations=21 (full 0):
 garbage-first heap   total reserved 1538048K, committed 69632K, used 60764K [0x00000000a2200000, 0x0000000100000000)
  region size 1024K, 24 young (24576K), 4 survivors (4096K)
 Metaspace       used 65385K, committed 66048K, reserved 1114112K
  class space    used 9884K, committed 10176K, reserved 1048576K
}
Event: 10.761 GC heap after
{Heap after GC invocations=22 (full 0):
 garbage-first heap   total reserved 1538048K, committed 69632K, used 44404K [0x00000000a2200000, 0x0000000100000000)
  region size 1024K, 3 young (3072K), 3 survivors (3072K)
 Metaspace       used 65385K, committed 66048K, reserved 1114112K
  class space    used 9884K, committed 10176K, reserved 1048576K
}
Event: 10.829 GC heap before
{Heap before GC invocations=23 (full 0):
 garbage-first heap   total reserved 1538048K, committed 75776K, used 60788K [0x00000000a2200000, 0x0000000100000000)
  region size 1024K, 19 young (19456K), 3 survivors (3072K)
 Metaspace       used 65385K, committed 66048K, reserved 1114112K
  class space    used 9884K, committed 10176K, reserved 1048576K
}
Event: 10.834 GC heap after
{Heap after GC invocations=24 (full 0):
 garbage-first heap   total reserved 1538048K, committed 75776K, used 49231K [0x00000000a2200000, 0x0000000100000000)
  region size 1024K, 3 young (3072K), 3 survivors (3072K)
 Metaspace       used 65385K, committed 66048K, reserved 1114112K
  class space    used 9884K, committed 10176K, reserved 1048576K
}
Event: 10.896 GC heap before
{Heap before GC invocations=24 (full 0):
 garbage-first heap   total reserved 1538048K, committed 75776K, used 65615K [0x00000000a2200000, 0x0000000100000000)
  region size 1024K, 19 young (19456K), 3 survivors (3072K)
 Metaspace       used 65388K, committed 66048K, reserved 1114112K
  class space    used 9884K, committed 10176K, reserved 1048576K
}
Event: 10.901 GC heap after
{Heap after GC invocations=25 (full 0):
 garbage-first heap   total reserved 1538048K, committed 107520K, used 53754K [0x00000000a2200000, 0x0000000100000000)
  region size 1024K, 3 young (3072K), 3 survivors (3072K)
 Metaspace       used 65388K, committed 66048K, reserved 1114112K
  class space    used 9884K, committed 10176K, reserved 1048576K
}
Event: 11.036 GC heap before
{Heap before GC invocations=25 (full 0):
 garbage-first heap   total reserved 1538048K, committed 107520K, used 86522K [0x00000000a2200000, 0x0000000100000000)
  region size 1024K, 35 young (35840K), 3 survivors (3072K)
 Metaspace       used 65388K, committed 66048K, reserved 1114112K
  class space    used 9884K, committed 10176K, reserved 1048576K
}
Event: 11.042 GC heap after
{Heap after GC invocations=26 (full 0):
 garbage-first heap   total reserved 1538048K, committed 107520K, used 60612K [0x00000000a2200000, 0x0000000100000000)
  region size 1024K, 5 young (5120K), 5 survivors (5120K)
 Metaspace       used 65388K, committed 66048K, reserved 1114112K
  class space    used 9884K, committed 10176K, reserved 1048576K
}
Event: 11.145 GC heap before
{Heap before GC invocations=27 (full 0):
 garbage-first heap   total reserved 1538048K, committed 107520K, used 87236K [0x00000000a2200000, 0x0000000100000000)
  region size 1024K, 32 young (32768K), 5 survivors (5120K)
 Metaspace       used 65388K, committed 66048K, reserved 1114112K
  class space    used 9884K, committed 10176K, reserved 1048576K
}
Event: 11.148 GC heap after
{Heap after GC invocations=28 (full 0):
 garbage-first heap   total reserved 1538048K, committed 107520K, used 60949K [0x00000000a2200000, 0x0000000100000000)
  region size 1024K, 1 young (1024K), 1 survivors (1024K)
 Metaspace       used 65388K, committed 66048K, reserved 1114112K
  class space    used 9884K, committed 10176K, reserved 1048576K
}
Event: 11.235 GC heap before
{Heap before GC invocations=28 (full 0):
 garbage-first heap   total reserved 1538048K, committed 107520K, used 90645K [0x00000000a2200000, 0x0000000100000000)
  region size 1024K, 30 young (30720K), 1 survivors (1024K)
 Metaspace       used 65407K, committed 66112K, reserved 1114112K
  class space    used 9889K, committed 10176K, reserved 1048576K
}
Event: 11.239 GC heap after
{Heap after GC invocations=29 (full 0):
 garbage-first heap   total reserved 1538048K, committed 107520K, used 60939K [0x00000000a2200000, 0x0000000100000000)
  region size 1024K, 4 young (4096K), 4 survivors (4096K)
 Metaspace       used 65407K, committed 66112K, reserved 1114112K
  class space    used 9889K, committed 10176K, reserved 1048576K
}
Event: 11.313 GC heap before
{Heap before GC invocations=29 (full 0):
 garbage-first heap   total reserved 1538048K, committed 107520K, used 91659K [0x00000000a2200000, 0x0000000100000000)
  region size 1024K, 34 young (34816K), 4 survivors (4096K)
 Metaspace       used 65409K, committed 66112K, reserved 1114112K
  class space    used 9889K, committed 10176K, reserved 1048576K
}
Event: 11.316 GC heap after
{Heap after GC invocations=30 (full 0):
 garbage-first heap   total reserved 1538048K, committed 107520K, used 62574K [0x00000000a2200000, 0x0000000100000000)
  region size 1024K, 5 young (5120K), 5 survivors (5120K)
 Metaspace       used 65409K, committed 66112K, reserved 1114112K
  class space    used 9889K, committed 10176K, reserved 1048576K
}
Event: 11.458 GC heap before
{Heap before GC invocations=31 (full 0):
 garbage-first heap   total reserved 1538048K, committed 107520K, used 91246K [0x00000000a2200000, 0x0000000100000000)
  region size 1024K, 34 young (34816K), 5 survivors (5120K)
 Metaspace       used 65530K, committed 66304K, reserved 1114112K
  class space    used 9912K, committed 10240K, reserved 1048576K
}

