# JRE version: OpenJDK Runtime Environment Temurin-21.0.8+9 (21.0.8+9) (build 21.0.8+9-LTS)
# Java VM: OpenJDK 64-Bit Server VM Temurin-21.0.8+9 (21.0.8+9-LTS, mixed mode, sharing, tiered, compressed oops, compressed class ptrs, parallel gc, windows-amd64)
GC Precious Log:
 CardTable entry size: 512
 CPUs: 12 total, 12 available
 Memory: 6005M
 Large Page Support: Disabled
 NUMA Support: Disabled
 Compressed Oops: Enabled (32-bit)
 Alignments: Space 512K, Generation 512K, Heap 2M
 Heap Min Capacity: 100M
 Heap Initial Capacity: 100M
 Heap Max Capacity: 2G
 Pre-touch: Disabled
 Parallel Workers: 10
Heap:
 PSYoungGen      total 17920K, used 6651K [0x00000000d5580000, 0x00000000d6a00000, 0x0000000100000000)
  eden space 15872K, 30% used [0x00000000d5580000,0x00000000d5a49d78,0x00000000d6500000)
  from space 2048K, 85% used [0x00000000d6800000,0x00000000d69b5240,0x00000000d6a00000)
  to   space 2048K, 0% used [0x00000000d6600000,0x00000000d6600000,0x00000000d6800000)
 ParOldGen       total 86528K, used 86362K [0x0000000080000000, 0x0000000085480000, 0x00000000d5580000)
  object space 86528K, 99% used [0x0000000080000000,0x0000000085456ae8,0x0000000085480000)
 Metaspace       used 64191K, committed 65728K, reserved 1114112K
  class space    used 6777K, committed 7424K, reserved 1048576K
GC Heap History (20 events):
Event: 18.411 GC heap before
{Heap before GC invocations=102 (full 3):
 PSYoungGen      total 18432K, used 18429K [0x00000000d5580000, 0x00000000d6900000, 0x0000000100000000)
  eden space 17920K, 100% used [0x00000000d5580000,0x00000000d6700000,0x00000000d6700000)
  from space 512K, 99% used [0x00000000d6800000,0x00000000d687f4d8,0x00000000d6880000)
  to   space 1024K, 0% used [0x00000000d6700000,0x00000000d6700000,0x00000000d6800000)
 ParOldGen       total 79360K, used 79162K [0x0000000080000000, 0x0000000084d80000, 0x00000000d5580000)
  object space 79360K, 99% used [0x0000000080000000,0x0000000084d4ebd0,0x0000000084d80000)
 Metaspace       used 59656K, committed 61184K, reserved 1114112K
  class space    used 6337K, committed 6976K, reserved 1048576K
}
Event: 18.412 GC heap after
{Heap after GC invocations=102 (full 3):
 PSYoungGen      total 18944K, used 480K [0x00000000d5580000, 0x00000000d6900000, 0x0000000100000000)
  eden space 17920K, 0% used [0x00000000d5580000,0x00000000d5580000,0x00000000d6700000)
  from space 1024K, 46% used [0x00000000d6700000,0x00000000d6778000,0x00000000d6800000)
  to   space 1024K, 0% used [0x00000000d6800000,0x00000000d6800000,0x00000000d6900000)
 ParOldGen       total 79872K, used 79538K [0x0000000080000000, 0x0000000084e00000, 0x00000000d5580000)
  object space 79872K, 99% used [0x0000000080000000,0x0000000084dacbd0,0x0000000084e00000)
 Metaspace       used 59656K, committed 61184K, reserved 1114112K
  class space    used 6337K, committed 6976K, reserved 1048576K
}
Event: 18.433 GC heap before
{Heap before GC invocations=103 (full 3):
 PSYoungGen      total 18944K, used 18400K [0x00000000d5580000, 0x00000000d6900000, 0x0000000100000000)
  eden space 17920K, 100% used [0x00000000d5580000,0x00000000d6700000,0x00000000d6700000)
  from space 1024K, 46% used [0x00000000d6700000,0x00000000d6778000,0x00000000d6800000)
  to   space 1024K, 0% used [0x00000000d6800000,0x00000000d6800000,0x00000000d6900000)
 ParOldGen       total 79872K, used 79538K [0x0000000080000000, 0x0000000084e00000, 0x00000000d5580000)
  object space 79872K, 99% used [0x0000000080000000,0x0000000084dacbd0,0x0000000084e00000)
 Metaspace       used 59661K, committed 61184K, reserved 1114112K
  class space    used 6337K, committed 6976K, reserved 1048576K
}
Event: 18.435 GC heap after
{Heap after GC invocations=103 (full 3):
 PSYoungGen      total 18432K, used 320K [0x00000000d5580000, 0x00000000d6880000, 0x0000000100000000)
  eden space 17920K, 0% used [0x00000000d5580000,0x00000000d5580000,0x00000000d6700000)
  from space 512K, 62% used [0x00000000d6800000,0x00000000d6850000,0x00000000d6880000)
  to   space 512K, 0% used [0x00000000d6780000,0x00000000d6780000,0x00000000d6800000)
 ParOldGen       total 79872K, used 79793K [0x0000000080000000, 0x0000000084e00000, 0x00000000d5580000)
  object space 79872K, 99% used [0x0000000080000000,0x0000000084dec5d0,0x0000000084e00000)
 Metaspace       used 59661K, committed 61184K, reserved 1114112K
  class space    used 6337K, committed 6976K, reserved 1048576K
}
Event: 18.458 GC heap before
{Heap before GC invocations=104 (full 3):
 PSYoungGen      total 18432K, used 18240K [0x00000000d5580000, 0x00000000d6880000, 0x0000000100000000)
  eden space 17920K, 100% used [0x00000000d5580000,0x00000000d6700000,0x00000000d6700000)
  from space 512K, 62% used [0x00000000d6800000,0x00000000d6850000,0x00000000d6880000)
  to   space 512K, 0% used [0x00000000d6780000,0x00000000d6780000,0x00000000d6800000)
 ParOldGen       total 79872K, used 79793K [0x0000000080000000, 0x0000000084e00000, 0x00000000d5580000)
  object space 79872K, 99% used [0x0000000080000000,0x0000000084dec5d0,0x0000000084e00000)
 Metaspace       used 59665K, committed 61184K, reserved 1114112K
  class space    used 6337K, committed 6976K, reserved 1048576K
}
Event: 18.460 GC heap after
{Heap after GC invocations=104 (full 3):
 PSYoungGen      total 18432K, used 416K [0x00000000d5580000, 0x00000000d6880000, 0x0000000100000000)
  eden space 17920K, 0% used [0x00000000d5580000,0x00000000d5580000,0x00000000d6700000)
  from space 512K, 81% used [0x00000000d6780000,0x00000000d67e8000,0x00000000d6800000)
  to   space 512K, 0% used [0x00000000d6800000,0x00000000d6800000,0x00000000d6880000)
 ParOldGen       total 80384K, used 79953K [0x0000000080000000, 0x0000000084e80000, 0x00000000d5580000)
  object space 80384K, 99% used [0x0000000080000000,0x0000000084e145d0,0x0000000084e80000)
 Metaspace       used 59665K, committed 61184K, reserved 1114112K
  class space    used 6337K, committed 6976K, reserved 1048576K
}
Event: 18.599 GC heap before
{Heap before GC invocations=105 (full 3):
 PSYoungGen      total 18432K, used 18328K [0x00000000d5580000, 0x00000000d6880000, 0x0000000100000000)
  eden space 17920K, 99% used [0x00000000d5580000,0x00000000d66fe2c0,0x00000000d6700000)
  from space 512K, 81% used [0x00000000d6780000,0x00000000d67e8000,0x00000000d6800000)
  to   space 512K, 0% used [0x00000000d6800000,0x00000000d6800000,0x00000000d6880000)
 ParOldGen       total 80384K, used 79953K [0x0000000080000000, 0x0000000084e80000, 0x00000000d5580000)
  object space 80384K, 99% used [0x0000000080000000,0x0000000084e145d0,0x0000000084e80000)
 Metaspace       used 60293K, committed 61760K, reserved 1114112K
  class space    used 6404K, committed 7040K, reserved 1048576K
}
Event: 18.602 GC heap after
{Heap after GC invocations=105 (full 3):
 PSYoungGen      total 17408K, used 506K [0x00000000d5580000, 0x00000000d6b00000, 0x0000000100000000)
  eden space 16896K, 0% used [0x00000000d5580000,0x00000000d5580000,0x00000000d6600000)
  from space 512K, 98% used [0x00000000d6800000,0x00000000d687e920,0x00000000d6880000)
  to   space 2048K, 0% used [0x00000000d6600000,0x00000000d6600000,0x00000000d6800000)
 ParOldGen       total 80896K, used 80839K [0x0000000080000000, 0x0000000084f00000, 0x00000000d5580000)
  object space 80896K, 99% used [0x0000000080000000,0x0000000084ef1fd8,0x0000000084f00000)
 Metaspace       used 60293K, committed 61760K, reserved 1114112K
  class space    used 6404K, committed 7040K, reserved 1048576K
}
Event: 18.904 GC heap before
{Heap before GC invocations=106 (full 3):
 PSYoungGen      total 17408K, used 17402K [0x00000000d5580000, 0x00000000d6b00000, 0x0000000100000000)
  eden space 16896K, 100% used [0x00000000d5580000,0x00000000d6600000,0x00000000d6600000)
  from space 512K, 98% used [0x00000000d6800000,0x00000000d687e920,0x00000000d6880000)
  to   space 2048K, 0% used [0x00000000d6600000,0x00000000d6600000,0x00000000d6800000)
 ParOldGen       total 80896K, used 80839K [0x0000000080000000, 0x0000000084f00000, 0x00000000d5580000)
  object space 80896K, 99% used [0x0000000080000000,0x0000000084ef1fd8,0x0000000084f00000)
 Metaspace       used 61026K, committed 62464K, reserved 1114112K
  class space    used 6496K, committed 7104K, reserved 1048576K
}
Event: 18.907 GC heap after
{Heap after GC invocations=106 (full 3):
 PSYoungGen      total 18432K, used 1352K [0x00000000d5580000, 0x00000000d6900000, 0x0000000100000000)
  eden space 16896K, 0% used [0x00000000d5580000,0x00000000d5580000,0x00000000d6600000)
  from space 1536K, 88% used [0x00000000d6600000,0x00000000d6752068,0x00000000d6780000)
  to   space 1536K, 0% used [0x00000000d6780000,0x00000000d6780000,0x00000000d6900000)
 ParOldGen       total 81408K, used 81267K [0x0000000080000000, 0x0000000084f80000, 0x00000000d5580000)
  object space 81408K, 99% used [0x0000000080000000,0x0000000084f5cc10,0x0000000084f80000)
 Metaspace       used 61026K, committed 62464K, reserved 1114112K
  class space    used 6496K, committed 7104K, reserved 1048576K
}
Event: 19.065 GC heap before
{Heap before GC invocations=107 (full 3):
 PSYoungGen      total 18432K, used 18248K [0x00000000d5580000, 0x00000000d6900000, 0x0000000100000000)
  eden space 16896K, 100% used [0x00000000d5580000,0x00000000d6600000,0x00000000d6600000)
  from space 1536K, 88% used [0x00000000d6600000,0x00000000d6752068,0x00000000d6780000)
  to   space 1536K, 0% used [0x00000000d6780000,0x00000000d6780000,0x00000000d6900000)
 ParOldGen       total 81408K, used 81267K [0x0000000080000000, 0x0000000084f80000, 0x00000000d5580000)
  object space 81408K, 99% used [0x0000000080000000,0x0000000084f5cc10,0x0000000084f80000)
 Metaspace       used 61285K, committed 62848K, reserved 1114112K
  class space    used 6525K, committed 7168K, reserved 1048576K
}
Event: 19.068 GC heap after
{Heap after GC invocations=107 (full 3):
 PSYoungGen      total 17920K, used 768K [0x00000000d5580000, 0x00000000d6880000, 0x0000000100000000)
  eden space 16896K, 0% used [0x00000000d5580000,0x00000000d5580000,0x00000000d6600000)
  from space 1024K, 75% used [0x00000000d6780000,0x00000000d6840000,0x00000000d6880000)
  to   space 1024K, 0% used [0x00000000d6680000,0x00000000d6680000,0x00000000d6780000)
 ParOldGen       total 82432K, used 82193K [0x0000000080000000, 0x0000000085080000, 0x00000000d5580000)
  object space 82432K, 99% used [0x0000000080000000,0x0000000085044510,0x0000000085080000)
 Metaspace       used 61285K, committed 62848K, reserved 1114112K
  class space    used 6525K, committed 7168K, reserved 1048576K
}
Event: 19.216 GC heap before
{Heap before GC invocations=108 (full 3):
 PSYoungGen      total 17920K, used 17664K [0x00000000d5580000, 0x00000000d6880000, 0x0000000100000000)
  eden space 16896K, 100% used [0x00000000d5580000,0x00000000d6600000,0x00000000d6600000)
  from space 1024K, 75% used [0x00000000d6780000,0x00000000d6840000,0x00000000d6880000)
  to   space 1024K, 0% used [0x00000000d6680000,0x00000000d6680000,0x00000000d6780000)
 ParOldGen       total 82432K, used 82193K [0x0000000080000000, 0x0000000085080000, 0x00000000d5580000)
  object space 82432K, 99% used [0x0000000080000000,0x0000000085044510,0x0000000085080000)
 Metaspace       used 61541K, committed 63040K, reserved 1114112K
  class space    used 6541K, committed 7168K, reserved 1048576K
}
Event: 19.219 GC heap after
{Heap after GC invocations=108 (full 3):
 PSYoungGen      total 17920K, used 723K [0x00000000d5580000, 0x00000000d6800000, 0x0000000100000000)
  eden space 16896K, 0% used [0x00000000d5580000,0x00000000d5580000,0x00000000d6600000)
  from space 1024K, 70% used [0x00000000d6680000,0x00000000d6734f18,0x00000000d6780000)
  to   space 512K, 0% used [0x00000000d6780000,0x00000000d6780000,0x00000000d6800000)
 ParOldGen       total 82944K, used 82693K [0x0000000080000000, 0x0000000085100000, 0x00000000d5580000)
  object space 82944K, 99% used [0x0000000080000000,0x00000000850c14a8,0x0000000085100000)
 Metaspace       used 61541K, committed 63040K, reserved 1114112K
  class space    used 6541K, committed 7168K, reserved 1048576K
}
Event: 19.468 GC heap before
{Heap before GC invocations=109 (full 3):
 PSYoungGen      total 17920K, used 17619K [0x00000000d5580000, 0x00000000d6800000, 0x0000000100000000)
  eden space 16896K, 100% used [0x00000000d5580000,0x00000000d6600000,0x00000000d6600000)
  from space 1024K, 70% used [0x00000000d6680000,0x00000000d6734f18,0x00000000d6780000)
  to   space 512K, 0% used [0x00000000d6780000,0x00000000d6780000,0x00000000d6800000)
 ParOldGen       total 82944K, used 82693K [0x0000000080000000, 0x0000000085100000, 0x00000000d5580000)
  object space 82944K, 99% used [0x0000000080000000,0x00000000850c14a8,0x0000000085100000)
 Metaspace       used 62045K, committed 63552K, reserved 1114112K
  class space    used 6582K, committed 7232K, reserved 1048576K
}
Event: 19.472 GC heap after
{Heap after GC invocations=109 (full 3):
 PSYoungGen      total 16384K, used 512K [0x00000000d5580000, 0x00000000d6b00000, 0x0000000100000000)
  eden space 15872K, 0% used [0x00000000d5580000,0x00000000d5580000,0x00000000d6500000)
  from space 512K, 100% used [0x00000000d6780000,0x00000000d6800000,0x00000000d6800000)
  to   space 2560K, 0% used [0x00000000d6500000,0x00000000d6500000,0x00000000d6780000)
 ParOldGen       total 84480K, used 84048K [0x0000000080000000, 0x0000000085280000, 0x00000000d5580000)
  object space 84480K, 99% used [0x0000000080000000,0x00000000852140e8,0x0000000085280000)
 Metaspace       used 62045K, committed 63552K, reserved 1114112K
  class space    used 6582K, committed 7232K, reserved 1048576K
}
Event: 20.161 GC heap before
{Heap before GC invocations=110 (full 3):
 PSYoungGen      total 16384K, used 16384K [0x00000000d5580000, 0x00000000d6b00000, 0x0000000100000000)
  eden space 15872K, 100% used [0x00000000d5580000,0x00000000d6500000,0x00000000d6500000)
  from space 512K, 100% used [0x00000000d6780000,0x00000000d6800000,0x00000000d6800000)
  to   space 2560K, 0% used [0x00000000d6500000,0x00000000d6500000,0x00000000d6780000)
 ParOldGen       total 84480K, used 84051K [0x0000000080000000, 0x0000000085280000, 0x00000000d5580000)
  object space 84480K, 99% used [0x0000000080000000,0x0000000085214db8,0x0000000085280000)
 Metaspace       used 63193K, committed 64640K, reserved 1114112K
  class space    used 6690K, committed 7296K, reserved 1048576K
}
Event: 20.165 GC heap after
{Heap after GC invocations=110 (full 3):
 PSYoungGen      total 18432K, used 1965K [0x00000000d5580000, 0x00000000d6a00000, 0x0000000100000000)
  eden space 15872K, 0% used [0x00000000d5580000,0x00000000d5580000,0x00000000d6500000)
  from space 2560K, 76% used [0x00000000d6500000,0x00000000d66eb678,0x00000000d6780000)
  to   space 2048K, 0% used [0x00000000d6800000,0x00000000d6800000,0x00000000d6a00000)
 ParOldGen       total 84992K, used 84621K [0x0000000080000000, 0x0000000085300000, 0x00000000d5580000)
  object space 84992K, 99% used [0x0000000080000000,0x00000000852a3740,0x0000000085300000)
 Metaspace       used 63193K, committed 64640K, reserved 1114112K
  class space    used 6690K, committed 7296K, reserved 1048576K
}
Event: 21.397 GC heap before
{Heap before GC invocations=111 (full 3):
 PSYoungGen      total 18432K, used 17837K [0x00000000d5580000, 0x00000000d6a00000, 0x0000000100000000)
  eden space 15872K, 100% used [0x00000000d5580000,0x00000000d6500000,0x00000000d6500000)
  from space 2560K, 76% used [0x00000000d6500000,0x00000000d66eb678,0x00000000d6780000)
  to   space 2048K, 0% used [0x00000000d6800000,0x00000000d6800000,0x00000000d6a00000)
 ParOldGen       total 84992K, used 84624K [0x0000000080000000, 0x0000000085300000, 0x00000000d5580000)
  object space 84992K, 99% used [0x0000000080000000,0x00000000852a4380,0x0000000085300000)
 Metaspace       used 63998K, committed 65536K, reserved 1114112K
  class space    used 6769K, committed 7424K, reserved 1048576K
}
Event: 21.400 GC heap after
{Heap after GC invocations=111 (full 3):
 PSYoungGen      total 17920K, used 1748K [0x00000000d5580000, 0x00000000d6a00000, 0x0000000100000000)
  eden space 15872K, 0% used [0x00000000d5580000,0x00000000d5580000,0x00000000d6500000)
  from space 2048K, 85% used [0x00000000d6800000,0x00000000d69b5240,0x00000000d6a00000)
  to   space 2048K, 0% used [0x00000000d6600000,0x00000000d6600000,0x00000000d6800000)
 ParOldGen       total 86528K, used 86362K [0x0000000080000000, 0x0000000085480000, 0x00000000d5580000)
  object space 86528K, 99% used [0x0000000080000000,0x0000000085456ae8,0x0000000085480000)
 Metaspace       used 63998K, committed 65536K, reserved 1114112K
  class space    used 6769K, committed 7424K, reserved 1048576K
}

