# JRE version: OpenJDK Runtime Environment Temurin-21.0.8+9 (21.0.8+9) (build 21.0.8+9-LTS)
# Java VM: OpenJDK 64-Bit Server VM Temurin-21.0.8+9 (21.0.8+9-LTS, mixed mode, sharing, tiered, compressed oops, compressed class ptrs, parallel gc, windows-amd64)
GC Precious Log:
 CardTable entry size: 512
 CPUs: 12 total, 12 available
 Memory: 6005M
 Large Page Support: Disabled
 NUMA Support: Disabled
 Compressed Oops: Enabled (32-bit)
 Alignments: Space 512K, Generation 512K, Heap 2M
 Heap Min Capacity: 100M
 Heap Initial Capacity: 100M
 Heap Max Capacity: 2G
 Pre-touch: Disabled
 Parallel Workers: 10
Heap:
 PSYoungGen      total 3584K, used 2108K [0x00000000d5580000, 0x00000000d5c80000, 0x0000000100000000)
  eden space 2560K, 61% used [0x00000000d5580000,0x00000000d57073e0,0x00000000d5800000)
  from space 1024K, 53% used [0x00000000d5b80000,0x00000000d5c08000,0x00000000d5c80000)
  to   space 1024K, 0% used [0x00000000d5a80000,0x00000000d5a80000,0x00000000d5b80000)
 ParOldGen       total 220672K, used 220330K [0x0000000080000000, 0x000000008d780000, 0x00000000d5580000)
  object space 220672K, 99% used [0x0000000080000000,0x000000008d72aba8,0x000000008d780000)
 Metaspace       used 68861K, committed 70464K, reserved 1114112K
  class space    used 7178K, committed 7872K, reserved 1048576K
GC Heap History (20 events):
Event: 453.358 GC heap after
{Heap after GC invocations=185 (full 3):
 PSYoungGen      total 6656K, used 493K [0x00000000d5580000, 0x00000000d6100000, 0x0000000100000000)
  eden space 6144K, 0% used [0x00000000d5580000,0x00000000d5580000,0x00000000d5b80000)
  from space 512K, 96% used [0x00000000d5e00000,0x00000000d5e7b788,0x00000000d5e80000)
  to   space 2560K, 0% used [0x00000000d5b80000,0x00000000d5b80000,0x00000000d5e00000)
 ParOldGen       total 162304K, used 161846K [0x0000000080000000, 0x0000000089e80000, 0x00000000d5580000)
  object space 162304K, 99% used [0x0000000080000000,0x0000000089e0d8f8,0x0000000089e80000)
 Metaspace       used 68638K, committed 70272K, reserved 1114112K
  class space    used 7170K, committed 7872K, reserved 1048576K
}
Event: 453.458 GC heap before
{Heap before GC invocations=186 (full 3):
 PSYoungGen      total 6656K, used 6637K [0x00000000d5580000, 0x00000000d6100000, 0x0000000100000000)
  eden space 6144K, 100% used [0x00000000d5580000,0x00000000d5b80000,0x00000000d5b80000)
  from space 512K, 96% used [0x00000000d5e00000,0x00000000d5e7b788,0x00000000d5e80000)
  to   space 2560K, 0% used [0x00000000d5b80000,0x00000000d5b80000,0x00000000d5e00000)
 ParOldGen       total 162304K, used 161846K [0x0000000080000000, 0x0000000089e80000, 0x00000000d5580000)
  object space 162304K, 99% used [0x0000000080000000,0x0000000089e0d8f8,0x0000000089e80000)
 Metaspace       used 68651K, committed 70272K, reserved 1114112K
  class space    used 7175K, committed 7872K, reserved 1048576K
}
Event: 453.466 GC heap after
{Heap after GC invocations=186 (full 3):
 PSYoungGen      total 8704K, used 2556K [0x00000000d5580000, 0x00000000d6980000, 0x0000000100000000)
  eden space 6144K, 0% used [0x00000000d5580000,0x00000000d5580000,0x00000000d5b80000)
  from space 2560K, 99% used [0x00000000d5b80000,0x00000000d5dff3c0,0x00000000d5e00000)
  to   space 7168K, 0% used [0x00000000d6280000,0x00000000d6280000,0x00000000d6980000)
 ParOldGen       total 165888K, used 165507K [0x0000000080000000, 0x000000008a200000, 0x00000000d5580000)
  object space 165888K, 99% used [0x0000000080000000,0x000000008a1a0c48,0x000000008a200000)
 Metaspace       used 68651K, committed 70272K, reserved 1114112K
  class space    used 7175K, committed 7872K, reserved 1048576K
}
Event: 453.577 GC heap before
{Heap before GC invocations=187 (full 3):
 PSYoungGen      total 8704K, used 8700K [0x00000000d5580000, 0x00000000d6980000, 0x0000000100000000)
  eden space 6144K, 100% used [0x00000000d5580000,0x00000000d5b80000,0x00000000d5b80000)
  from space 2560K, 99% used [0x00000000d5b80000,0x00000000d5dff3c0,0x00000000d5e00000)
  to   space 7168K, 0% used [0x00000000d6280000,0x00000000d6280000,0x00000000d6980000)
 ParOldGen       total 165888K, used 165507K [0x0000000080000000, 0x000000008a200000, 0x00000000d5580000)
  object space 165888K, 99% used [0x0000000080000000,0x000000008a1a0c48,0x000000008a200000)
 Metaspace       used 68665K, committed 70336K, reserved 1114112K
  class space    used 7175K, committed 7872K, reserved 1048576K
}
Event: 453.655 GC heap after
{Heap after GC invocations=187 (full 3):
 PSYoungGen      total 11776K, used 5216K [0x00000000d5580000, 0x00000000d6800000, 0x0000000100000000)
  eden space 6144K, 0% used [0x00000000d5580000,0x00000000d5580000,0x00000000d5b80000)
  from space 5632K, 92% used [0x00000000d6280000,0x00000000d6798000,0x00000000d6800000)
  to   space 5632K, 0% used [0x00000000d5d00000,0x00000000d5d00000,0x00000000d6280000)
 ParOldGen       total 168448K, used 168075K [0x0000000080000000, 0x000000008a480000, 0x00000000d5580000)
  object space 168448K, 99% used [0x0000000080000000,0x000000008a422cf8,0x000000008a480000)
 Metaspace       used 68665K, committed 70336K, reserved 1114112K
  class space    used 7175K, committed 7872K, reserved 1048576K
}
Event: 453.835 GC heap before
{Heap before GC invocations=188 (full 3):
 PSYoungGen      total 11776K, used 11360K [0x00000000d5580000, 0x00000000d6800000, 0x0000000100000000)
  eden space 6144K, 100% used [0x00000000d5580000,0x00000000d5b80000,0x00000000d5b80000)
  from space 5632K, 92% used [0x00000000d6280000,0x00000000d6798000,0x00000000d6800000)
  to   space 5632K, 0% used [0x00000000d5d00000,0x00000000d5d00000,0x00000000d6280000)
 ParOldGen       total 168448K, used 168075K [0x0000000080000000, 0x000000008a480000, 0x00000000d5580000)
  object space 168448K, 99% used [0x0000000080000000,0x000000008a422cf8,0x000000008a480000)
 Metaspace       used 68672K, committed 70336K, reserved 1114112K
  class space    used 7175K, committed 7872K, reserved 1048576K
}
Event: 453.844 GC heap after
{Heap after GC invocations=188 (full 3):
 PSYoungGen      total 11264K, used 5024K [0x00000000d5580000, 0x00000000d6680000, 0x0000000100000000)
  eden space 6144K, 0% used [0x00000000d5580000,0x00000000d5580000,0x00000000d5b80000)
  from space 5120K, 98% used [0x00000000d5d00000,0x00000000d61e8000,0x00000000d6200000)
  to   space 4608K, 0% used [0x00000000d6200000,0x00000000d6200000,0x00000000d6680000)
 ParOldGen       total 173568K, used 173187K [0x0000000080000000, 0x000000008a980000, 0x00000000d5580000)
  object space 173568K, 99% used [0x0000000080000000,0x000000008a920cf8,0x000000008a980000)
 Metaspace       used 68672K, committed 70336K, reserved 1114112K
  class space    used 7175K, committed 7872K, reserved 1048576K
}
Event: 453.933 GC heap before
{Heap before GC invocations=189 (full 3):
 PSYoungGen      total 11264K, used 11168K [0x00000000d5580000, 0x00000000d6680000, 0x0000000100000000)
  eden space 6144K, 100% used [0x00000000d5580000,0x00000000d5b80000,0x00000000d5b80000)
  from space 5120K, 98% used [0x00000000d5d00000,0x00000000d61e8000,0x00000000d6200000)
  to   space 4608K, 0% used [0x00000000d6200000,0x00000000d6200000,0x00000000d6680000)
 ParOldGen       total 173568K, used 173187K [0x0000000080000000, 0x000000008a980000, 0x00000000d5580000)
  object space 173568K, 99% used [0x0000000080000000,0x000000008a920cf8,0x000000008a980000)
 Metaspace       used 68706K, committed 70336K, reserved 1114112K
  class space    used 7175K, committed 7872K, reserved 1048576K
}
Event: 453.944 GC heap after
{Heap after GC invocations=189 (full 3):
 PSYoungGen      total 6656K, used 4608K [0x00000000d5580000, 0x00000000d7080000, 0x0000000100000000)
  eden space 2048K, 0% used [0x00000000d5580000,0x00000000d5580000,0x00000000d5780000)
  from space 4608K, 100% used [0x00000000d6200000,0x00000000d6680000,0x00000000d6680000)
  to   space 10752K, 0% used [0x00000000d5780000,0x00000000d5780000,0x00000000d6200000)
 ParOldGen       total 178176K, used 178115K [0x0000000080000000, 0x000000008ae00000, 0x00000000d5580000)
  object space 178176K, 99% used [0x0000000080000000,0x000000008adf0d18,0x000000008ae00000)
 Metaspace       used 68706K, committed 70336K, reserved 1114112K
  class space    used 7175K, committed 7872K, reserved 1048576K
}
Event: 453.979 GC heap before
{Heap before GC invocations=190 (full 3):
 PSYoungGen      total 6656K, used 6600K [0x00000000d5580000, 0x00000000d7080000, 0x0000000100000000)
  eden space 2048K, 97% used [0x00000000d5580000,0x00000000d57722e8,0x00000000d5780000)
  from space 4608K, 100% used [0x00000000d6200000,0x00000000d6680000,0x00000000d6680000)
  to   space 10752K, 0% used [0x00000000d5780000,0x00000000d5780000,0x00000000d6200000)
 ParOldGen       total 178176K, used 178115K [0x0000000080000000, 0x000000008ae00000, 0x00000000d5580000)
  object space 178176K, 99% used [0x0000000080000000,0x000000008adf0d18,0x000000008ae00000)
 Metaspace       used 68720K, committed 70336K, reserved 1114112K
  class space    used 7175K, committed 7872K, reserved 1048576K
}
Event: 453.986 GC heap after
{Heap after GC invocations=190 (full 3):
 PSYoungGen      total 4096K, used 1917K [0x00000000d5580000, 0x00000000d6280000, 0x0000000100000000)
  eden space 2048K, 0% used [0x00000000d5580000,0x00000000d5580000,0x00000000d5780000)
  from space 2048K, 93% used [0x00000000d5780000,0x00000000d595f400,0x00000000d5980000)
  to   space 5120K, 0% used [0x00000000d5d80000,0x00000000d5d80000,0x00000000d6280000)
 ParOldGen       total 182784K, used 182743K [0x0000000080000000, 0x000000008b280000, 0x00000000d5580000)
  object space 182784K, 99% used [0x0000000080000000,0x000000008b275d28,0x000000008b280000)
 Metaspace       used 68720K, committed 70336K, reserved 1114112K
  class space    used 7175K, committed 7872K, reserved 1048576K
}
Event: 454.105 GC heap before
{Heap before GC invocations=191 (full 3):
 PSYoungGen      total 4096K, used 3728K [0x00000000d5580000, 0x00000000d6280000, 0x0000000100000000)
  eden space 2048K, 88% used [0x00000000d5580000,0x00000000d5744c30,0x00000000d5780000)
  from space 2048K, 93% used [0x00000000d5780000,0x00000000d595f400,0x00000000d5980000)
  to   space 5120K, 0% used [0x00000000d5d80000,0x00000000d5d80000,0x00000000d6280000)
 ParOldGen       total 182784K, used 182743K [0x0000000080000000, 0x000000008b280000, 0x00000000d5580000)
  object space 182784K, 99% used [0x0000000080000000,0x000000008b275d28,0x000000008b280000)
 Metaspace       used 68761K, committed 70400K, reserved 1114112K
  class space    used 7175K, committed 7872K, reserved 1048576K
}
Event: 454.110 GC heap after
{Heap after GC invocations=191 (full 3):
 PSYoungGen      total 3584K, used 1242K [0x00000000d5580000, 0x00000000d5f00000, 0x0000000100000000)
  eden space 2048K, 0% used [0x00000000d5580000,0x00000000d5580000,0x00000000d5780000)
  from space 1536K, 80% used [0x00000000d5d80000,0x00000000d5eb6800,0x00000000d5f00000)
  to   space 2048K, 0% used [0x00000000d5b00000,0x00000000d5b00000,0x00000000d5d00000)
 ParOldGen       total 184320K, used 184295K [0x0000000080000000, 0x000000008b400000, 0x00000000d5580000)
  object space 184320K, 99% used [0x0000000080000000,0x000000008b3f9d28,0x000000008b400000)
 Metaspace       used 68761K, committed 70400K, reserved 1114112K
  class space    used 7175K, committed 7872K, reserved 1048576K
}
Event: 454.200 GC heap before
{Heap before GC invocations=192 (full 3):
 PSYoungGen      total 3584K, used 3290K [0x00000000d5580000, 0x00000000d5f00000, 0x0000000100000000)
  eden space 2048K, 100% used [0x00000000d5580000,0x00000000d5780000,0x00000000d5780000)
  from space 1536K, 80% used [0x00000000d5d80000,0x00000000d5eb6800,0x00000000d5f00000)
  to   space 2048K, 0% used [0x00000000d5b00000,0x00000000d5b00000,0x00000000d5d00000)
 ParOldGen       total 184320K, used 184295K [0x0000000080000000, 0x000000008b400000, 0x00000000d5580000)
  object space 184320K, 99% used [0x0000000080000000,0x000000008b3f9d28,0x000000008b400000)
 Metaspace       used 68792K, committed 70400K, reserved 1114112K
  class space    used 7178K, committed 7872K, reserved 1048576K
}
Event: 454.204 GC heap after
{Heap after GC invocations=192 (full 3):
 PSYoungGen      total 4096K, used 1620K [0x00000000d5580000, 0x00000000d5e00000, 0x0000000100000000)
  eden space 2048K, 0% used [0x00000000d5580000,0x00000000d5580000,0x00000000d5780000)
  from space 2048K, 79% used [0x00000000d5b00000,0x00000000d5c95000,0x00000000d5d00000)
  to   space 1024K, 0% used [0x00000000d5d00000,0x00000000d5d00000,0x00000000d5e00000)
 ParOldGen       total 185344K, used 184962K [0x0000000080000000, 0x000000008b500000, 0x00000000d5580000)
  object space 185344K, 99% used [0x0000000080000000,0x000000008b4a0b78,0x000000008b500000)
 Metaspace       used 68792K, committed 70400K, reserved 1114112K
  class space    used 7178K, committed 7872K, reserved 1048576K
}
Event: 454.209 GC heap before
{Heap before GC invocations=193 (full 3):
 PSYoungGen      total 4096K, used 3668K [0x00000000d5580000, 0x00000000d5e00000, 0x0000000100000000)
  eden space 2048K, 100% used [0x00000000d5580000,0x00000000d5780000,0x00000000d5780000)
  from space 2048K, 79% used [0x00000000d5b00000,0x00000000d5c95000,0x00000000d5d00000)
  to   space 1024K, 0% used [0x00000000d5d00000,0x00000000d5d00000,0x00000000d5e00000)
 ParOldGen       total 185344K, used 184962K [0x0000000080000000, 0x000000008b500000, 0x00000000d5580000)
  object space 185344K, 99% used [0x0000000080000000,0x000000008b4a0b78,0x000000008b500000)
 Metaspace       used 68793K, committed 70400K, reserved 1114112K
  class space    used 7178K, committed 7872K, reserved 1048576K
}
Event: 454.213 GC heap after
{Heap after GC invocations=193 (full 3):
 PSYoungGen      total 3072K, used 1012K [0x00000000d5580000, 0x00000000d6080000, 0x0000000100000000)
  eden space 2048K, 0% used [0x00000000d5580000,0x00000000d5580000,0x00000000d5780000)
  from space 1024K, 98% used [0x00000000d5d00000,0x00000000d5dfd000,0x00000000d5e00000)
  to   space 4608K, 0% used [0x00000000d5780000,0x00000000d5780000,0x00000000d5c00000)
 ParOldGen       total 188416K, used 187966K [0x0000000080000000, 0x000000008b800000, 0x00000000d5580000)
  object space 188416K, 99% used [0x0000000080000000,0x000000008b78fb78,0x000000008b800000)
 Metaspace       used 68793K, committed 70400K, reserved 1114112K
  class space    used 7178K, committed 7872K, reserved 1048576K
}
Event: 454.344 GC heap before
{Heap before GC invocations=194 (full 3):
 PSYoungGen      total 3072K, used 3060K [0x00000000d5580000, 0x00000000d6080000, 0x0000000100000000)
  eden space 2048K, 100% used [0x00000000d5580000,0x00000000d5780000,0x00000000d5780000)
  from space 1024K, 98% used [0x00000000d5d00000,0x00000000d5dfd000,0x00000000d5e00000)
  to   space 4608K, 0% used [0x00000000d5780000,0x00000000d5780000,0x00000000d5c00000)
 ParOldGen       total 220160K, used 218686K [0x0000000080000000, 0x000000008d700000, 0x00000000d5580000)
  object space 220160K, 99% used [0x0000000080000000,0x000000008d58fba8,0x000000008d700000)
 Metaspace       used 68808K, committed 70464K, reserved 1114112K
  class space    used 7178K, committed 7872K, reserved 1048576K
}
Event: 454.349 GC heap after
{Heap after GC invocations=194 (full 3):
 PSYoungGen      total 3072K, used 896K [0x00000000d5580000, 0x00000000d5d80000, 0x0000000100000000)
  eden space 2048K, 0% used [0x00000000d5580000,0x00000000d5580000,0x00000000d5780000)
  from space 1024K, 87% used [0x00000000d5780000,0x00000000d5860000,0x00000000d5880000)
  to   space 2048K, 0% used [0x00000000d5b80000,0x00000000d5b80000,0x00000000d5d80000)
 ParOldGen       total 220160K, used 219538K [0x0000000080000000, 0x000000008d700000, 0x00000000d5580000)
  object space 220160K, 99% used [0x0000000080000000,0x000000008d664ba8,0x000000008d700000)
 Metaspace       used 68808K, committed 70464K, reserved 1114112K
  class space    used 7178K, committed 7872K, reserved 1048576K
}
Event: 454.686 GC heap before
{Heap before GC invocations=195 (full 3):
 PSYoungGen      total 3072K, used 2684K [0x00000000d5580000, 0x00000000d5d80000, 0x0000000100000000)
  eden space 2048K, 87% used [0x00000000d5580000,0x00000000d573f380,0x00000000d5780000)
  from space 1024K, 87% used [0x00000000d5780000,0x00000000d5860000,0x00000000d5880000)
  to   space 2048K, 0% used [0x00000000d5b80000,0x00000000d5b80000,0x00000000d5d80000)
 ParOldGen       total 220160K, used 219538K [0x0000000080000000, 0x000000008d700000, 0x00000000d5580000)
  object space 220160K, 99% used [0x0000000080000000,0x000000008d664ba8,0x000000008d700000)
 Metaspace       used 68861K, committed 70464K, reserved 1114112K
  class space    used 7178K, committed 7872K, reserved 1048576K
}

