# JRE version: Java(TM) SE Runtime Environment (22.0.2+9) (build 22.0.2+9-70)
# Java VM: Java HotSpot(TM) 64-Bit Server VM (22.0.2+9-70, mixed mode, emulated-client, sharing, tiered, compressed oops, compressed class ptrs, g1 gc, windows-amd64)
GC Precious Log:
 CardTable entry size: 512
 Card Set container configuration: InlinePtr #cards 5 size 8 Array Of Cards #cards 12 size 40 Howl #buckets 4 coarsen threshold 1843 Howl Bitmap #cards 512 size 80 coarsen threshold 460 Card regions per heap region 1 cards per card region 2048
 CPUs: 12 total, 12 available
 Memory: 6005M
 Large Page Support: Disabled
 NUMA Support: Disabled
 Compressed Oops: Enabled (32-bit)
 Heap Region Size: 1M
 Heap Min Capacity: 8M
 Heap Initial Capacity: 94M
 Heap Max Capacity: 1502M
 Pre-touch: Disabled
 Parallel Workers: 10
 Concurrent Workers: 3
 Concurrent Refinement Workers: 10
 Periodic GC: Disabled
Heap:
 garbage-first heap   total reserved 1538048K, committed 131072K, used 75794K [0x00000000a2200000, 0x0000000100000000)
  region size 1024K, 36 young (36864K), 6 survivors (6144K)
 Metaspace       used 88304K, committed 89152K, reserved 1179648K
  class space    used 13002K, committed 13376K, reserved 1048576K
GC Heap History (20 events):
Event: 360.210 GC heap after
{Heap after GC invocations=41 (full 3):
 garbage-first heap   total reserved 1538048K, committed 131072K, used 54840K [0x00000000a2200000, 0x0000000100000000)
  region size 1024K, 5 young (5120K), 5 survivors (5120K)
 Metaspace       used 78147K, committed 79040K, reserved 1179648K
  class space    used 11650K, committed 12032K, reserved 1048576K
}
Event: 762.131 GC heap before
{Heap before GC invocations=41 (full 3):
 garbage-first heap   total reserved 1538048K, committed 131072K, used 116280K [0x00000000a2200000, 0x0000000100000000)
  region size 1024K, 65 young (66560K), 5 survivors (5120K)
 Metaspace       used 78156K, committed 79040K, reserved 1179648K
  class space    used 11652K, committed 12032K, reserved 1048576K
}
Event: 762.266 GC heap after
{Heap after GC invocations=42 (full 3):
 garbage-first heap   total reserved 1538048K, committed 131072K, used 54189K [0x00000000a2200000, 0x0000000100000000)
  region size 1024K, 4 young (4096K), 4 survivors (4096K)
 Metaspace       used 78156K, committed 79040K, reserved 1179648K
  class space    used 11652K, committed 12032K, reserved 1048576K
}
Event: 1176.967 GC heap before
{Heap before GC invocations=43 (full 3):
 garbage-first heap   total reserved 1538048K, committed 131072K, used 117677K [0x00000000a2200000, 0x0000000100000000)
  region size 1024K, 66 young (67584K), 4 survivors (4096K)
 Metaspace       used 77949K, committed 79040K, reserved 1179648K
  class space    used 11603K, committed 12032K, reserved 1048576K
}
Event: 1177.062 GC heap after
{Heap after GC invocations=44 (full 3):
 garbage-first heap   total reserved 1538048K, committed 131072K, used 54021K [0x00000000a2200000, 0x0000000100000000)
  region size 1024K, 4 young (4096K), 4 survivors (4096K)
 Metaspace       used 77949K, committed 79040K, reserved 1179648K
  class space    used 11603K, committed 12032K, reserved 1048576K
}
Event: 1591.915 GC heap before
{Heap before GC invocations=44 (full 3):
 garbage-first heap   total reserved 1538048K, committed 131072K, used 117509K [0x00000000a2200000, 0x0000000100000000)
  region size 1024K, 66 young (67584K), 4 survivors (4096K)
 Metaspace       used 77953K, committed 79040K, reserved 1179648K
  class space    used 11604K, committed 12032K, reserved 1048576K
}
Event: 1592.038 GC heap after
{Heap after GC invocations=45 (full 3):
 garbage-first heap   total reserved 1538048K, committed 131072K, used 44166K [0x00000000a2200000, 0x0000000100000000)
  region size 1024K, 4 young (4096K), 4 survivors (4096K)
 Metaspace       used 77953K, committed 79040K, reserved 1179648K
  class space    used 11604K, committed 12032K, reserved 1048576K
}
Event: 2062.410 GC heap before
{Heap before GC invocations=45 (full 3):
 garbage-first heap   total reserved 1538048K, committed 131072K, used 117894K [0x00000000a2200000, 0x0000000100000000)
  region size 1024K, 76 young (77824K), 4 survivors (4096K)
 Metaspace       used 77955K, committed 79040K, reserved 1179648K
  class space    used 11604K, committed 12032K, reserved 1048576K
}
Event: 2062.600 GC heap after
{Heap after GC invocations=46 (full 3):
 garbage-first heap   total reserved 1538048K, committed 131072K, used 44274K [0x00000000a2200000, 0x0000000100000000)
  region size 1024K, 4 young (4096K), 4 survivors (4096K)
 Metaspace       used 77955K, committed 79040K, reserved 1179648K
  class space    used 11604K, committed 12032K, reserved 1048576K
}
Event: 2431.787 GC heap before
{Heap before GC invocations=47 (full 3):
 garbage-first heap   total reserved 1538048K, committed 131072K, used 118002K [0x00000000a2200000, 0x0000000100000000)
  region size 1024K, 76 young (77824K), 4 survivors (4096K)
 Metaspace       used 81605K, committed 82304K, reserved 1179648K
  class space    used 12142K, committed 12416K, reserved 1048576K
}
Event: 2431.824 GC heap after
{Heap after GC invocations=48 (full 3):
 garbage-first heap   total reserved 1538048K, committed 131072K, used 45510K [0x00000000a2200000, 0x0000000100000000)
  region size 1024K, 6 young (6144K), 6 survivors (6144K)
 Metaspace       used 81605K, committed 82304K, reserved 1179648K
  class space    used 12142K, committed 12416K, reserved 1048576K
}
Event: 2889.676 GC heap before
{Heap before GC invocations=48 (full 3):
 garbage-first heap   total reserved 1538048K, committed 131072K, used 116166K [0x00000000a2200000, 0x0000000100000000)
  region size 1024K, 75 young (76800K), 6 survivors (6144K)
 Metaspace       used 81606K, committed 82304K, reserved 1179648K
  class space    used 12142K, committed 12416K, reserved 1048576K
}
Event: 2889.772 GC heap after
{Heap after GC invocations=49 (full 3):
 garbage-first heap   total reserved 1538048K, committed 131072K, used 43327K [0x00000000a2200000, 0x0000000100000000)
  region size 1024K, 5 young (5120K), 5 survivors (5120K)
 Metaspace       used 81606K, committed 82304K, reserved 1179648K
  class space    used 12142K, committed 12416K, reserved 1048576K
}
Event: 4588.869 GC heap before
{Heap before GC invocations=49 (full 3):
 garbage-first heap   total reserved 1538048K, committed 131072K, used 116031K [0x00000000a2200000, 0x0000000100000000)
  region size 1024K, 76 young (77824K), 5 survivors (5120K)
 Metaspace       used 81609K, committed 82368K, reserved 1179648K
  class space    used 12142K, committed 12480K, reserved 1048576K
}
Event: 4589.002 GC heap after
{Heap after GC invocations=50 (full 3):
 garbage-first heap   total reserved 1538048K, committed 131072K, used 43294K [0x00000000a2200000, 0x0000000100000000)
  region size 1024K, 5 young (5120K), 5 survivors (5120K)
 Metaspace       used 81609K, committed 82368K, reserved 1179648K
  class space    used 12142K, committed 12480K, reserved 1048576K
}
Event: 4921.129 GC heap before
{Heap before GC invocations=51 (full 3):
 garbage-first heap   total reserved 1538048K, committed 131072K, used 114974K [0x00000000a2200000, 0x0000000100000000)
  region size 1024K, 76 young (77824K), 5 survivors (5120K)
 Metaspace       used 82889K, committed 83712K, reserved 1179648K
  class space    used 12362K, committed 12736K, reserved 1048576K
}
Event: 4921.203 GC heap after
{Heap after GC invocations=52 (full 3):
 garbage-first heap   total reserved 1538048K, committed 131072K, used 45148K [0x00000000a2200000, 0x0000000100000000)
  region size 1024K, 7 young (7168K), 7 survivors (7168K)
 Metaspace       used 82889K, committed 83712K, reserved 1179648K
  class space    used 12362K, committed 12736K, reserved 1048576K
}
Event: 5165.199 GC heap before
{Heap before GC invocations=52 (full 3):
 garbage-first heap   total reserved 1538048K, committed 131072K, used 113756K [0x00000000a2200000, 0x0000000100000000)
  region size 1024K, 75 young (76800K), 7 survivors (7168K)
 Metaspace       used 88299K, committed 89152K, reserved 1179648K
  class space    used 13001K, committed 13376K, reserved 1048576K
}
Event: 5165.296 GC heap after
{Heap after GC invocations=53 (full 3):
 garbage-first heap   total reserved 1538048K, committed 131072K, used 46098K [0x00000000a2200000, 0x0000000100000000)
  region size 1024K, 6 young (6144K), 6 survivors (6144K)
 Metaspace       used 88299K, committed 89152K, reserved 1179648K
  class space    used 13001K, committed 13376K, reserved 1048576K
}
Event: 5337.160 GC heap before
{Heap before GC invocations=53 (full 3):
 garbage-first heap   total reserved 1538048K, committed 131072K, used 75794K [0x00000000a2200000, 0x0000000100000000)
  region size 1024K, 36 young (36864K), 6 survivors (6144K)
 Metaspace       used 88304K, committed 89152K, reserved 1179648K
  class space    used 13002K, committed 13376K, reserved 1048576K
}

